[1/10] Performing build step for 'bootloader'
[1/1] cd /home/orion/Documents/projects/espProjects/ESP_Dice/build/bootloader/esp-idf/esptool_py && /home/orion/esp/esp-idf/tools/python_env/idf5.1_py3.10_env/bin/python /home/orion/esp/esp-idf/components/partition_table/check_sizes.py --offset 0x8000 bootloader 0x1000 /home/orion/Documents/projects/espProjects/ESP_Dice/build/bootloader/bootloader.bin
Bootloader binary size 0x67e0 bytes. 0x820 bytes (7%) free.
[2/8] Building C object esp-idf/main/CMakeFiles/__idf_main.dir/main.c.obj
FAILED: esp-idf/main/CMakeFiles/__idf_main.dir/main.c.obj 
/home/orion/esp/esp-idf/tools/tools/xtensa-esp32-elf/esp-12.2.0_20230208/xtensa-esp32-elf/bin/xtensa-esp32-elf-gcc -DESP_PLATFORM -DIDF_VER=\"v5.1-dev-4375-g42261df71f\" -DMBEDTLS_CONFIG_FILE=\"mbedtls/esp_config.h\" -DSOC_MMU_PAGE_SIZE=CONFIG_MMU_PAGE_SIZE -DUNITY_INCLUDE_CONFIG_H -D_GNU_SOURCE -D_POSIX_READER_WRITER_LOCKS -I/home/orion/Documents/projects/espProjects/ESP_Dice/build/config -I/home/orion/Documents/projects/espProjects/ESP_Dice/main -I/home/orion/esp/esp-idf/components/newlib/platform_include -I/home/orion/esp/esp-idf/components/freertos/FreeRTOS-Kernel/include -I/home/orion/esp/esp-idf/components/freertos/FreeRTOS-Kernel/portable/xtensa/include -I/home/orion/esp/esp-idf/components/freertos/esp_additions/include/freertos -I/home/orion/esp/esp-idf/components/freertos/esp_additions/include -I/home/orion/esp/esp-idf/components/freertos/esp_additions/arch/xtensa/include -I/home/orion/esp/esp-idf/components/esp_hw_support/include -I/home/orion/esp/esp-idf/components/esp_hw_support/include/soc -I/home/orion/esp/esp-idf/components/esp_hw_support/include/soc/esp32 -I/home/orion/esp/esp-idf/components/esp_hw_support/port/esp32/. -I/home/orion/esp/esp-idf/components/esp_hw_support/port/esp32/private_include -I/home/orion/esp/esp-idf/components/heap/include -I/home/orion/esp/esp-idf/components/log/include -I/home/orion/esp/esp-idf/components/soc/include -I/home/orion/esp/esp-idf/components/soc/esp32 -I/home/orion/esp/esp-idf/components/soc/esp32/include -I/home/orion/esp/esp-idf/components/hal/esp32/include -I/home/orion/esp/esp-idf/components/hal/include -I/home/orion/esp/esp-idf/components/hal/platform_port/include -I/home/orion/esp/esp-idf/components/esp_rom/include -I/home/orion/esp/esp-idf/components/esp_rom/include/esp32 -I/home/orion/esp/esp-idf/components/esp_rom/esp32 -I/home/orion/esp/esp-idf/components/esp_common/include -I/home/orion/esp/esp-idf/components/esp_system/include -I/home/orion/esp/esp-idf/components/esp_system/port/soc -I/home/orion/esp/esp-idf/components/esp_system/port/include/private -I/home/orion/esp/esp-idf/components/xtensa/include -I/home/orion/esp/esp-idf/components/xtensa/esp32/include -I/home/orion/esp/esp-idf/components/lwip/include -I/home/orion/esp/esp-idf/components/lwip/include/apps -I/home/orion/esp/esp-idf/components/lwip/include/apps/sntp -I/home/orion/esp/esp-idf/components/lwip/lwip/src/include -I/home/orion/esp/esp-idf/components/lwip/port/include -I/home/orion/esp/esp-idf/components/lwip/port/freertos/include -I/home/orion/esp/esp-idf/components/lwip/port/esp32xx/include -I/home/orion/esp/esp-idf/components/lwip/port/esp32xx/include/arch -I/home/orion/esp/esp-idf/components/esp_ringbuf/include -I/home/orion/esp/esp-idf/components/efuse/include -I/home/orion/esp/esp-idf/components/efuse/esp32/include -I/home/orion/esp/esp-idf/components/driver/include -I/home/orion/esp/esp-idf/components/driver/deprecated -I/home/orion/esp/esp-idf/components/driver/analog_comparator/include -I/home/orion/esp/esp-idf/components/driver/dac/include -I/home/orion/esp/esp-idf/components/driver/gpio/include -I/home/orion/esp/esp-idf/components/driver/gptimer/include -I/home/orion/esp/esp-idf/components/driver/i2c/include -I/home/orion/esp/esp-idf/components/driver/i2s/include -I/home/orion/esp/esp-idf/components/driver/ledc/include -I/home/orion/esp/esp-idf/components/driver/mcpwm/include -I/home/orion/esp/esp-idf/components/driver/parlio/include -I/home/orion/esp/esp-idf/components/driver/pcnt/include -I/home/orion/esp/esp-idf/components/driver/rmt/include -I/home/orion/esp/esp-idf/components/driver/sdio_slave/include -I/home/orion/esp/esp-idf/components/driver/sdmmc/include -I/home/orion/esp/esp-idf/components/driver/sigma_delta/include -I/home/orion/esp/esp-idf/components/driver/spi/include -I/home/orion/esp/esp-idf/components/driver/temperature_sensor/include -I/home/orion/esp/esp-idf/components/driver/touch_sensor/include -I/home/orion/esp/esp-idf/components/driver/twai/include -I/home/orion/esp/esp-idf/components/driver/uart/include -I/home/orion/esp/esp-idf/components/driver/usb_serial_jtag/include -I/home/orion/esp/esp-idf/components/driver/touch_sensor/esp32/include -I/home/orion/esp/esp-idf/components/esp_pm/include -I/home/orion/esp/esp-idf/components/mbedtls/port/include -I/home/orion/esp/esp-idf/components/mbedtls/mbedtls/include -I/home/orion/esp/esp-idf/components/mbedtls/mbedtls/library -I/home/orion/esp/esp-idf/components/mbedtls/esp_crt_bundle/include -I/home/orion/esp/esp-idf/components/esp_app_format/include -I/home/orion/esp/esp-idf/components/bootloader_support/include -I/home/orion/esp/esp-idf/components/bootloader_support/bootloader_flash/include -I/home/orion/esp/esp-idf/components/esp_partition/include -I/home/orion/esp/esp-idf/components/app_update/include -I/home/orion/esp/esp-idf/components/esp_mm/include -I/home/orion/esp/esp-idf/components/spi_flash/include -I/home/orion/esp/esp-idf/components/pthread/include -I/home/orion/esp/esp-idf/components/esp_timer/include -I/home/orion/esp/esp-idf/components/app_trace/include -I/home/orion/esp/esp-idf/components/esp_event/include -I/home/orion/esp/esp-idf/components/nvs_flash/include -I/home/orion/esp/esp-idf/components/esp_phy/include -I/home/orion/esp/esp-idf/components/esp_phy/esp32/include -I/home/orion/esp/esp-idf/components/vfs/include -I/home/orion/esp/esp-idf/components/esp_netif/include -I/home/orion/esp/esp-idf/components/wpa_supplicant/include -I/home/orion/esp/esp-idf/components/wpa_supplicant/port/include -I/home/orion/esp/esp-idf/components/wpa_supplicant/esp_supplicant/include -I/home/orion/esp/esp-idf/components/esp_coex/include -I/home/orion/esp/esp-idf/components/esp_wifi/include -I/home/orion/esp/esp-idf/components/esp_wifi/wifi_apps/include -I/home/orion/esp/esp-idf/components/unity/include -I/home/orion/esp/esp-idf/components/unity/unity/src -I/home/orion/esp/esp-idf/components/cmock/CMock/src -I/home/orion/esp/esp-idf/components/console -I/home/orion/esp/esp-idf/components/http_parser -I/home/orion/esp/esp-idf/components/esp-tls -I/home/orion/esp/esp-idf/components/esp-tls/esp-tls-crypto -I/home/orion/esp/esp-idf/components/esp_adc/include -I/home/orion/esp/esp-idf/components/esp_adc/interface -I/home/orion/esp/esp-idf/components/esp_adc/esp32/include -I/home/orion/esp/esp-idf/components/esp_adc/deprecated/include -I/home/orion/esp/esp-idf/components/esp_eth/include -I/home/orion/esp/esp-idf/components/esp_gdbstub/include -I/home/orion/esp/esp-idf/components/esp_gdbstub/xtensa -I/home/orion/esp/esp-idf/components/esp_gdbstub/esp32 -I/home/orion/esp/esp-idf/components/esp_hid/include -I/home/orion/esp/esp-idf/components/tcp_transport/include -I/home/orion/esp/esp-idf/components/esp_http_client/include -I/home/orion/esp/esp-idf/components/esp_http_server/include -I/home/orion/esp/esp-idf/components/esp_https_ota/include -I/home/orion/esp/esp-idf/components/esp_lcd/include -I/home/orion/esp/esp-idf/components/esp_lcd/interface -I/home/orion/esp/esp-idf/components/protobuf-c/protobuf-c -I/home/orion/esp/esp-idf/components/protocomm/include/common -I/home/orion/esp/esp-idf/components/protocomm/include/security -I/home/orion/esp/esp-idf/components/protocomm/include/transports -I/home/orion/esp/esp-idf/components/esp_local_ctrl/include -I/home/orion/esp/esp-idf/components/esp_psram/include -I/home/orion/esp/esp-idf/components/espcoredump/include -I/home/orion/esp/esp-idf/components/espcoredump/include/port/xtensa -I/home/orion/esp/esp-idf/components/wear_levelling/include -I/home/orion/esp/esp-idf/components/sdmmc/include -I/home/orion/esp/esp-idf/components/fatfs/diskio -I/home/orion/esp/esp-idf/components/fatfs/vfs -I/home/orion/esp/esp-idf/components/fatfs/src -I/home/orion/esp/esp-idf/components/idf_test/include -I/home/orion/esp/esp-idf/components/idf_test/include/esp32 -I/home/orion/esp/esp-idf/components/ieee802154/include -I/home/orion/esp/esp-idf/components/json/cJSON -I/home/orion/esp/esp-idf/components/mqtt/esp-mqtt/include -I/home/orion/esp/esp-idf/components/perfmon/include -I/home/orion/esp/esp-idf/components/spiffs/include -I/home/orion/esp/esp-idf/components/ulp/ulp_common/include -I/home/orion/esp/esp-idf/components/ulp/ulp_common/include/esp32 -I/home/orion/esp/esp-idf/components/wifi_provisioning/include -mlongcalls -Wno-frame-address  -ffunction-sections -fdata-sections -Wall -Werror=all -Wno-error=unused-function -Wno-error=unused-variable -Wno-error=unused-but-set-variable -Wno-error=deprecated-declarations -Wextra -Wno-unused-parameter -Wno-sign-compare -Wno-enum-conversion -gdwarf-4 -ggdb -Og -fmacro-prefix-map=/home/orion/Documents/projects/espProjects/ESP_Dice=. -fmacro-prefix-map=/home/orion/esp/esp-idf=/IDF -fstrict-volatile-bitfields -fno-jump-tables -fno-tree-switch-conversion -DconfigENABLE_FREERTOS_DEBUG_OCDAWARE=1 -std=gnu17 -Wno-old-style-declaration -MD -MT esp-idf/main/CMakeFiles/__idf_main.dir/main.c.obj -MF esp-idf/main/CMakeFiles/__idf_main.dir/main.c.obj.d -o esp-idf/main/CMakeFiles/__idf_main.dir/main.c.obj -c /home/orion/Documents/projects/espProjects/ESP_Dice/main/main.c
In file included from /home/orion/Documents/projects/espProjects/ESP_Dice/main/main.c:3:
/home/orion/esp/esp-idf/components/freertos/FreeRTOS-Kernel/include/freertos/task.h:40:6: error: #error "include FreeRTOS.h must appear in source files before include task.h"
   40 |     #error "include FreeRTOS.h must appear in source files before include task.h"
      |      ^~~~~
In file included from /home/orion/esp/esp-idf/components/freertos/FreeRTOS-Kernel/include/freertos/task.h:43:
/home/orion/esp/esp-idf/components/freertos/FreeRTOS-Kernel/include/freertos/list.h:67:6: error: #error "FreeRTOS.h must be included before list.h"
   67 |     #error "FreeRTOS.h must be included before list.h"
      |      ^~~~~
/home/orion/esp/esp-idf/components/freertos/FreeRTOS-Kernel/include/freertos/list.h:152:25: error: unknown type name 'TickType_t'
  152 |     configLIST_VOLATILE TickType_t xItemValue;              /*< The value being listed.  In most cases this is used to sort the list in descending order. */
      |                         ^~~~~~~~~~
/home/orion/esp/esp-idf/components/freertos/FreeRTOS-Kernel/include/freertos/list.h:164:25: error: unknown type name 'TickType_t'
  164 |     configLIST_VOLATILE TickType_t xItemValue;
      |                         ^~~~~~~~~~
/home/orion/esp/esp-idf/components/freertos/FreeRTOS-Kernel/include/freertos/list.h:176:14: error: unknown type name 'UBaseType_t'
  176 |     volatile UBaseType_t uxNumberOfItems;
      |              ^~~~~~~~~~~
/home/orion/esp/esp-idf/components/freertos/FreeRTOS-Kernel/include/freertos/list.h: In function 'vListInitialise':
/home/orion/esp/esp-idf/components/freertos/FreeRTOS-Kernel/include/freertos/list.h:354:47: error: expected declaration specifiers before 'PRIVILEGED_FUNCTION'
  354 | void vListInitialise( List_t * const pxList ) PRIVILEGED_FUNCTION;
      |                                               ^~~~~~~~~~~~~~~~~~~
/home/orion/esp/esp-idf/components/freertos/FreeRTOS-Kernel/include/freertos/list.h:365:55: error: expected '=', ',', ';', 'asm' or '__attribute__' before 'PRIVILEGED_FUNCTION'
  365 | void vListInitialiseItem( ListItem_t * const pxItem ) PRIVILEGED_FUNCTION;
      |                                                       ^~~~~~~~~~~~~~~~~~~
/home/orion/esp/esp-idf/components/freertos/FreeRTOS-Kernel/include/freertos/list.h:379:54: error: expected '=', ',', ';', 'asm' or '__attribute__' before 'PRIVILEGED_FUNCTION'
  379 |                   ListItem_t * const pxNewListItem ) PRIVILEGED_FUNCTION;
      |                                                      ^~~~~~~~~~~~~~~~~~~
/home/orion/esp/esp-idf/components/freertos/FreeRTOS-Kernel/include/freertos/list.h:401:57: error: expected '=', ',', ';', 'asm' or '__attribute__' before 'PRIVILEGED_FUNCTION'
  401 |                      ListItem_t * const pxNewListItem ) PRIVILEGED_FUNCTION;
      |                                                         ^~~~~~~~~~~~~~~~~~~
/home/orion/esp/esp-idf/components/freertos/FreeRTOS-Kernel/include/freertos/list.h:416:1: error: unknown type name 'UBaseType_t'
  416 | UBaseType_t uxListRemove( ListItem_t * const pxItemToRemove ) PRIVILEGED_FUNCTION;
      | ^~~~~~~~~~~
/home/orion/esp/esp-idf/components/freertos/FreeRTOS-Kernel/include/freertos/list.h:416:63: error: expected '=', ',', ';', 'asm' or '__attribute__' before 'PRIVILEGED_FUNCTION'
  416 | UBaseType_t uxListRemove( ListItem_t * const pxItemToRemove ) PRIVILEGED_FUNCTION;
      |                                                               ^~~~~~~~~~~~~~~~~~~
/home/orion/esp/esp-idf/components/freertos/FreeRTOS-Kernel/include/freertos/task.h:89:1: warning: empty declaration
   89 | struct tskTaskControlBlock;     /* The old naming convention is used to prevent breaking kernel aware debuggers. */
      | ^~~~~~
/home/orion/esp/esp-idf/components/freertos/FreeRTOS-Kernel/include/freertos/task.h:90:38: error: storage class specified for parameter 'TaskHandle_t'
   90 | typedef struct tskTaskControlBlock * TaskHandle_t;
      |                                      ^~~~~~~~~~~~
/home/orion/esp/esp-idf/components/freertos/FreeRTOS-Kernel/include/freertos/task.h:96:21: error: expected declaration specifiers or '...' before '*' token
   96 | typedef BaseType_t (* TaskHookFunction_t)( void * );
      |                     ^
/home/orion/esp/esp-idf/components/freertos/FreeRTOS-Kernel/include/freertos/task.h:107:3: error: storage class specified for parameter 'eTaskState'
  107 | } eTaskState;
      |   ^~~~~~~~~~
/home/orion/esp/esp-idf/components/freertos/FreeRTOS-Kernel/include/freertos/task.h:117:3: error: storage class specified for parameter 'eNotifyAction'
  117 | } eNotifyAction;
      |   ^~~~~~~~~~~~~
/home/orion/esp/esp-idf/components/freertos/FreeRTOS-Kernel/include/freertos/task.h:126:5: error: unknown type name 'BaseType_t'
  126 |     BaseType_t xOverflowCount;
      |     ^~~~~~~~~~
/home/orion/esp/esp-idf/components/freertos/FreeRTOS-Kernel/include/freertos/task.h:127:5: error: unknown type name 'TickType_t'
  127 |     TickType_t xTimeOnEntering;
      |     ^~~~~~~~~~
/home/orion/esp/esp-idf/components/freertos/FreeRTOS-Kernel/include/freertos/task.h:128:3: error: storage class specified for parameter 'TimeOut_t'
  128 | } TimeOut_t;
      |   ^~~~~~~~~
/home/orion/esp/esp-idf/components/freertos/FreeRTOS-Kernel/include/freertos/task.h:138:3: error: storage class specified for parameter 'MemoryRegion_t'
  138 | } MemoryRegion_t;
      |   ^~~~~~~~~~~~~~
/home/orion/esp/esp-idf/components/freertos/FreeRTOS-Kernel/include/freertos/task.h:145:5: error: unknown type name 'TaskFunction_t'
  145 |     TaskFunction_t pvTaskCode;
      |     ^~~~~~~~~~~~~~
/home/orion/esp/esp-idf/components/freertos/FreeRTOS-Kernel/include/freertos/task.h:147:5: error: unknown type name 'configSTACK_DEPTH_TYPE'
  147 |     configSTACK_DEPTH_TYPE usStackDepth;
      |     ^~~~~~~~~~~~~~~~~~~~~~
/home/orion/esp/esp-idf/components/freertos/FreeRTOS-Kernel/include/freertos/task.h:149:5: error: unknown type name 'UBaseType_t'
  149 |     UBaseType_t uxPriority;
      |     ^~~~~~~~~~~
/home/orion/esp/esp-idf/components/freertos/FreeRTOS-Kernel/include/freertos/task.h:150:5: error: unknown type name 'StackType_t'
  150 |     StackType_t * puxStackBuffer;
      |     ^~~~~~~~~~~
/home/orion/esp/esp-idf/components/freertos/FreeRTOS-Kernel/include/freertos/task.h:151:5: error: expected specifier-qualifier-list before 'MemoryRegion_t'
  151 |     MemoryRegion_t xRegions[ portNUM_CONFIGURABLE_REGIONS ];
      |     ^~~~~~~~~~~~~~
/home/orion/esp/esp-idf/components/freertos/FreeRTOS-Kernel/include/freertos/task.h:155:3: error: storage class specified for parameter 'TaskParameters_t'
  155 | } TaskParameters_t;
      |   ^~~~~~~~~~~~~~~~
/home/orion/esp/esp-idf/components/freertos/FreeRTOS-Kernel/include/freertos/task.h:161:5: error: expected specifier-qualifier-list before 'TaskHandle_t'
  161 |     TaskHandle_t xHandle;                            /* The handle of the task to which the rest of the information in the structure relates. */
      |     ^~~~~~~~~~~~
/home/orion/esp/esp-idf/components/freertos/FreeRTOS-Kernel/include/freertos/task.h:173:3: error: storage class specified for parameter 'TaskStatus_t'
  173 | } TaskStatus_t;
      |   ^~~~~~~~~~~~
/home/orion/esp/esp-idf/components/freertos/FreeRTOS-Kernel/include/freertos/task.h:185:3: error: storage class specified for parameter 'eSleepModeStatus'
  185 | } eSleepModeStatus;
      |   ^~~~~~~~~~~~~~~~
/home/orion/esp/esp-idf/components/freertos/FreeRTOS-Kernel/include/freertos/task.h:951:31: error: expected declaration specifiers or '...' before 'TaskHandle_t'
  951 | void vTaskAllocateMPURegions( TaskHandle_t xTask,
      |                               ^~~~~~~~~~~~
/home/orion/esp/esp-idf/components/freertos/FreeRTOS-Kernel/include/freertos/task.h:952:37: error: type defaults to 'int' in declaration of 'MemoryRegion_t' [-Werror=implicit-int]
  952 |                               const MemoryRegion_t * const pxRegions ) PRIVILEGED_FUNCTION;
      |                                     ^~~~~~~~~~~~~~
/home/orion/esp/esp-idf/components/freertos/FreeRTOS-Kernel/include/freertos/task.h:952:52: error: expected ';', ',' or ')' before '*' token
  952 |                               const MemoryRegion_t * const pxRegions ) PRIVILEGED_FUNCTION;
      |                                                    ^
/home/orion/esp/esp-idf/components/freertos/FreeRTOS-Kernel/include/freertos/task.h:999:19: error: expected declaration specifiers or '...' before 'TaskHandle_t'
  999 | void vTaskDelete( TaskHandle_t xTaskToDelete ) PRIVILEGED_FUNCTION;
      |                   ^~~~~~~~~~~~
/home/orion/esp/esp-idf/components/freertos/FreeRTOS-Kernel/include/freertos/task.h:1058:24: error: unknown type name 'TickType_t'
 1058 | void vTaskDelay( const TickType_t xTicksToDelay ) PRIVILEGED_FUNCTION;
      |                        ^~~~~~~~~~
/home/orion/esp/esp-idf/components/freertos/FreeRTOS-Kernel/include/freertos/task.h:1058:51: error: expected '=', ',', ';', 'asm' or '__attribute__' before 'PRIVILEGED_FUNCTION'
 1058 | void vTaskDelay( const TickType_t xTicksToDelay ) PRIVILEGED_FUNCTION;
      |                                                   ^~~~~~~~~~~~~~~~~~~
/home/orion/esp/esp-idf/components/freertos/FreeRTOS-Kernel/include/freertos/task.h:1129:1: error: unknown type name 'BaseType_t'
 1129 | BaseType_t xTaskDelayUntil( TickType_t * const pxPreviousWakeTime,
      | ^~~~~~~~~~
/home/orion/esp/esp-idf/components/freertos/FreeRTOS-Kernel/include/freertos/task.h:1129:29: error: unknown type name 'TickType_t'
 1129 | BaseType_t xTaskDelayUntil( TickType_t * const pxPreviousWakeTime,
      |                             ^~~~~~~~~~
/home/orion/esp/esp-idf/components/freertos/FreeRTOS-Kernel/include/freertos/task.h:1130:35: error: unknown type name 'TickType_t'
 1130 |                             const TickType_t xTimeIncrement ) PRIVILEGED_FUNCTION;
      |                                   ^~~~~~~~~~
/home/orion/esp/esp-idf/components/freertos/FreeRTOS-Kernel/include/freertos/task.h:1176:1: error: unknown type name 'BaseType_t'
 1176 | BaseType_t xTaskAbortDelay( TaskHandle_t xTask ) PRIVILEGED_FUNCTION;
      | ^~~~~~~~~~
/home/orion/esp/esp-idf/components/freertos/FreeRTOS-Kernel/include/freertos/task.h:1176:29: error: expected declaration specifiers or '...' before 'TaskHandle_t'
 1176 | BaseType_t xTaskAbortDelay( TaskHandle_t xTask ) PRIVILEGED_FUNCTION;
      |                             ^~~~~~~~~~~~
/home/orion/esp/esp-idf/components/freertos/FreeRTOS-Kernel/include/freertos/task.h:1229:1: error: unknown type name 'UBaseType_t'
 1229 | UBaseType_t uxTaskPriorityGet( const TaskHandle_t xTask ) PRIVILEGED_FUNCTION;
      | ^~~~~~~~~~~
/home/orion/esp/esp-idf/components/freertos/FreeRTOS-Kernel/include/freertos/task.h:1229:38: error: type defaults to 'int' in declaration of 'TaskHandle_t' [-Werror=implicit-int]
 1229 | UBaseType_t uxTaskPriorityGet( const TaskHandle_t xTask ) PRIVILEGED_FUNCTION;
      |                                      ^~~~~~~~~~~~
/home/orion/esp/esp-idf/components/freertos/FreeRTOS-Kernel/include/freertos/task.h:1229:51: error: expected ';', ',' or ')' before 'xTask'
 1229 | UBaseType_t uxTaskPriorityGet( const TaskHandle_t xTask ) PRIVILEGED_FUNCTION;
      |                                                   ^~~~~
/home/orion/esp/esp-idf/components/freertos/FreeRTOS-Kernel/include/freertos/task.h:1241:1: error: unknown type name 'UBaseType_t'
 1241 | UBaseType_t uxTaskPriorityGetFromISR( const TaskHandle_t xTask ) PRIVILEGED_FUNCTION;
      | ^~~~~~~~~~~
/home/orion/esp/esp-idf/components/freertos/FreeRTOS-Kernel/include/freertos/task.h:1241:45: error: type defaults to 'int' in declaration of 'TaskHandle_t' [-Werror=implicit-int]
 1241 | UBaseType_t uxTaskPriorityGetFromISR( const TaskHandle_t xTask ) PRIVILEGED_FUNCTION;
      |                                             ^~~~~~~~~~~~
/home/orion/esp/esp-idf/components/freertos/FreeRTOS-Kernel/include/freertos/task.h:1241:58: error: expected ';', ',' or ')' before 'xTask'
 1241 | UBaseType_t uxTaskPriorityGetFromISR( const TaskHandle_t xTask ) PRIVILEGED_FUNCTION;
      |                                                          ^~~~~
/home/orion/esp/esp-idf/components/freertos/FreeRTOS-Kernel/include/freertos/task.h:1263:1: error: expected declaration specifiers before 'eTaskState'
 1263 | eTaskState eTaskGetState( TaskHandle_t xTask ) PRIVILEGED_FUNCTION;
      | ^~~~~~~~~~
/home/orion/esp/esp-idf/components/freertos/FreeRTOS-Kernel/include/freertos/task.h:1325:20: error: expected declaration specifiers or '...' before 'TaskHandle_t'
 1325 | void vTaskGetInfo( TaskHandle_t xTask,
      |                    ^~~~~~~~~~~~
/home/orion/esp/esp-idf/components/freertos/FreeRTOS-Kernel/include/freertos/task.h:1326:20: error: expected declaration specifiers or '...' before 'TaskStatus_t'
 1326 |                    TaskStatus_t * pxTaskStatus,
      |                    ^~~~~~~~~~~~
/home/orion/esp/esp-idf/components/freertos/FreeRTOS-Kernel/include/freertos/task.h:1327:20: error: unknown type name 'BaseType_t'
 1327 |                    BaseType_t xGetFreeStackSpace,
      |                    ^~~~~~~~~~
/home/orion/esp/esp-idf/components/freertos/FreeRTOS-Kernel/include/freertos/task.h:1328:20: error: expected declaration specifiers or '...' before 'eTaskState'
 1328 |                    eTaskState eState ) PRIVILEGED_FUNCTION;
      |                    ^~~~~~~~~~
/home/orion/esp/esp-idf/components/freertos/FreeRTOS-Kernel/include/freertos/task.h:1376:24: error: expected declaration specifiers or '...' before 'TaskHandle_t'
 1376 | void vTaskPrioritySet( TaskHandle_t xTask,
      |                        ^~~~~~~~~~~~
/home/orion/esp/esp-idf/components/freertos/FreeRTOS-Kernel/include/freertos/task.h:1377:24: error: unknown type name 'UBaseType_t'
 1377 |                        UBaseType_t uxNewPriority ) PRIVILEGED_FUNCTION;
      |                        ^~~~~~~~~~~
/home/orion/esp/esp-idf/components/freertos/FreeRTOS-Kernel/include/freertos/task.h:1434:20: error: expected declaration specifiers or '...' before 'TaskHandle_t'
 1434 | void vTaskSuspend( TaskHandle_t xTaskToSuspend ) PRIVILEGED_FUNCTION;
      |                    ^~~~~~~~~~~~
/home/orion/esp/esp-idf/components/freertos/FreeRTOS-Kernel/include/freertos/task.h:1489:19: error: expected declaration specifiers or '...' before 'TaskHandle_t'
 1489 | void vTaskResume( TaskHandle_t xTaskToResume ) PRIVILEGED_FUNCTION;
      |                   ^~~~~~~~~~~~
/home/orion/esp/esp-idf/components/freertos/FreeRTOS-Kernel/include/freertos/task.h:1524:1: error: unknown type name 'BaseType_t'
 1524 | BaseType_t xTaskResumeFromISR( TaskHandle_t xTaskToResume ) PRIVILEGED_FUNCTION;
      | ^~~~~~~~~~
/home/orion/esp/esp-idf/components/freertos/FreeRTOS-Kernel/include/freertos/task.h:1524:32: error: expected declaration specifiers or '...' before 'TaskHandle_t'
 1524 | BaseType_t xTaskResumeFromISR( TaskHandle_t xTaskToResume ) PRIVILEGED_FUNCTION;
      |                                ^~~~~~~~~~~~
/home/orion/esp/esp-idf/components/freertos/FreeRTOS-Kernel/include/freertos/task.h:1568:34: error: expected '=', ',', ';', 'asm' or '__attribute__' before 'PRIVILEGED_FUNCTION'
 1568 | void vTaskStartScheduler( void ) PRIVILEGED_FUNCTION;
      |                                  ^~~~~~~~~~~~~~~~~~~
/home/orion/esp/esp-idf/components/freertos/FreeRTOS-Kernel/include/freertos/task.h:1630:32: error: expected '=', ',', ';', 'asm' or '__attribute__' before 'PRIVILEGED_FUNCTION'
 1630 | void vTaskEndScheduler( void ) PRIVILEGED_FUNCTION;
      |                                ^~~~~~~~~~~~~~~~~~~
/home/orion/esp/esp-idf/components/freertos/FreeRTOS-Kernel/include/freertos/task.h:1689:30: error: expected '=', ',', ';', 'asm' or '__attribute__' before 'PRIVILEGED_FUNCTION'
 1689 | void vTaskSuspendAll( void ) PRIVILEGED_FUNCTION;
      |                              ^~~~~~~~~~~~~~~~~~~
/home/orion/esp/esp-idf/components/freertos/FreeRTOS-Kernel/include/freertos/task.h:1749:1: error: unknown type name 'BaseType_t'
 1749 | BaseType_t xTaskResumeAll( void ) PRIVILEGED_FUNCTION;
      | ^~~~~~~~~~
/home/orion/esp/esp-idf/components/freertos/FreeRTOS-Kernel/include/freertos/task.h:1749:35: error: expected '=', ',', ';', 'asm' or '__attribute__' before 'PRIVILEGED_FUNCTION'
 1749 | BaseType_t xTaskResumeAll( void ) PRIVILEGED_FUNCTION;
      |                                   ^~~~~~~~~~~~~~~~~~~
/home/orion/esp/esp-idf/components/freertos/FreeRTOS-Kernel/include/freertos/task.h:1770:1: error: unknown type name 'TickType_t'
 1770 | TickType_t xTaskGetTickCount( void ) PRIVILEGED_FUNCTION;
      | ^~~~~~~~~~
/home/orion/esp/esp-idf/components/freertos/FreeRTOS-Kernel/include/freertos/task.h:1770:38: error: expected '=', ',', ';', 'asm' or '__attribute__' before 'PRIVILEGED_FUNCTION'
 1770 | TickType_t xTaskGetTickCount( void ) PRIVILEGED_FUNCTION;
      |                                      ^~~~~~~~~~~~~~~~~~~
/home/orion/esp/esp-idf/components/freertos/FreeRTOS-Kernel/include/freertos/task.h:1792:1: error: unknown type name 'TickType_t'
 1792 | TickType_t xTaskGetTickCountFromISR( void ) PRIVILEGED_FUNCTION;
      | ^~~~~~~~~~
/home/orion/esp/esp-idf/components/freertos/FreeRTOS-Kernel/include/freertos/task.h:1792:45: error: expected '=', ',', ';', 'asm' or '__attribute__' before 'PRIVILEGED_FUNCTION'
 1792 | TickType_t xTaskGetTickCountFromISR( void ) PRIVILEGED_FUNCTION;
      |                                             ^~~~~~~~~~~~~~~~~~~
/home/orion/esp/esp-idf/components/freertos/FreeRTOS-Kernel/include/freertos/task.h:1812:1: error: unknown type name 'UBaseType_t'
 1812 | UBaseType_t uxTaskGetNumberOfTasks( void ) PRIVILEGED_FUNCTION;
      | ^~~~~~~~~~~
/home/orion/esp/esp-idf/components/freertos/FreeRTOS-Kernel/include/freertos/task.h:1812:44: error: expected '=', ',', ';', 'asm' or '__attribute__' before 'PRIVILEGED_FUNCTION'
 1812 | UBaseType_t uxTaskGetNumberOfTasks( void ) PRIVILEGED_FUNCTION;
      |                                            ^~~~~~~~~~~~~~~~~~~
/home/orion/esp/esp-idf/components/freertos/FreeRTOS-Kernel/include/freertos/task.h:1831:23: error: expected declaration specifiers or '...' before 'TaskHandle_t'
 1831 | char * pcTaskGetName( TaskHandle_t xTaskToQuery ) PRIVILEGED_FUNCTION;     /*lint !e971 Unqualified char types are allowed for strings and single characters only. */
      |                       ^~~~~~~~~~~~
/home/orion/esp/esp-idf/components/freertos/FreeRTOS-Kernel/include/freertos/task.h:1853:1: error: expected declaration specifiers before 'TaskHandle_t'
 1853 | TaskHandle_t xTaskGetHandle( const char * pcNameToQuery ) PRIVILEGED_FUNCTION;     /*lint !e971 Unqualified char types are allowed for strings and single characters only. */
      | ^~~~~~~~~~~~
/home/orion/esp/esp-idf/components/freertos/FreeRTOS-Kernel/include/freertos/task.h:1886:1: error: unknown type name 'UBaseType_t'
 1886 | UBaseType_t uxTaskGetStackHighWaterMark( TaskHandle_t xTask ) PRIVILEGED_FUNCTION;
      | ^~~~~~~~~~~
/home/orion/esp/esp-idf/components/freertos/FreeRTOS-Kernel/include/freertos/task.h:1886:42: error: expected declaration specifiers or '...' before 'TaskHandle_t'
 1886 | UBaseType_t uxTaskGetStackHighWaterMark( TaskHandle_t xTask ) PRIVILEGED_FUNCTION;
      |                                          ^~~~~~~~~~~~
/home/orion/esp/esp-idf/components/freertos/FreeRTOS-Kernel/include/freertos/task.h:1919:1: error: unknown type name 'configSTACK_DEPTH_TYPE'
 1919 | configSTACK_DEPTH_TYPE uxTaskGetStackHighWaterMark2( TaskHandle_t xTask ) PRIVILEGED_FUNCTION;
      | ^~~~~~~~~~~~~~~~~~~~~~
/home/orion/esp/esp-idf/components/freertos/FreeRTOS-Kernel/include/freertos/task.h:1919:54: error: expected declaration specifiers or '...' before 'TaskHandle_t'
 1919 | configSTACK_DEPTH_TYPE uxTaskGetStackHighWaterMark2( TaskHandle_t xTask ) PRIVILEGED_FUNCTION;
      |                                                      ^~~~~~~~~~~~
/home/orion/esp/esp-idf/components/freertos/FreeRTOS-Kernel/include/freertos/task.h:1934:32: error: expected declaration specifiers or '...' before 'TaskHandle_t'
 1934 | uint8_t * pxTaskGetStackStart( TaskHandle_t xTask ) PRIVILEGED_FUNCTION;
      |                                ^~~~~~~~~~~~
/home/orion/esp/esp-idf/components/freertos/FreeRTOS-Kernel/include/freertos/task.h:2136:1: error: unknown type name 'BaseType_t'
 2136 | BaseType_t xTaskCallApplicationTaskHook( TaskHandle_t xTask,
      | ^~~~~~~~~~
/home/orion/esp/esp-idf/components/freertos/FreeRTOS-Kernel/include/freertos/task.h:2136:42: error: expected declaration specifiers or '...' before 'TaskHandle_t'
 2136 | BaseType_t xTaskCallApplicationTaskHook( TaskHandle_t xTask,
      |                                          ^~~~~~~~~~~~
/home/orion/esp/esp-idf/components/freertos/FreeRTOS-Kernel/include/freertos/task.h:2146:1: error: expected declaration specifiers before 'TaskHandle_t'
 2146 | TaskHandle_t xTaskGetIdleTaskHandle( void ) PRIVILEGED_FUNCTION;
      | ^~~~~~~~~~~~
/home/orion/esp/esp-idf/components/freertos/FreeRTOS-Kernel/include/freertos/task.h:2245:1: error: unknown type name 'UBaseType_t'
 2245 | UBaseType_t uxTaskGetSystemState( TaskStatus_t * const pxTaskStatusArray,
      | ^~~~~~~~~~~
/home/orion/esp/esp-idf/components/freertos/FreeRTOS-Kernel/include/freertos/task.h:2245:35: error: expected declaration specifiers or '...' before 'TaskStatus_t'
 2245 | UBaseType_t uxTaskGetSystemState( TaskStatus_t * const pxTaskStatusArray,
      |                                   ^~~~~~~~~~~~
/home/orion/esp/esp-idf/components/freertos/FreeRTOS-Kernel/include/freertos/task.h:2246:41: error: unknown type name 'UBaseType_t'
 2246 |                                   const UBaseType_t uxArraySize,
      |                                         ^~~~~~~~~~~
/home/orion/esp/esp-idf/components/freertos/FreeRTOS-Kernel/include/freertos/task.h:2302:40: error: expected '=', ',', ';', 'asm' or '__attribute__' before 'PRIVILEGED_FUNCTION'
 2302 | void vTaskList( char * pcWriteBuffer ) PRIVILEGED_FUNCTION;     /*lint !e971 Unqualified char types are allowed for strings and single characters only. */
      |                                        ^~~~~~~~~~~~~~~~~~~
/home/orion/esp/esp-idf/components/freertos/FreeRTOS-Kernel/include/freertos/task.h:2364:51: error: expected '=', ',', ';', 'asm' or '__attribute__' before 'PRIVILEGED_FUNCTION'
 2364 | void vTaskGetRunTimeStats( char * pcWriteBuffer ) PRIVILEGED_FUNCTION;     /*lint !e971 Unqualified char types are allowed for strings and single characters only. */
      |                                                   ^~~~~~~~~~~~~~~~~~~
/home/orion/esp/esp-idf/components/freertos/FreeRTOS-Kernel/include/freertos/task.h:2400:46: error: expected '=', ',', ';', 'asm' or '__attribute__' before 'PRIVILEGED_FUNCTION'
 2400 | uint32_t ulTaskGetIdleRunTimeCounter( void ) PRIVILEGED_FUNCTION;
      |                                              ^~~~~~~~~~~~~~~~~~~
/home/orion/esp/esp-idf/components/freertos/FreeRTOS-Kernel/include/freertos/task.h:2515:1: error: unknown type name 'BaseType_t'
 2515 | BaseType_t xTaskGenericNotify( TaskHandle_t xTaskToNotify,
      | ^~~~~~~~~~
/home/orion/esp/esp-idf/components/freertos/FreeRTOS-Kernel/include/freertos/task.h:2515:32: error: expected declaration specifiers or '...' before 'TaskHandle_t'
 2515 | BaseType_t xTaskGenericNotify( TaskHandle_t xTaskToNotify,
      |                                ^~~~~~~~~~~~
/home/orion/esp/esp-idf/components/freertos/FreeRTOS-Kernel/include/freertos/task.h:2516:32: error: unknown type name 'UBaseType_t'
 2516 |                                UBaseType_t uxIndexToNotify,
      |                                ^~~~~~~~~~~
/home/orion/esp/esp-idf/components/freertos/FreeRTOS-Kernel/include/freertos/task.h:2518:32: error: expected declaration specifiers or '...' before 'eNotifyAction'
 2518 |                                eNotifyAction eAction,
      |                                ^~~~~~~~~~~~~
/home/orion/esp/esp-idf/components/freertos/FreeRTOS-Kernel/include/freertos/task.h:2679:1: error: unknown type name 'BaseType_t'
 2679 | BaseType_t xTaskGenericNotifyFromISR( TaskHandle_t xTaskToNotify,
      | ^~~~~~~~~~
/home/orion/esp/esp-idf/components/freertos/FreeRTOS-Kernel/include/freertos/task.h:2679:39: error: expected declaration specifiers or '...' before 'TaskHandle_t'
 2679 | BaseType_t xTaskGenericNotifyFromISR( TaskHandle_t xTaskToNotify,
      |                                       ^~~~~~~~~~~~
/home/orion/esp/esp-idf/components/freertos/FreeRTOS-Kernel/include/freertos/task.h:2680:39: error: unknown type name 'UBaseType_t'
 2680 |                                       UBaseType_t uxIndexToNotify,
      |                                       ^~~~~~~~~~~
/home/orion/esp/esp-idf/components/freertos/FreeRTOS-Kernel/include/freertos/task.h:2682:39: error: expected declaration specifiers or '...' before 'eNotifyAction'
 2682 |                                       eNotifyAction eAction,
      |                                       ^~~~~~~~~~~~~
/home/orion/esp/esp-idf/components/freertos/FreeRTOS-Kernel/include/freertos/task.h:2684:39: error: unknown type name 'BaseType_t'
 2684 |                                       BaseType_t * pxHigherPriorityTaskWoken ) PRIVILEGED_FUNCTION;
      |                                       ^~~~~~~~~~
/home/orion/esp/esp-idf/components/freertos/FreeRTOS-Kernel/include/freertos/task.h:2832:1: error: unknown type name 'BaseType_t'
 2832 | BaseType_t xTaskGenericNotifyWait( UBaseType_t uxIndexToWaitOn,
      | ^~~~~~~~~~
/home/orion/esp/esp-idf/components/freertos/FreeRTOS-Kernel/include/freertos/task.h:2832:36: error: unknown type name 'UBaseType_t'
 2832 | BaseType_t xTaskGenericNotifyWait( UBaseType_t uxIndexToWaitOn,
      |                                    ^~~~~~~~~~~
/home/orion/esp/esp-idf/components/freertos/FreeRTOS-Kernel/include/freertos/task.h:2836:36: error: unknown type name 'TickType_t'
 2836 |                                    TickType_t xTicksToWait ) PRIVILEGED_FUNCTION;
      |                                    ^~~~~~~~~~
/home/orion/esp/esp-idf/components/freertos/FreeRTOS-Kernel/include/freertos/task.h:3006:37: error: expected declaration specifiers or '...' before 'TaskHandle_t'
 3006 | void vTaskGenericNotifyGiveFromISR( TaskHandle_t xTaskToNotify,
      |                                     ^~~~~~~~~~~~
/home/orion/esp/esp-idf/components/freertos/FreeRTOS-Kernel/include/freertos/task.h:3007:37: error: unknown type name 'UBaseType_t'
 3007 |                                     UBaseType_t uxIndexToNotify,
      |                                     ^~~~~~~~~~~
/home/orion/esp/esp-idf/components/freertos/FreeRTOS-Kernel/include/freertos/task.h:3008:37: error: unknown type name 'BaseType_t'
 3008 |                                     BaseType_t * pxHigherPriorityTaskWoken ) PRIVILEGED_FUNCTION;
      |                                     ^~~~~~~~~~
/home/orion/esp/esp-idf/components/freertos/FreeRTOS-Kernel/include/freertos/task.h:3116:35: error: unknown type name 'UBaseType_t'
 3116 | uint32_t ulTaskGenericNotifyTake( UBaseType_t uxIndexToWaitOn,
      |                                   ^~~~~~~~~~~
/home/orion/esp/esp-idf/components/freertos/FreeRTOS-Kernel/include/freertos/task.h:3117:35: error: unknown type name 'BaseType_t'
 3117 |                                   BaseType_t xClearCountOnExit,
      |                                   ^~~~~~~~~~
/home/orion/esp/esp-idf/components/freertos/FreeRTOS-Kernel/include/freertos/task.h:3118:35: error: unknown type name 'TickType_t'
 3118 |                                   TickType_t xTicksToWait ) PRIVILEGED_FUNCTION;
      |                                   ^~~~~~~~~~
/home/orion/esp/esp-idf/components/freertos/FreeRTOS-Kernel/include/freertos/task.h:3185:1: error: unknown type name 'BaseType_t'
 3185 | BaseType_t xTaskGenericNotifyStateClear( TaskHandle_t xTask,
      | ^~~~~~~~~~
/home/orion/esp/esp-idf/components/freertos/FreeRTOS-Kernel/include/freertos/task.h:3185:42: error: expected declaration specifiers or '...' before 'TaskHandle_t'
 3185 | BaseType_t xTaskGenericNotifyStateClear( TaskHandle_t xTask,
      |                                          ^~~~~~~~~~~~
/home/orion/esp/esp-idf/components/freertos/FreeRTOS-Kernel/include/freertos/task.h:3186:42: error: unknown type name 'UBaseType_t'
 3186 |                                          UBaseType_t uxIndexToClear ) PRIVILEGED_FUNCTION;
      |                                          ^~~~~~~~~~~
/home/orion/esp/esp-idf/components/freertos/FreeRTOS-Kernel/include/freertos/task.h:3254:41: error: expected declaration specifiers or '...' before 'TaskHandle_t'
 3254 | uint32_t ulTaskGenericNotifyValueClear( TaskHandle_t xTask,
      |                                         ^~~~~~~~~~~~
/home/orion/esp/esp-idf/components/freertos/FreeRTOS-Kernel/include/freertos/task.h:3255:41: error: unknown type name 'UBaseType_t'
 3255 |                                         UBaseType_t uxIndexToClear,
      |                                         ^~~~~~~~~~~
/home/orion/esp/esp-idf/components/freertos/FreeRTOS-Kernel/include/freertos/task.h:3280:28: error: expected declaration specifiers or '...' before 'TimeOut_t'
 3280 | void vTaskSetTimeOutState( TimeOut_t * const pxTimeOut ) PRIVILEGED_FUNCTION;
      |                            ^~~~~~~~~
/home/orion/esp/esp-idf/components/freertos/FreeRTOS-Kernel/include/freertos/task.h:3369:1: error: unknown type name 'BaseType_t'
 3369 | BaseType_t xTaskCheckForTimeOut( TimeOut_t * const pxTimeOut,
      | ^~~~~~~~~~
/home/orion/esp/esp-idf/components/freertos/FreeRTOS-Kernel/include/freertos/task.h:3369:34: error: expected declaration specifiers or '...' before 'TimeOut_t'
 3369 | BaseType_t xTaskCheckForTimeOut( TimeOut_t * const pxTimeOut,
      |                                  ^~~~~~~~~
/home/orion/esp/esp-idf/components/freertos/FreeRTOS-Kernel/include/freertos/task.h:3370:34: error: unknown type name 'TickType_t'
 3370 |                                  TickType_t * const pxTicksToWait ) PRIVILEGED_FUNCTION;
      |                                  ^~~~~~~~~~
/home/orion/esp/esp-idf/components/freertos/FreeRTOS-Kernel/include/freertos/task.h:3402:1: error: unknown type name 'BaseType_t'
 3402 | BaseType_t xTaskCatchUpTicks( TickType_t xTicksToCatchUp ) PRIVILEGED_FUNCTION;
      | ^~~~~~~~~~
/home/orion/esp/esp-idf/components/freertos/FreeRTOS-Kernel/include/freertos/task.h:3402:31: error: unknown type name 'TickType_t'
 3402 | BaseType_t xTaskCatchUpTicks( TickType_t xTicksToCatchUp ) PRIVILEGED_FUNCTION;
      |                               ^~~~~~~~~~
/home/orion/esp/esp-idf/components/freertos/FreeRTOS-Kernel/include/freertos/task.h:3442:1: error: expected declaration specifiers before 'TaskHandle_t'
 3442 | TaskHandle_t xTaskGetCurrentTaskHandleForCPU( BaseType_t cpuid );
      | ^~~~~~~~~~~~
/home/orion/esp/esp-idf/components/freertos/FreeRTOS-Kernel/include/freertos/task.h:3455:1: error: expected declaration specifiers before 'TaskHandle_t'
 3455 | TaskHandle_t xTaskGetIdleTaskHandleForCPU( UBaseType_t cpuid );
      | ^~~~~~~~~~~~
/home/orion/esp/esp-idf/components/freertos/FreeRTOS-Kernel/include/freertos/task.h:3460:1: error: unknown type name 'BaseType_t'
 3460 | BaseType_t xTaskGetAffinity( TaskHandle_t xTask ) PRIVILEGED_FUNCTION;
      | ^~~~~~~~~~
/home/orion/esp/esp-idf/components/freertos/FreeRTOS-Kernel/include/freertos/task.h:3460:30: error: expected declaration specifiers or '...' before 'TaskHandle_t'
 3460 | BaseType_t xTaskGetAffinity( TaskHandle_t xTask ) PRIVILEGED_FUNCTION;
      |                              ^~~~~~~~~~~~
/home/orion/esp/esp-idf/components/freertos/FreeRTOS-Kernel/include/freertos/task.h:3480:1: error: unknown type name 'BaseType_t'
 3480 | BaseType_t xTaskIncrementTick( void ) PRIVILEGED_FUNCTION;
      | ^~~~~~~~~~
/home/orion/esp/esp-idf/components/freertos/FreeRTOS-Kernel/include/freertos/task.h:3480:39: error: expected '=', ',', ';', 'asm' or '__attribute__' before 'PRIVILEGED_FUNCTION'
 3480 | BaseType_t xTaskIncrementTick( void ) PRIVILEGED_FUNCTION;
      |                                       ^~~~~~~~~~~~~~~~~~~
/home/orion/esp/esp-idf/components/freertos/FreeRTOS-Kernel/include/freertos/task.h:3528:35: error: unknown type name 'TickType_t'
 3528 |                             const TickType_t xTicksToWait ) PRIVILEGED_FUNCTION;
      |                                   ^~~~~~~~~~
/home/orion/esp/esp-idf/components/freertos/FreeRTOS-Kernel/include/freertos/task.h:3528:61: error: expected '=', ',', ';', 'asm' or '__attribute__' before 'PRIVILEGED_FUNCTION'
 3528 |                             const TickType_t xTicksToWait ) PRIVILEGED_FUNCTION;
      |                                                             ^~~~~~~~~~~~~~~~~~~
/home/orion/esp/esp-idf/components/freertos/FreeRTOS-Kernel/include/freertos/task.h:3530:44: error: unknown type name 'TickType_t'
 3530 |                                      const TickType_t xItemValue,
      |                                            ^~~~~~~~~~
/home/orion/esp/esp-idf/components/freertos/FreeRTOS-Kernel/include/freertos/task.h:3531:44: error: unknown type name 'TickType_t'
 3531 |                                      const TickType_t xTicksToWait ) PRIVILEGED_FUNCTION;
      |                                            ^~~~~~~~~~
/home/orion/esp/esp-idf/components/freertos/FreeRTOS-Kernel/include/freertos/task.h:3531:70: error: expected '=', ',', ';', 'asm' or '__attribute__' before 'PRIVILEGED_FUNCTION'
 3531 |                                      const TickType_t xTicksToWait ) PRIVILEGED_FUNCTION;
      |                                                                      ^~~~~~~~~~~~~~~~~~~
/home/orion/esp/esp-idf/components/freertos/FreeRTOS-Kernel/include/freertos/task.h:3545:39: error: unknown type name 'TickType_t'
 3545 |                                       TickType_t xTicksToWait,
      |                                       ^~~~~~~~~~
/home/orion/esp/esp-idf/components/freertos/FreeRTOS-Kernel/include/freertos/task.h:3546:45: error: unknown type name 'BaseType_t'
 3546 |                                       const BaseType_t xWaitIndefinitely ) PRIVILEGED_FUNCTION;
      |                                             ^~~~~~~~~~
/home/orion/esp/esp-idf/components/freertos/FreeRTOS-Kernel/include/freertos/task.h:3592:1: error: unknown type name 'BaseType_t'
 3592 | BaseType_t xTaskRemoveFromEventList( const List_t * const pxEventList ) PRIVILEGED_FUNCTION;
      | ^~~~~~~~~~
/home/orion/esp/esp-idf/components/freertos/FreeRTOS-Kernel/include/freertos/task.h:3592:73: error: expected '=', ',', ';', 'asm' or '__attribute__' before 'PRIVILEGED_FUNCTION'
 3592 | BaseType_t xTaskRemoveFromEventList( const List_t * const pxEventList ) PRIVILEGED_FUNCTION;
      |                                                                         ^~~~~~~~~~~~~~~~~~~
/home/orion/esp/esp-idf/components/freertos/FreeRTOS-Kernel/include/freertos/task.h:3594:47: error: unknown type name 'TickType_t'
 3594 |                                         const TickType_t xItemValue ) PRIVILEGED_FUNCTION;
      |                                               ^~~~~~~~~~
/home/orion/esp/esp-idf/components/freertos/FreeRTOS-Kernel/include/freertos/task.h:3594:71: error: expected '=', ',', ';', 'asm' or '__attribute__' before 'PRIVILEGED_FUNCTION'
 3594 |                                         const TickType_t xItemValue ) PRIVILEGED_FUNCTION;
      |                                                                       ^~~~~~~~~~~~~~~~~~~
/home/orion/esp/esp-idf/components/freertos/FreeRTOS-Kernel/include/freertos/task.h:3604:1: error: expected declaration specifiers before 'portDONT_DISCARD'
 3604 | portDONT_DISCARD void vTaskSwitchContext( void ) PRIVILEGED_FUNCTION;
      | ^~~~~~~~~~~~~~~~
/home/orion/esp/esp-idf/components/freertos/FreeRTOS-Kernel/include/freertos/task.h:3610:1: error: unknown type name 'TickType_t'
 3610 | TickType_t uxTaskResetEventItemValue( void ) PRIVILEGED_FUNCTION;
      | ^~~~~~~~~~
/home/orion/esp/esp-idf/components/freertos/FreeRTOS-Kernel/include/freertos/task.h:3610:46: error: expected '=', ',', ';', 'asm' or '__attribute__' before 'PRIVILEGED_FUNCTION'
 3610 | TickType_t uxTaskResetEventItemValue( void ) PRIVILEGED_FUNCTION;
      |                                              ^~~~~~~~~~~~~~~~~~~
/home/orion/esp/esp-idf/components/freertos/FreeRTOS-Kernel/include/freertos/task.h:3615:1: error: expected declaration specifiers before 'TaskHandle_t'
 3615 | TaskHandle_t xTaskGetCurrentTaskHandle( void ) PRIVILEGED_FUNCTION;
      | ^~~~~~~~~~~~
/home/orion/esp/esp-idf/components/freertos/FreeRTOS-Kernel/include/freertos/task.h:3621:31: error: expected '=', ',', ';', 'asm' or '__attribute__' before 'PRIVILEGED_FUNCTION'
 3621 | void vTaskMissedYield( void ) PRIVILEGED_FUNCTION;
      |                               ^~~~~~~~~~~~~~~~~~~
/home/orion/esp/esp-idf/components/freertos/FreeRTOS-Kernel/include/freertos/task.h:3627:1: error: unknown type name 'BaseType_t'
 3627 | BaseType_t xTaskGetSchedulerState( void ) PRIVILEGED_FUNCTION;
      | ^~~~~~~~~~
/home/orion/esp/esp-idf/components/freertos/FreeRTOS-Kernel/include/freertos/task.h:3627:43: error: expected '=', ',', ';', 'asm' or '__attribute__' before 'PRIVILEGED_FUNCTION'
 3627 | BaseType_t xTaskGetSchedulerState( void ) PRIVILEGED_FUNCTION;
      |                                           ^~~~~~~~~~~~~~~~~~~
/home/orion/esp/esp-idf/components/freertos/FreeRTOS-Kernel/include/freertos/task.h:3633:1: error: unknown type name 'BaseType_t'
 3633 | BaseType_t xTaskPriorityInherit( TaskHandle_t const pxMutexHolder ) PRIVILEGED_FUNCTION;
      | ^~~~~~~~~~
/home/orion/esp/esp-idf/components/freertos/FreeRTOS-Kernel/include/freertos/task.h:3633:34: error: expected declaration specifiers or '...' before 'TaskHandle_t'
 3633 | BaseType_t xTaskPriorityInherit( TaskHandle_t const pxMutexHolder ) PRIVILEGED_FUNCTION;
      |                                  ^~~~~~~~~~~~
/home/orion/esp/esp-idf/components/freertos/FreeRTOS-Kernel/include/freertos/task.h:3639:1: error: unknown type name 'BaseType_t'
 3639 | BaseType_t xTaskPriorityDisinherit( TaskHandle_t const pxMutexHolder ) PRIVILEGED_FUNCTION;
      | ^~~~~~~~~~
/home/orion/esp/esp-idf/components/freertos/FreeRTOS-Kernel/include/freertos/task.h:3639:37: error: expected declaration specifiers or '...' before 'TaskHandle_t'
 3639 | BaseType_t xTaskPriorityDisinherit( TaskHandle_t const pxMutexHolder ) PRIVILEGED_FUNCTION;
      |                                     ^~~~~~~~~~~~
/home/orion/esp/esp-idf/components/freertos/FreeRTOS-Kernel/include/freertos/task.h:3649:43: error: expected declaration specifiers or '...' before 'TaskHandle_t'
 3649 | void vTaskPriorityDisinheritAfterTimeout( TaskHandle_t const pxMutexHolder,
      |                                           ^~~~~~~~~~~~
/home/orion/esp/esp-idf/components/freertos/FreeRTOS-Kernel/include/freertos/task.h:3650:43: error: unknown type name 'UBaseType_t'
 3650 |                                           UBaseType_t uxHighestPriorityWaitingTask ) PRIVILEGED_FUNCTION;
      |                                           ^~~~~~~~~~~
/home/orion/esp/esp-idf/components/freertos/FreeRTOS-Kernel/include/freertos/task.h:3655:1: error: unknown type name 'UBaseType_t'
 3655 | UBaseType_t uxTaskGetTaskNumber( TaskHandle_t xTask ) PRIVILEGED_FUNCTION;
      | ^~~~~~~~~~~
/home/orion/esp/esp-idf/components/freertos/FreeRTOS-Kernel/include/freertos/task.h:3655:34: error: expected declaration specifiers or '...' before 'TaskHandle_t'
 3655 | UBaseType_t uxTaskGetTaskNumber( TaskHandle_t xTask ) PRIVILEGED_FUNCTION;
      |                                  ^~~~~~~~~~~~
/home/orion/esp/esp-idf/components/freertos/FreeRTOS-Kernel/include/freertos/task.h:3661:26: error: expected declaration specifiers or '...' before 'TaskHandle_t'
 3661 | void vTaskSetTaskNumber( TaskHandle_t xTask,
      |                          ^~~~~~~~~~~~
/home/orion/esp/esp-idf/components/freertos/FreeRTOS-Kernel/include/freertos/task.h:3662:32: error: unknown type name 'UBaseType_t'
 3662 |                          const UBaseType_t uxHandle ) PRIVILEGED_FUNCTION;
      |                                ^~~~~~~~~~~
/home/orion/esp/esp-idf/components/freertos/FreeRTOS-Kernel/include/freertos/task.h:3672:27: error: unknown type name 'TickType_t'
 3672 | void vTaskStepTick( const TickType_t xTicksToJump ) PRIVILEGED_FUNCTION;
      |                           ^~~~~~~~~~
/home/orion/esp/esp-idf/components/freertos/FreeRTOS-Kernel/include/freertos/task.h:3672:53: error: expected '=', ',', ';', 'asm' or '__attribute__' before 'PRIVILEGED_FUNCTION'
 3672 | void vTaskStepTick( const TickType_t xTicksToJump ) PRIVILEGED_FUNCTION;
      |                                                     ^~~~~~~~~~~~~~~~~~~
/home/orion/esp/esp-idf/components/freertos/FreeRTOS-Kernel/include/freertos/task.h:3688:1: error: expected declaration specifiers before 'eSleepModeStatus'
 3688 | eSleepModeStatus eTaskConfirmSleepModeStatus( void ) PRIVILEGED_FUNCTION;
      | ^~~~~~~~~~~~~~~~
/home/orion/esp/esp-idf/components/freertos/FreeRTOS-Kernel/include/freertos/task.h:3694:1: error: expected declaration specifiers before 'TaskHandle_t'
 3694 | TaskHandle_t pvTaskIncrementMutexHeldCount( void ) PRIVILEGED_FUNCTION;
      | ^~~~~~~~~~~~
/home/orion/esp/esp-idf/components/freertos/FreeRTOS-Kernel/include/freertos/task.h:3700:36: error: expected declaration specifiers or '...' before 'TimeOut_t'
 3700 | void vTaskInternalSetTimeOutState( TimeOut_t * const pxTimeOut ) PRIVILEGED_FUNCTION;
      |                                    ^~~~~~~~~
In file included from /home/orion/esp/esp-idf/components/freertos/FreeRTOS-Kernel/portable/xtensa/include/freertos/xtensa_config.h:47,
                 from /home/orion/esp/esp-idf/components/freertos/esp_additions/arch/xtensa/include/freertos/FreeRTOSConfig_arch.h:14,
                 from /home/orion/esp/esp-idf/components/freertos/esp_additions/include/freertos/FreeRTOSConfig.h:62,
                 from /home/orion/esp/esp-idf/components/freertos/FreeRTOS-Kernel/include/freertos/FreeRTOS.h:65,
                 from /home/orion/Documents/projects/espProjects/ESP_Dice/main/main.c:4:
/home/orion/esp/esp-idf/components/xtensa/include/xtensa/hal.h:150:27: error: storage class specified for parameter 'Xthal_rev_no'
  150 | extern const unsigned int Xthal_rev_no;
      |                           ^~~~~~~~~~~~
/home/orion/esp/esp-idf/components/xtensa/include/xtensa/hal.h:158:13: error: storage class specified for parameter 'xthal_save_extra'
  158 | extern void xthal_save_extra(void *base);
      |             ^~~~~~~~~~~~~~~~
/home/orion/esp/esp-idf/components/xtensa/include/xtensa/hal.h:159:13: error: storage class specified for parameter 'xthal_restore_extra'
  159 | extern void xthal_restore_extra(void *base);
      |             ^~~~~~~~~~~~~~~~~~~
/home/orion/esp/esp-idf/components/xtensa/include/xtensa/hal.h:161:13: error: storage class specified for parameter 'xthal_save_cpregs'
  161 | extern void xthal_save_cpregs(void *base, int);
      |             ^~~~~~~~~~~~~~~~~
/home/orion/esp/esp-idf/components/xtensa/include/xtensa/hal.h:162:13: error: storage class specified for parameter 'xthal_restore_cpregs'
  162 | extern void xthal_restore_cpregs(void *base, int);
      |             ^~~~~~~~~~~~~~~~~~~~
/home/orion/esp/esp-idf/components/xtensa/include/xtensa/hal.h:164:13: error: storage class specified for parameter 'xthal_save_cp0'
  164 | extern void xthal_save_cp0(void *base);
      |             ^~~~~~~~~~~~~~
/home/orion/esp/esp-idf/components/xtensa/include/xtensa/hal.h:165:13: error: storage class specified for parameter 'xthal_save_cp1'
  165 | extern void xthal_save_cp1(void *base);
      |             ^~~~~~~~~~~~~~
/home/orion/esp/esp-idf/components/xtensa/include/xtensa/hal.h:166:13: error: storage class specified for parameter 'xthal_save_cp2'
  166 | extern void xthal_save_cp2(void *base);
      |             ^~~~~~~~~~~~~~
/home/orion/esp/esp-idf/components/xtensa/include/xtensa/hal.h:167:13: error: storage class specified for parameter 'xthal_save_cp3'
  167 | extern void xthal_save_cp3(void *base);
      |             ^~~~~~~~~~~~~~
/home/orion/esp/esp-idf/components/xtensa/include/xtensa/hal.h:168:13: error: storage class specified for parameter 'xthal_save_cp4'
  168 | extern void xthal_save_cp4(void *base);
      |             ^~~~~~~~~~~~~~
/home/orion/esp/esp-idf/components/xtensa/include/xtensa/hal.h:169:13: error: storage class specified for parameter 'xthal_save_cp5'
  169 | extern void xthal_save_cp5(void *base);
      |             ^~~~~~~~~~~~~~
/home/orion/esp/esp-idf/components/xtensa/include/xtensa/hal.h:170:13: error: storage class specified for parameter 'xthal_save_cp6'
  170 | extern void xthal_save_cp6(void *base);
      |             ^~~~~~~~~~~~~~
/home/orion/esp/esp-idf/components/xtensa/include/xtensa/hal.h:171:13: error: storage class specified for parameter 'xthal_save_cp7'
  171 | extern void xthal_save_cp7(void *base);
      |             ^~~~~~~~~~~~~~
/home/orion/esp/esp-idf/components/xtensa/include/xtensa/hal.h:172:13: error: storage class specified for parameter 'xthal_restore_cp0'
  172 | extern void xthal_restore_cp0(void *base);
      |             ^~~~~~~~~~~~~~~~~
/home/orion/esp/esp-idf/components/xtensa/include/xtensa/hal.h:173:13: error: storage class specified for parameter 'xthal_restore_cp1'
  173 | extern void xthal_restore_cp1(void *base);
      |             ^~~~~~~~~~~~~~~~~
/home/orion/esp/esp-idf/components/xtensa/include/xtensa/hal.h:174:13: error: storage class specified for parameter 'xthal_restore_cp2'
  174 | extern void xthal_restore_cp2(void *base);
      |             ^~~~~~~~~~~~~~~~~
/home/orion/esp/esp-idf/components/xtensa/include/xtensa/hal.h:175:13: error: storage class specified for parameter 'xthal_restore_cp3'
  175 | extern void xthal_restore_cp3(void *base);
      |             ^~~~~~~~~~~~~~~~~
/home/orion/esp/esp-idf/components/xtensa/include/xtensa/hal.h:176:13: error: storage class specified for parameter 'xthal_restore_cp4'
  176 | extern void xthal_restore_cp4(void *base);
      |             ^~~~~~~~~~~~~~~~~
/home/orion/esp/esp-idf/components/xtensa/include/xtensa/hal.h:177:13: error: storage class specified for parameter 'xthal_restore_cp5'
  177 | extern void xthal_restore_cp5(void *base);
      |             ^~~~~~~~~~~~~~~~~
/home/orion/esp/esp-idf/components/xtensa/include/xtensa/hal.h:178:13: error: storage class specified for parameter 'xthal_restore_cp6'
  178 | extern void xthal_restore_cp6(void *base);
      |             ^~~~~~~~~~~~~~~~~
/home/orion/esp/esp-idf/components/xtensa/include/xtensa/hal.h:179:13: error: storage class specified for parameter 'xthal_restore_cp7'
  179 | extern void xthal_restore_cp7(void *base);
      |             ^~~~~~~~~~~~~~~~~
/home/orion/esp/esp-idf/components/xtensa/include/xtensa/hal.h:181:14: error: storage class specified for parameter 'Xthal_cpregs_save_fn'
  181 | extern void* Xthal_cpregs_save_fn[XTHAL_MAX_CPS];
      |              ^~~~~~~~~~~~~~~~~~~~
/home/orion/esp/esp-idf/components/xtensa/include/xtensa/hal.h:182:14: error: storage class specified for parameter 'Xthal_cpregs_restore_fn'
  182 | extern void* Xthal_cpregs_restore_fn[XTHAL_MAX_CPS];
      |              ^~~~~~~~~~~~~~~~~~~~~~~
/home/orion/esp/esp-idf/components/xtensa/include/xtensa/hal.h:184:14: error: storage class specified for parameter 'Xthal_cpregs_save_nw_fn'
  184 | extern void* Xthal_cpregs_save_nw_fn[XTHAL_MAX_CPS];
      |              ^~~~~~~~~~~~~~~~~~~~~~~
/home/orion/esp/esp-idf/components/xtensa/include/xtensa/hal.h:185:14: error: storage class specified for parameter 'Xthal_cpregs_restore_nw_fn'
  185 | extern void* Xthal_cpregs_restore_nw_fn[XTHAL_MAX_CPS];
      |              ^~~~~~~~~~~~~~~~~~~~~~~~~~
/home/orion/esp/esp-idf/components/xtensa/include/xtensa/hal.h:191:27: error: storage class specified for parameter 'Xthal_extra_size'
  191 | extern const unsigned int Xthal_extra_size;
      |                           ^~~~~~~~~~~~~~~~
/home/orion/esp/esp-idf/components/xtensa/include/xtensa/hal.h:192:27: error: storage class specified for parameter 'Xthal_extra_align'
  192 | extern const unsigned int Xthal_extra_align;
      |                           ^~~~~~~~~~~~~~~~~
/home/orion/esp/esp-idf/components/xtensa/include/xtensa/hal.h:193:27: error: storage class specified for parameter 'Xthal_cpregs_size'
  193 | extern const unsigned int Xthal_cpregs_size[XTHAL_MAX_CPS];
      |                           ^~~~~~~~~~~~~~~~~
/home/orion/esp/esp-idf/components/xtensa/include/xtensa/hal.h:194:27: error: storage class specified for parameter 'Xthal_cpregs_align'
  194 | extern const unsigned int Xthal_cpregs_align[XTHAL_MAX_CPS];
      |                           ^~~~~~~~~~~~~~~~~~
/home/orion/esp/esp-idf/components/xtensa/include/xtensa/hal.h:195:27: error: storage class specified for parameter 'Xthal_all_extra_size'
  195 | extern const unsigned int Xthal_all_extra_size;
      |                           ^~~~~~~~~~~~~~~~~~~~
/home/orion/esp/esp-idf/components/xtensa/include/xtensa/hal.h:196:27: error: storage class specified for parameter 'Xthal_all_extra_align'
  196 | extern const unsigned int Xthal_all_extra_align;
      |                           ^~~~~~~~~~~~~~~~~~~~~
/home/orion/esp/esp-idf/components/xtensa/include/xtensa/hal.h:198:27: error: storage class specified for parameter 'Xthal_cp_names'
  198 | extern const char * const Xthal_cp_names[XTHAL_MAX_CPS];
      |                           ^~~~~~~~~~~~~~
/home/orion/esp/esp-idf/components/xtensa/include/xtensa/hal.h:206:13: error: storage class specified for parameter 'xthal_init_mem_extra'
  206 | extern void xthal_init_mem_extra(void *);
      |             ^~~~~~~~~~~~~~~~~~~~
/home/orion/esp/esp-idf/components/xtensa/include/xtensa/hal.h:208:13: error: storage class specified for parameter 'xthal_init_mem_cp'
  208 | extern void xthal_init_mem_cp(void *, int);
      |             ^~~~~~~~~~~~~~~~~
/home/orion/esp/esp-idf/components/xtensa/include/xtensa/hal.h:211:27: error: storage class specified for parameter 'Xthal_num_coprocessors'
  211 | extern const unsigned int Xthal_num_coprocessors;
      |                           ^~~~~~~~~~~~~~~~~~~~~~
/home/orion/esp/esp-idf/components/xtensa/include/xtensa/hal.h:214:28: error: storage class specified for parameter 'Xthal_cp_num'
  214 | extern const unsigned char Xthal_cp_num;
      |                            ^~~~~~~~~~~~
/home/orion/esp/esp-idf/components/xtensa/include/xtensa/hal.h:216:28: error: storage class specified for parameter 'Xthal_cp_max'
  216 | extern const unsigned char Xthal_cp_max;
      |                            ^~~~~~~~~~~~
/home/orion/esp/esp-idf/components/xtensa/include/xtensa/hal.h:220:28: error: storage class specified for parameter 'Xthal_cp_mask'
  220 | extern const unsigned int  Xthal_cp_mask;
      |                            ^~~~~~~~~~~~~
/home/orion/esp/esp-idf/components/xtensa/include/xtensa/hal.h:239:28: error: storage class specified for parameter 'Xthal_num_aregs'
  239 | extern const unsigned int  Xthal_num_aregs;
      |                            ^~~~~~~~~~~~~~~
/home/orion/esp/esp-idf/components/xtensa/include/xtensa/hal.h:240:28: error: storage class specified for parameter 'Xthal_num_aregs_log2'
  240 | extern const unsigned char Xthal_num_aregs_log2;
      |                            ^~~~~~~~~~~~~~~~~~~~
/home/orion/esp/esp-idf/components/xtensa/include/xtensa/hal.h:248:28: error: storage class specified for parameter 'Xthal_icache_linewidth'
  248 | extern const unsigned char Xthal_icache_linewidth;
      |                            ^~~~~~~~~~~~~~~~~~~~~~
/home/orion/esp/esp-idf/components/xtensa/include/xtensa/hal.h:249:28: error: storage class specified for parameter 'Xthal_dcache_linewidth'
  249 | extern const unsigned char Xthal_dcache_linewidth;
      |                            ^~~~~~~~~~~~~~~~~~~~~~
/home/orion/esp/esp-idf/components/xtensa/include/xtensa/hal.h:251:29: error: storage class specified for parameter 'Xthal_icache_linesize'
  251 | extern const unsigned short Xthal_icache_linesize;
      |                             ^~~~~~~~~~~~~~~~~~~~~
/home/orion/esp/esp-idf/components/xtensa/include/xtensa/hal.h:252:29: error: storage class specified for parameter 'Xthal_dcache_linesize'
  252 | extern const unsigned short Xthal_dcache_linesize;
      |                             ^~~~~~~~~~~~~~~~~~~~~
/home/orion/esp/esp-idf/components/xtensa/include/xtensa/hal.h:255:28: error: storage class specified for parameter 'Xthal_icache_size'
  255 | extern const unsigned int  Xthal_icache_size;
      |                            ^~~~~~~~~~~~~~~~~
/home/orion/esp/esp-idf/components/xtensa/include/xtensa/hal.h:256:28: error: storage class specified for parameter 'Xthal_dcache_size'
  256 | extern const unsigned int  Xthal_dcache_size;
      |                            ^~~~~~~~~~~~~~~~~
/home/orion/esp/esp-idf/components/xtensa/include/xtensa/hal.h:258:28: error: storage class specified for parameter 'Xthal_dcache_is_writeback'
  258 | extern const unsigned char Xthal_dcache_is_writeback;
      |                            ^~~~~~~~~~~~~~~~~~~~~~~~~
/home/orion/esp/esp-idf/components/xtensa/include/xtensa/hal.h:261:13: error: storage class specified for parameter 'xthal_icache_region_invalidate'
  261 | extern void xthal_icache_region_invalidate( void *addr, unsigned size );
      |             ^~~~~~~~~~~~~~~~~~~~~~~~~~~~~~
/home/orion/esp/esp-idf/components/xtensa/include/xtensa/hal.h:262:13: error: storage class specified for parameter 'xthal_dcache_region_invalidate'
  262 | extern void xthal_dcache_region_invalidate( void *addr, unsigned size );
      |             ^~~~~~~~~~~~~~~~~~~~~~~~~~~~~~
/home/orion/esp/esp-idf/components/xtensa/include/xtensa/hal.h:263:13: error: storage class specified for parameter 'xthal_dcache_region_writeback'
  263 | extern void xthal_dcache_region_writeback( void *addr, unsigned size );
      |             ^~~~~~~~~~~~~~~~~~~~~~~~~~~~~
/home/orion/esp/esp-idf/components/xtensa/include/xtensa/hal.h:264:13: error: storage class specified for parameter 'xthal_dcache_region_writeback_inv'
  264 | extern void xthal_dcache_region_writeback_inv( void *addr, unsigned size );
      |             ^~~~~~~~~~~~~~~~~~~~~~~~~~~~~~~~~
/home/orion/esp/esp-idf/components/xtensa/include/xtensa/hal.h:268:13: error: storage class specified for parameter 'xthal_icache_line_invalidate'
  268 | extern void xthal_icache_line_invalidate(void *addr);
      |             ^~~~~~~~~~~~~~~~~~~~~~~~~~~~
/home/orion/esp/esp-idf/components/xtensa/include/xtensa/hal.h:269:13: error: storage class specified for parameter 'xthal_dcache_line_invalidate'
  269 | extern void xthal_dcache_line_invalidate(void *addr);
      |             ^~~~~~~~~~~~~~~~~~~~~~~~~~~~
/home/orion/esp/esp-idf/components/xtensa/include/xtensa/hal.h:270:13: error: storage class specified for parameter 'xthal_dcache_line_writeback'
  270 | extern void xthal_dcache_line_writeback(void *addr);
      |             ^~~~~~~~~~~~~~~~~~~~~~~~~~~
/home/orion/esp/esp-idf/components/xtensa/include/xtensa/hal.h:271:13: error: storage class specified for parameter 'xthal_dcache_line_writeback_inv'
  271 | extern void xthal_dcache_line_writeback_inv(void *addr);
      |             ^~~~~~~~~~~~~~~~~~~~~~~~~~~~~~~
/home/orion/esp/esp-idf/components/xtensa/include/xtensa/hal.h:273:13: error: storage class specified for parameter 'xthal_icache_sync'
  273 | extern void xthal_icache_sync( void );
      |             ^~~~~~~~~~~~~~~~~
/home/orion/esp/esp-idf/components/xtensa/include/xtensa/hal.h:275:13: error: storage class specified for parameter 'xthal_dcache_sync'
  275 | extern void xthal_dcache_sync( void );
      |             ^~~~~~~~~~~~~~~~~
/home/orion/esp/esp-idf/components/xtensa/include/xtensa/hal.h:279:21: error: storage class specified for parameter 'xthal_icache_get_ways'
  279 | extern unsigned int xthal_icache_get_ways(void);
      |                     ^~~~~~~~~~~~~~~~~~~~~
/home/orion/esp/esp-idf/components/xtensa/include/xtensa/hal.h:280:21: error: storage class specified for parameter 'xthal_icache_set_ways'
  280 | extern void         xthal_icache_set_ways(unsigned int ways);
      |                     ^~~~~~~~~~~~~~~~~~~~~
/home/orion/esp/esp-idf/components/xtensa/include/xtensa/hal.h:282:21: error: storage class specified for parameter 'xthal_dcache_get_ways'
  282 | extern unsigned int xthal_dcache_get_ways(void);
      |                     ^~~~~~~~~~~~~~~~~~~~~
/home/orion/esp/esp-idf/components/xtensa/include/xtensa/hal.h:283:21: error: storage class specified for parameter 'xthal_dcache_set_ways'
  283 | extern void         xthal_dcache_set_ways(unsigned int ways);
      |                     ^~~~~~~~~~~~~~~~~~~~~
/home/orion/esp/esp-idf/components/xtensa/include/xtensa/hal.h:286:13: error: storage class specified for parameter 'xthal_cache_coherence_on'
  286 | extern void xthal_cache_coherence_on( void );
      |             ^~~~~~~~~~~~~~~~~~~~~~~~
/home/orion/esp/esp-idf/components/xtensa/include/xtensa/hal.h:287:13: error: storage class specified for parameter 'xthal_cache_coherence_off'
  287 | extern void xthal_cache_coherence_off( void );
      |             ^~~~~~~~~~~~~~~~~~~~~~~~~
/home/orion/esp/esp-idf/components/xtensa/include/xtensa/hal.h:289:13: error: storage class specified for parameter 'xthal_cache_coherence_optin'
  289 | extern void xthal_cache_coherence_optin( void );
      |             ^~~~~~~~~~~~~~~~~~~~~~~~~~~
/home/orion/esp/esp-idf/components/xtensa/include/xtensa/hal.h:290:13: error: storage class specified for parameter 'xthal_cache_coherence_optout'
  290 | extern void xthal_cache_coherence_optout( void );
      |             ^~~~~~~~~~~~~~~~~~~~~~~~~~~~
/home/orion/esp/esp-idf/components/xtensa/include/xtensa/hal.h:334:13: error: storage class specified for parameter 'xthal_get_cache_prefetch'
  334 | extern int  xthal_get_cache_prefetch( void );
      |             ^~~~~~~~~~~~~~~~~~~~~~~~
/home/orion/esp/esp-idf/components/xtensa/include/xtensa/hal.h:335:13: error: storage class specified for parameter 'xthal_set_cache_prefetch'
  335 | extern int  xthal_set_cache_prefetch( int );
      |             ^~~~~~~~~~~~~~~~~~~~~~~~
/home/orion/esp/esp-idf/components/xtensa/include/xtensa/hal.h:336:13: error: storage class specified for parameter 'xthal_set_cache_prefetch_long'
  336 | extern int  xthal_set_cache_prefetch_long( unsigned long long );
      |             ^~~~~~~~~~~~~~~~~~~~~~~~~~~~~
/home/orion/esp/esp-idf/components/xtensa/include/xtensa/hal.h:347:18: error: storage class specified for parameter 'Xthal_debug_configured'
  347 | extern const int Xthal_debug_configured;
      |                  ^~~~~~~~~~~~~~~~~~~~~~
/home/orion/esp/esp-idf/components/xtensa/include/xtensa/hal.h:350:21: error: storage class specified for parameter 'xthal_set_soft_break'
  350 | extern unsigned int xthal_set_soft_break(void *addr);
      |                     ^~~~~~~~~~~~~~~~~~~~
/home/orion/esp/esp-idf/components/xtensa/include/xtensa/hal.h:351:21: error: storage class specified for parameter 'xthal_remove_soft_break'
  351 | extern void         xthal_remove_soft_break(void *addr, unsigned int);
      |                     ^~~~~~~~~~~~~~~~~~~~~~~
/home/orion/esp/esp-idf/components/xtensa/include/xtensa/hal.h:369:12: error: storage class specified for parameter 'xthal_disassemble'
  369 | extern int xthal_disassemble( unsigned char *instr_buf, void *tgt_addr,
      |            ^~~~~~~~~~~~~~~~~
/home/orion/esp/esp-idf/components/xtensa/include/xtensa/hal.h:374:12: error: storage class specified for parameter 'xthal_disassemble_size'
  374 | extern int xthal_disassemble_size( unsigned char *instr_buf );
      |            ^~~~~~~~~~~~~~~~~~~~~~
/home/orion/esp/esp-idf/components/xtensa/include/xtensa/hal.h:381:14: error: storage class specified for parameter 'xthal_memcpy'
  381 | extern void* xthal_memcpy(void *dst, const void *src, unsigned len);
      |              ^~~~~~~~~~~~
/home/orion/esp/esp-idf/components/xtensa/include/xtensa/hal.h:382:14: error: storage class specified for parameter 'xthal_bcopy'
  382 | extern void* xthal_bcopy(const void *src, void *dst, unsigned len);
      |              ^~~~~~~~~~~
/home/orion/esp/esp-idf/components/xtensa/include/xtensa/hal.h:389:17: error: storage class specified for parameter 'xthal_compare_and_set'
  389 | extern int      xthal_compare_and_set( int *addr, int test_val, int compare_val );
      |                 ^~~~~~~~~~~~~~~~~~~~~
/home/orion/esp/esp-idf/components/xtensa/include/xtensa/hal.h:398:28: error: storage class specified for parameter 'Xthal_release_major'
  398 | extern const unsigned int  Xthal_release_major;
      |                            ^~~~~~~~~~~~~~~~~~~
/home/orion/esp/esp-idf/components/xtensa/include/xtensa/hal.h:399:28: error: storage class specified for parameter 'Xthal_release_minor'
  399 | extern const unsigned int  Xthal_release_minor;
      |                            ^~~~~~~~~~~~~~~~~~~
/home/orion/esp/esp-idf/components/xtensa/include/xtensa/hal.h:400:28: error: storage class specified for parameter 'Xthal_release_name'
  400 | extern const char * const  Xthal_release_name;
      |                            ^~~~~~~~~~~~~~~~~~
/home/orion/esp/esp-idf/components/xtensa/include/xtensa/hal.h:401:28: error: storage class specified for parameter 'Xthal_release_internal'
  401 | extern const char * const  Xthal_release_internal;
      |                            ^~~~~~~~~~~~~~~~~~~~~~
/home/orion/esp/esp-idf/components/xtensa/include/xtensa/hal.h:403:28: error: storage class specified for parameter 'Xthal_memory_order'
  403 | extern const unsigned char Xthal_memory_order;
      |                            ^~~~~~~~~~~~~~~~~~
/home/orion/esp/esp-idf/components/xtensa/include/xtensa/hal.h:404:28: error: storage class specified for parameter 'Xthal_have_windowed'
  404 | extern const unsigned char Xthal_have_windowed;
      |                            ^~~~~~~~~~~~~~~~~~~
/home/orion/esp/esp-idf/components/xtensa/include/xtensa/hal.h:405:28: error: storage class specified for parameter 'Xthal_have_density'
  405 | extern const unsigned char Xthal_have_density;
      |                            ^~~~~~~~~~~~~~~~~~
/home/orion/esp/esp-idf/components/xtensa/include/xtensa/hal.h:406:28: error: storage class specified for parameter 'Xthal_have_booleans'
  406 | extern const unsigned char Xthal_have_booleans;
      |                            ^~~~~~~~~~~~~~~~~~~
/home/orion/esp/esp-idf/components/xtensa/include/xtensa/hal.h:407:28: error: storage class specified for parameter 'Xthal_have_loops'
  407 | extern const unsigned char Xthal_have_loops;
      |                            ^~~~~~~~~~~~~~~~
/home/orion/esp/esp-idf/components/xtensa/include/xtensa/hal.h:408:28: error: storage class specified for parameter 'Xthal_have_nsa'
  408 | extern const unsigned char Xthal_have_nsa;
      |                            ^~~~~~~~~~~~~~
/home/orion/esp/esp-idf/components/xtensa/include/xtensa/hal.h:409:28: error: storage class specified for parameter 'Xthal_have_minmax'
  409 | extern const unsigned char Xthal_have_minmax;
      |                            ^~~~~~~~~~~~~~~~~
/home/orion/esp/esp-idf/components/xtensa/include/xtensa/hal.h:410:28: error: storage class specified for parameter 'Xthal_have_sext'
  410 | extern const unsigned char Xthal_have_sext;
      |                            ^~~~~~~~~~~~~~~
/home/orion/esp/esp-idf/components/xtensa/include/xtensa/hal.h:411:28: error: storage class specified for parameter 'Xthal_have_clamps'
  411 | extern const unsigned char Xthal_have_clamps;
      |                            ^~~~~~~~~~~~~~~~~
/home/orion/esp/esp-idf/components/xtensa/include/xtensa/hal.h:412:28: error: storage class specified for parameter 'Xthal_have_mac16'
  412 | extern const unsigned char Xthal_have_mac16;
      |                            ^~~~~~~~~~~~~~~~
/home/orion/esp/esp-idf/components/xtensa/include/xtensa/hal.h:413:28: error: storage class specified for parameter 'Xthal_have_mul16'
  413 | extern const unsigned char Xthal_have_mul16;
      |                            ^~~~~~~~~~~~~~~~
/home/orion/esp/esp-idf/components/xtensa/include/xtensa/hal.h:414:28: error: storage class specified for parameter 'Xthal_have_fp'
  414 | extern const unsigned char Xthal_have_fp;
      |                            ^~~~~~~~~~~~~
/home/orion/esp/esp-idf/components/xtensa/include/xtensa/hal.h:415:28: error: storage class specified for parameter 'Xthal_have_speculation'
  415 | extern const unsigned char Xthal_have_speculation;
      |                            ^~~~~~~~~~~~~~~~~~~~~~
/home/orion/esp/esp-idf/components/xtensa/include/xtensa/hal.h:416:28: error: storage class specified for parameter 'Xthal_have_threadptr'
  416 | extern const unsigned char Xthal_have_threadptr;
      |                            ^~~~~~~~~~~~~~~~~~~~
/home/orion/esp/esp-idf/components/xtensa/include/xtensa/hal.h:418:28: error: storage class specified for parameter 'Xthal_have_pif'
  418 | extern const unsigned char Xthal_have_pif;
      |                            ^~~~~~~~~~~~~~
/home/orion/esp/esp-idf/components/xtensa/include/xtensa/hal.h:419:29: error: storage class specified for parameter 'Xthal_num_writebuffer_entries'
  419 | extern const unsigned short Xthal_num_writebuffer_entries;
      |                             ^~~~~~~~~~~~~~~~~~~~~~~~~~~~~
/home/orion/esp/esp-idf/components/xtensa/include/xtensa/hal.h:421:28: error: storage class specified for parameter 'Xthal_build_unique_id'
  421 | extern const unsigned int  Xthal_build_unique_id;
      |                            ^~~~~~~~~~~~~~~~~~~~~
/home/orion/esp/esp-idf/components/xtensa/include/xtensa/hal.h:423:28: error: storage class specified for parameter 'Xthal_hw_configid0'
  423 | extern const unsigned int  Xthal_hw_configid0;
      |                            ^~~~~~~~~~~~~~~~~~
/home/orion/esp/esp-idf/components/xtensa/include/xtensa/hal.h:424:28: error: storage class specified for parameter 'Xthal_hw_configid1'
  424 | extern const unsigned int  Xthal_hw_configid1;
      |                            ^~~~~~~~~~~~~~~~~~
/home/orion/esp/esp-idf/components/xtensa/include/xtensa/hal.h:425:28: error: storage class specified for parameter 'Xthal_hw_release_major'
  425 | extern const unsigned int  Xthal_hw_release_major;
      |                            ^~~~~~~~~~~~~~~~~~~~~~
/home/orion/esp/esp-idf/components/xtensa/include/xtensa/hal.h:426:28: error: storage class specified for parameter 'Xthal_hw_release_minor'
  426 | extern const unsigned int  Xthal_hw_release_minor;
      |                            ^~~~~~~~~~~~~~~~~~~~~~
/home/orion/esp/esp-idf/components/xtensa/include/xtensa/hal.h:427:28: error: storage class specified for parameter 'Xthal_hw_release_name'
  427 | extern const char * const  Xthal_hw_release_name;
      |                            ^~~~~~~~~~~~~~~~~~~~~
/home/orion/esp/esp-idf/components/xtensa/include/xtensa/hal.h:428:28: error: storage class specified for parameter 'Xthal_hw_release_internal'
  428 | extern const char * const  Xthal_hw_release_internal;
      |                            ^~~~~~~~~~~~~~~~~~~~~~~~~
/home/orion/esp/esp-idf/components/xtensa/include/xtensa/hal.h:431:17: error: storage class specified for parameter 'xthal_clear_regcached_code'
  431 | extern void     xthal_clear_regcached_code( void );
      |                 ^~~~~~~~~~~~~~~~~~~~~~~~~~
/home/orion/esp/esp-idf/components/xtensa/include/xtensa/hal.h:652:18: error: storage class specified for parameter 'xthal_window_spill'
  652 | extern void      xthal_window_spill( void );
      |                  ^~~~~~~~~~~~~~~~~~
/home/orion/esp/esp-idf/components/xtensa/include/xtensa/hal.h:660:13: error: storage class specified for parameter 'xthal_validate_cp'
  660 | extern void xthal_validate_cp(int);
      |             ^~~~~~~~~~~~~~~~~
/home/orion/esp/esp-idf/components/xtensa/include/xtensa/hal.h:661:13: error: storage class specified for parameter 'xthal_invalidate_cp'
  661 | extern void xthal_invalidate_cp(int);
      |             ^~~~~~~~~~~~~~~~~~~
/home/orion/esp/esp-idf/components/xtensa/include/xtensa/hal.h:664:13: error: storage class specified for parameter 'xthal_set_cpenable'
  664 | extern void xthal_set_cpenable(unsigned);
      |             ^~~~~~~~~~~~~~~~~~
/home/orion/esp/esp-idf/components/xtensa/include/xtensa/hal.h:665:17: error: storage class specified for parameter 'xthal_get_cpenable'
  665 | extern unsigned xthal_get_cpenable(void);
      |                 ^~~~~~~~~~~~~~~~~~
/home/orion/esp/esp-idf/components/xtensa/include/xtensa/hal.h:673:28: error: storage class specified for parameter 'Xthal_num_intlevels'
  673 | extern const unsigned char Xthal_num_intlevels;
      |                            ^~~~~~~~~~~~~~~~~~~
/home/orion/esp/esp-idf/components/xtensa/include/xtensa/hal.h:675:28: error: storage class specified for parameter 'Xthal_num_interrupts'
  675 | extern const unsigned char Xthal_num_interrupts;
      |                            ^~~~~~~~~~~~~~~~~~~~
/home/orion/esp/esp-idf/components/xtensa/include/xtensa/hal.h:677:28: error: storage class specified for parameter 'Xthal_excm_level'
  677 | extern const unsigned char Xthal_excm_level;
      |                            ^~~~~~~~~~~~~~~~
/home/orion/esp/esp-idf/components/xtensa/include/xtensa/hal.h:680:27: error: storage class specified for parameter 'Xthal_intlevel_mask'
  680 | extern const unsigned int Xthal_intlevel_mask[XTHAL_MAX_INTLEVELS];
      |                           ^~~~~~~~~~~~~~~~~~~
/home/orion/esp/esp-idf/components/xtensa/include/xtensa/hal.h:682:27: error: storage class specified for parameter 'Xthal_intlevel_andbelow_mask'
  682 | extern const unsigned int Xthal_intlevel_andbelow_mask[XTHAL_MAX_INTLEVELS];
      |                           ^~~~~~~~~~~~~~~~~~~~~~~~~~~~
/home/orion/esp/esp-idf/components/xtensa/include/xtensa/hal.h:685:28: error: storage class specified for parameter 'Xthal_intlevel'
  685 | extern const unsigned char Xthal_intlevel[XTHAL_MAX_INTERRUPTS];
      |                            ^~~~~~~~~~~~~~
/home/orion/esp/esp-idf/components/xtensa/include/xtensa/hal.h:688:28: error: storage class specified for parameter 'Xthal_inttype'
  688 | extern const unsigned char Xthal_inttype[XTHAL_MAX_INTERRUPTS];
      |                            ^~~~~~~~~~~~~
/home/orion/esp/esp-idf/components/xtensa/include/xtensa/hal.h:691:27: error: storage class specified for parameter 'Xthal_inttype_mask'
  691 | extern const unsigned int Xthal_inttype_mask[XTHAL_MAX_INTTYPES];
      |                           ^~~~~~~~~~~~~~~~~~
/home/orion/esp/esp-idf/components/xtensa/include/xtensa/hal.h:694:18: error: storage class specified for parameter 'Xthal_timer_interrupt'
  694 | extern const int Xthal_timer_interrupt[XTHAL_MAX_TIMERS];
      |                  ^~~~~~~~~~~~~~~~~~~~~
/home/orion/esp/esp-idf/components/xtensa/include/xtensa/hal.h:697:18: error: storage class specified for parameter 'xthal_get_intenable'
  697 | extern unsigned  xthal_get_intenable( void );
      |                  ^~~~~~~~~~~~~~~~~~~
/home/orion/esp/esp-idf/components/xtensa/include/xtensa/hal.h:698:18: error: storage class specified for parameter 'xthal_set_intenable'
  698 | extern void      xthal_set_intenable( unsigned );
      |                  ^~~~~~~~~~~~~~~~~~~
/home/orion/esp/esp-idf/components/xtensa/include/xtensa/hal.h:699:18: error: storage class specified for parameter 'xthal_get_interrupt'
  699 | extern unsigned  xthal_get_interrupt( void );
      |                  ^~~~~~~~~~~~~~~~~~~
/home/orion/esp/esp-idf/components/xtensa/include/xtensa/hal.h:704:18: error: storage class specified for parameter 'xthal_set_intset'
  704 | extern void      xthal_set_intset( unsigned );
      |                  ^~~~~~~~~~~~~~~~
/home/orion/esp/esp-idf/components/xtensa/include/xtensa/hal.h:705:18: error: storage class specified for parameter 'xthal_set_intclear'
  705 | extern void      xthal_set_intclear( unsigned );
      |                  ^~~~~~~~~~~~~~~~~~
/home/orion/esp/esp-idf/components/xtensa/include/xtensa/hal.h:713:18: error: storage class specified for parameter 'Xthal_num_ibreak'
  713 | extern const int Xthal_num_ibreak;
      |                  ^~~~~~~~~~~~~~~~
/home/orion/esp/esp-idf/components/xtensa/include/xtensa/hal.h:714:18: error: storage class specified for parameter 'Xthal_num_dbreak'
  714 | extern const int Xthal_num_dbreak;
      |                  ^~~~~~~~~~~~~~~~
/home/orion/esp/esp-idf/components/xtensa/include/xtensa/hal.h:722:28: error: storage class specified for parameter 'Xthal_have_ccount'
  722 | extern const unsigned char Xthal_have_ccount;   /* set if CCOUNT register present */
      |                            ^~~~~~~~~~~~~~~~~
/home/orion/esp/esp-idf/components/xtensa/include/xtensa/hal.h:723:28: error: storage class specified for parameter 'Xthal_num_ccompare'
  723 | extern const unsigned char Xthal_num_ccompare;  /* number of CCOMPAREn registers */
      |                            ^~~~~~~~~~~~~~~~~~
/home/orion/esp/esp-idf/components/xtensa/include/xtensa/hal.h:726:17: error: storage class specified for parameter 'xthal_get_ccount'
  726 | extern unsigned xthal_get_ccount(void);
      |                 ^~~~~~~~~~~~~~~~
/home/orion/esp/esp-idf/components/xtensa/include/xtensa/hal.h:729:17: error: storage class specified for parameter 'xthal_set_ccompare'
  729 | extern void     xthal_set_ccompare(int, unsigned);
      |                 ^~~~~~~~~~~~~~~~~~
/home/orion/esp/esp-idf/components/xtensa/include/xtensa/hal.h:730:17: error: storage class specified for parameter 'xthal_get_ccompare'
  730 | extern unsigned xthal_get_ccompare(int);
      |                 ^~~~~~~~~~~~~~~~~~
/home/orion/esp/esp-idf/components/xtensa/include/xtensa/hal.h:737:28: error: storage class specified for parameter 'Xthal_have_prid'
  737 | extern const unsigned char Xthal_have_prid;
      |                            ^~~~~~~~~~~~~~~
/home/orion/esp/esp-idf/components/xtensa/include/xtensa/hal.h:738:28: error: storage class specified for parameter 'Xthal_have_exceptions'
  738 | extern const unsigned char Xthal_have_exceptions;
      |                            ^~~~~~~~~~~~~~~~~~~~~
/home/orion/esp/esp-idf/components/xtensa/include/xtensa/hal.h:739:28: error: storage class specified for parameter 'Xthal_xea_version'
  739 | extern const unsigned char Xthal_xea_version;
      |                            ^~~~~~~~~~~~~~~~~
/home/orion/esp/esp-idf/components/xtensa/include/xtensa/hal.h:740:28: error: storage class specified for parameter 'Xthal_have_interrupts'
  740 | extern const unsigned char Xthal_have_interrupts;
      |                            ^~~~~~~~~~~~~~~~~~~~~
/home/orion/esp/esp-idf/components/xtensa/include/xtensa/hal.h:741:28: error: storage class specified for parameter 'Xthal_have_highlevel_interrupts'
  741 | extern const unsigned char Xthal_have_highlevel_interrupts;
      |                            ^~~~~~~~~~~~~~~~~~~~~~~~~~~~~~~
/home/orion/esp/esp-idf/components/xtensa/include/xtensa/hal.h:742:28: error: storage class specified for parameter 'Xthal_have_nmi'
  742 | extern const unsigned char Xthal_have_nmi;
      |                            ^~~~~~~~~~~~~~
/home/orion/esp/esp-idf/components/xtensa/include/xtensa/hal.h:744:17: error: storage class specified for parameter 'xthal_get_prid'
  744 | extern unsigned xthal_get_prid( void );
      |                 ^~~~~~~~~~~~~~
/home/orion/esp/esp-idf/components/xtensa/include/xtensa/hal.h:752:17: error: storage class specified for parameter 'xthal_vpri_to_intlevel'
  752 | extern unsigned xthal_vpri_to_intlevel(unsigned vpri);
      |                 ^~~~~~~~~~~~~~~~~~~~~~
/home/orion/esp/esp-idf/components/xtensa/include/xtensa/hal.h:753:17: error: storage class specified for parameter 'xthal_intlevel_to_vpri'
  753 | extern unsigned xthal_intlevel_to_vpri(unsigned intlevel);
      |                 ^~~~~~~~~~~~~~~~~~~~~~
/home/orion/esp/esp-idf/components/xtensa/include/xtensa/hal.h:757:17: error: storage class specified for parameter 'xthal_int_enable'
  757 | extern unsigned xthal_int_enable(unsigned);
      |                 ^~~~~~~~~~~~~~~~
/home/orion/esp/esp-idf/components/xtensa/include/xtensa/hal.h:758:17: error: storage class specified for parameter 'xthal_int_disable'
  758 | extern unsigned xthal_int_disable(unsigned);
      |                 ^~~~~~~~~~~~~~~~~
/home/orion/esp/esp-idf/components/xtensa/include/xtensa/hal.h:761:17: error: storage class specified for parameter 'xthal_set_int_vpri'
  761 | extern int      xthal_set_int_vpri(int intnum, int vpri);
      |                 ^~~~~~~~~~~~~~~~~~
/home/orion/esp/esp-idf/components/xtensa/include/xtensa/hal.h:762:17: error: storage class specified for parameter 'xthal_get_int_vpri'
  762 | extern int      xthal_get_int_vpri(int intnum);
      |                 ^~~~~~~~~~~~~~~~~~
/home/orion/esp/esp-idf/components/xtensa/include/xtensa/hal.h:765:17: error: storage class specified for parameter 'xthal_set_vpri_locklevel'
  765 | extern void     xthal_set_vpri_locklevel(unsigned intlevel);
      |                 ^~~~~~~~~~~~~~~~~~~~~~~~
/home/orion/esp/esp-idf/components/xtensa/include/xtensa/hal.h:766:17: error: storage class specified for parameter 'xthal_get_vpri_locklevel'
  766 | extern unsigned xthal_get_vpri_locklevel(void);
      |                 ^~~~~~~~~~~~~~~~~~~~~~~~
/home/orion/esp/esp-idf/components/xtensa/include/xtensa/hal.h:769:17: error: storage class specified for parameter 'xthal_set_vpri'
  769 | extern unsigned xthal_set_vpri(unsigned vpri);
      |                 ^~~~~~~~~~~~~~
/home/orion/esp/esp-idf/components/xtensa/include/xtensa/hal.h:770:17: error: storage class specified for parameter 'xthal_get_vpri'
  770 | extern unsigned xthal_get_vpri(void);
      |                 ^~~~~~~~~~~~~~
/home/orion/esp/esp-idf/components/xtensa/include/xtensa/hal.h:771:17: error: storage class specified for parameter 'xthal_set_vpri_intlevel'
  771 | extern unsigned xthal_set_vpri_intlevel(unsigned intlevel);
      |                 ^~~~~~~~~~~~~~~~~~~~~~~
/home/orion/esp/esp-idf/components/xtensa/include/xtensa/hal.h:772:17: error: storage class specified for parameter 'xthal_set_vpri_lock'
  772 | extern unsigned xthal_set_vpri_lock(void);
      |                 ^~~~~~~~~~~~~~~~~~~
/home/orion/esp/esp-idf/components/xtensa/include/xtensa/hal.h:779:15: error: storage class specified for parameter 'XtHalVoidFunc'
  779 | typedef void (XtHalVoidFunc)(void);
      |               ^~~~~~~~~~~~~
/home/orion/esp/esp-idf/components/xtensa/include/xtensa/hal.h:782:17: error: storage class specified for parameter 'Xthal_tram_pending'
  782 | extern unsigned Xthal_tram_pending;
      |                 ^~~~~~~~~~~~~~~~~~
/home/orion/esp/esp-idf/components/xtensa/include/xtensa/hal.h:792:17: error: storage class specified for parameter 'Xthal_tram_enabled'
  792 | extern unsigned Xthal_tram_enabled;
      |                 ^~~~~~~~~~~~~~~~~~
/home/orion/esp/esp-idf/components/xtensa/include/xtensa/hal.h:795:17: error: storage class specified for parameter 'Xthal_tram_sync'
  795 | extern unsigned Xthal_tram_sync;
      |                 ^~~~~~~~~~~~~~~
/home/orion/esp/esp-idf/components/xtensa/include/xtensa/hal.h:798:18: error: storage class specified for parameter 'xthal_tram_pending_to_service'
  798 | extern unsigned  xthal_tram_pending_to_service( void );
      |                  ^~~~~~~~~~~~~~~~~~~~~~~~~~~~~
/home/orion/esp/esp-idf/components/xtensa/include/xtensa/hal.h:799:18: error: storage class specified for parameter 'xthal_tram_done'
  799 | extern void      xthal_tram_done( unsigned serviced_mask );
      |                  ^~~~~~~~~~~~~~~
/home/orion/esp/esp-idf/components/xtensa/include/xtensa/hal.h:800:18: error: storage class specified for parameter 'xthal_tram_set_sync'
  800 | extern int       xthal_tram_set_sync( int intnum, int sync );
      |                  ^~~~~~~~~~~~~~~~~~~
/home/orion/esp/esp-idf/components/xtensa/include/xtensa/hal.h:801:21: error: expected '=', ',', ';', 'asm' or '__attribute__' before '*' token
  801 | extern XtHalVoidFunc* xthal_set_tram_trigger_func( XtHalVoidFunc *trigger_fn );
      |                     ^
/home/orion/esp/esp-idf/components/xtensa/include/xtensa/hal.h:808:28: error: storage class specified for parameter 'Xthal_num_instrom'
  808 | extern const unsigned char Xthal_num_instrom;
      |                            ^~~~~~~~~~~~~~~~~
/home/orion/esp/esp-idf/components/xtensa/include/xtensa/hal.h:809:28: error: storage class specified for parameter 'Xthal_num_instram'
  809 | extern const unsigned char Xthal_num_instram;
      |                            ^~~~~~~~~~~~~~~~~
/home/orion/esp/esp-idf/components/xtensa/include/xtensa/hal.h:810:28: error: storage class specified for parameter 'Xthal_num_datarom'
  810 | extern const unsigned char Xthal_num_datarom;
      |                            ^~~~~~~~~~~~~~~~~
/home/orion/esp/esp-idf/components/xtensa/include/xtensa/hal.h:811:28: error: storage class specified for parameter 'Xthal_num_dataram'
  811 | extern const unsigned char Xthal_num_dataram;
      |                            ^~~~~~~~~~~~~~~~~
/home/orion/esp/esp-idf/components/xtensa/include/xtensa/hal.h:812:28: error: storage class specified for parameter 'Xthal_num_xlmi'
  812 | extern const unsigned char Xthal_num_xlmi;
      |                            ^~~~~~~~~~~~~~
/home/orion/esp/esp-idf/components/xtensa/include/xtensa/hal.h:816:28: error: storage class specified for parameter 'Xthal_instrom_vaddr'
  816 | extern const unsigned int  Xthal_instrom_vaddr[];
      |                            ^~~~~~~~~~~~~~~~~~~
/home/orion/esp/esp-idf/components/xtensa/include/xtensa/hal.h:817:28: error: storage class specified for parameter 'Xthal_instrom_paddr'
  817 | extern const unsigned int  Xthal_instrom_paddr[];
      |                            ^~~~~~~~~~~~~~~~~~~
/home/orion/esp/esp-idf/components/xtensa/include/xtensa/hal.h:818:28: error: storage class specified for parameter 'Xthal_instrom_size'
  818 | extern const unsigned int  Xthal_instrom_size [];
      |                            ^~~~~~~~~~~~~~~~~~
/home/orion/esp/esp-idf/components/xtensa/include/xtensa/hal.h:819:28: error: storage class specified for parameter 'Xthal_instram_vaddr'
  819 | extern const unsigned int  Xthal_instram_vaddr[];
      |                            ^~~~~~~~~~~~~~~~~~~
/home/orion/esp/esp-idf/components/xtensa/include/xtensa/hal.h:820:28: error: storage class specified for parameter 'Xthal_instram_paddr'
  820 | extern const unsigned int  Xthal_instram_paddr[];
      |                            ^~~~~~~~~~~~~~~~~~~
/home/orion/esp/esp-idf/components/xtensa/include/xtensa/hal.h:821:28: error: storage class specified for parameter 'Xthal_instram_size'
  821 | extern const unsigned int  Xthal_instram_size [];
      |                            ^~~~~~~~~~~~~~~~~~
/home/orion/esp/esp-idf/components/xtensa/include/xtensa/hal.h:822:28: error: storage class specified for parameter 'Xthal_datarom_vaddr'
  822 | extern const unsigned int  Xthal_datarom_vaddr[];
      |                            ^~~~~~~~~~~~~~~~~~~
/home/orion/esp/esp-idf/components/xtensa/include/xtensa/hal.h:823:28: error: storage class specified for parameter 'Xthal_datarom_paddr'
  823 | extern const unsigned int  Xthal_datarom_paddr[];
      |                            ^~~~~~~~~~~~~~~~~~~
/home/orion/esp/esp-idf/components/xtensa/include/xtensa/hal.h:824:28: error: storage class specified for parameter 'Xthal_datarom_size'
  824 | extern const unsigned int  Xthal_datarom_size [];
      |                            ^~~~~~~~~~~~~~~~~~
/home/orion/esp/esp-idf/components/xtensa/include/xtensa/hal.h:825:28: error: storage class specified for parameter 'Xthal_dataram_vaddr'
  825 | extern const unsigned int  Xthal_dataram_vaddr[];
      |                            ^~~~~~~~~~~~~~~~~~~
/home/orion/esp/esp-idf/components/xtensa/include/xtensa/hal.h:826:28: error: storage class specified for parameter 'Xthal_dataram_paddr'
  826 | extern const unsigned int  Xthal_dataram_paddr[];
      |                            ^~~~~~~~~~~~~~~~~~~
/home/orion/esp/esp-idf/components/xtensa/include/xtensa/hal.h:827:28: error: storage class specified for parameter 'Xthal_dataram_size'
  827 | extern const unsigned int  Xthal_dataram_size [];
      |                            ^~~~~~~~~~~~~~~~~~
/home/orion/esp/esp-idf/components/xtensa/include/xtensa/hal.h:828:28: error: storage class specified for parameter 'Xthal_xlmi_vaddr'
  828 | extern const unsigned int  Xthal_xlmi_vaddr[];
      |                            ^~~~~~~~~~~~~~~~
/home/orion/esp/esp-idf/components/xtensa/include/xtensa/hal.h:829:28: error: storage class specified for parameter 'Xthal_xlmi_paddr'
  829 | extern const unsigned int  Xthal_xlmi_paddr[];
      |                            ^~~~~~~~~~~~~~~~
/home/orion/esp/esp-idf/components/xtensa/include/xtensa/hal.h:830:28: error: storage class specified for parameter 'Xthal_xlmi_size'
  830 | extern const unsigned int  Xthal_xlmi_size [];
      |                            ^~~~~~~~~~~~~~~
/home/orion/esp/esp-idf/components/xtensa/include/xtensa/hal.h:838:28: error: storage class specified for parameter 'Xthal_icache_setwidth'
  838 | extern const unsigned char Xthal_icache_setwidth;
      |                            ^~~~~~~~~~~~~~~~~~~~~
/home/orion/esp/esp-idf/components/xtensa/include/xtensa/hal.h:839:28: error: storage class specified for parameter 'Xthal_dcache_setwidth'
  839 | extern const unsigned char Xthal_dcache_setwidth;
      |                            ^~~~~~~~~~~~~~~~~~~~~
/home/orion/esp/esp-idf/components/xtensa/include/xtensa/hal.h:841:28: error: storage class specified for parameter 'Xthal_icache_ways'
  841 | extern const unsigned int  Xthal_icache_ways;
      |                            ^~~~~~~~~~~~~~~~~
/home/orion/esp/esp-idf/components/xtensa/include/xtensa/hal.h:842:28: error: storage class specified for parameter 'Xthal_dcache_ways'
  842 | extern const unsigned int  Xthal_dcache_ways;
      |                            ^~~~~~~~~~~~~~~~~
/home/orion/esp/esp-idf/components/xtensa/include/xtensa/hal.h:844:28: error: storage class specified for parameter 'Xthal_icache_line_lockable'
  844 | extern const unsigned char Xthal_icache_line_lockable;
      |                            ^~~~~~~~~~~~~~~~~~~~~~~~~~
/home/orion/esp/esp-idf/components/xtensa/include/xtensa/hal.h:845:28: error: storage class specified for parameter 'Xthal_dcache_line_lockable'
  845 | extern const unsigned char Xthal_dcache_line_lockable;
      |                            ^~~~~~~~~~~~~~~~~~~~~~~~~~
/home/orion/esp/esp-idf/components/xtensa/include/xtensa/hal.h:848:17: error: storage class specified for parameter 'xthal_get_cacheattr'
  848 | extern unsigned xthal_get_cacheattr( void );
      |                 ^~~~~~~~~~~~~~~~~~~
/home/orion/esp/esp-idf/components/xtensa/include/xtensa/hal.h:849:17: error: storage class specified for parameter 'xthal_get_icacheattr'
  849 | extern unsigned xthal_get_icacheattr( void );
      |                 ^~~~~~~~~~~~~~~~~~~~
/home/orion/esp/esp-idf/components/xtensa/include/xtensa/hal.h:850:17: error: storage class specified for parameter 'xthal_get_dcacheattr'
  850 | extern unsigned xthal_get_dcacheattr( void );
      |                 ^~~~~~~~~~~~~~~~~~~~
/home/orion/esp/esp-idf/components/xtensa/include/xtensa/hal.h:851:17: error: storage class specified for parameter 'xthal_set_cacheattr'
  851 | extern void     xthal_set_cacheattr( unsigned );
      |                 ^~~~~~~~~~~~~~~~~~~
/home/orion/esp/esp-idf/components/xtensa/include/xtensa/hal.h:852:17: error: storage class specified for parameter 'xthal_set_icacheattr'
  852 | extern void     xthal_set_icacheattr( unsigned );
      |                 ^~~~~~~~~~~~~~~~~~~~
/home/orion/esp/esp-idf/components/xtensa/include/xtensa/hal.h:853:17: error: storage class specified for parameter 'xthal_set_dcacheattr'
  853 | extern void     xthal_set_dcacheattr( unsigned );
      |                 ^~~~~~~~~~~~~~~~~~~~
/home/orion/esp/esp-idf/components/xtensa/include/xtensa/hal.h:855:17: error: storage class specified for parameter 'xthal_set_region_attribute'
  855 | extern int      xthal_set_region_attribute( void *addr, unsigned size,
      |                 ^~~~~~~~~~~~~~~~~~~~~~~~~~
/home/orion/esp/esp-idf/components/xtensa/include/xtensa/hal.h:865:13: error: storage class specified for parameter 'xthal_icache_enable'
  865 | extern void xthal_icache_enable( void );        /* DEPRECATED */
      |             ^~~~~~~~~~~~~~~~~~~
/home/orion/esp/esp-idf/components/xtensa/include/xtensa/hal.h:866:13: error: storage class specified for parameter 'xthal_dcache_enable'
  866 | extern void xthal_dcache_enable( void );        /* DEPRECATED */
      |             ^~~~~~~~~~~~~~~~~~~
/home/orion/esp/esp-idf/components/xtensa/include/xtensa/hal.h:868:13: error: storage class specified for parameter 'xthal_icache_disable'
  868 | extern void xthal_icache_disable( void );       /* DEPRECATED */
      |             ^~~~~~~~~~~~~~~~~~~~
/home/orion/esp/esp-idf/components/xtensa/include/xtensa/hal.h:869:13: error: storage class specified for parameter 'xthal_dcache_disable'
  869 | extern void xthal_dcache_disable( void );       /* DEPRECATED */
      |             ^~~~~~~~~~~~~~~~~~~~
/home/orion/esp/esp-idf/components/xtensa/include/xtensa/hal.h:872:13: error: storage class specified for parameter 'xthal_icache_all_invalidate'
  872 | extern void xthal_icache_all_invalidate( void );
      |             ^~~~~~~~~~~~~~~~~~~~~~~~~~~
/home/orion/esp/esp-idf/components/xtensa/include/xtensa/hal.h:873:13: error: storage class specified for parameter 'xthal_dcache_all_invalidate'
  873 | extern void xthal_dcache_all_invalidate( void );
      |             ^~~~~~~~~~~~~~~~~~~~~~~~~~~
/home/orion/esp/esp-idf/components/xtensa/include/xtensa/hal.h:874:13: error: storage class specified for parameter 'xthal_dcache_all_writeback'
  874 | extern void xthal_dcache_all_writeback( void );
      |             ^~~~~~~~~~~~~~~~~~~~~~~~~~
/home/orion/esp/esp-idf/components/xtensa/include/xtensa/hal.h:875:13: error: storage class specified for parameter 'xthal_dcache_all_writeback_inv'
  875 | extern void xthal_dcache_all_writeback_inv( void );
      |             ^~~~~~~~~~~~~~~~~~~~~~~~~~~~~~
/home/orion/esp/esp-idf/components/xtensa/include/xtensa/hal.h:876:13: error: storage class specified for parameter 'xthal_icache_all_unlock'
  876 | extern void xthal_icache_all_unlock( void );
      |             ^~~~~~~~~~~~~~~~~~~~~~~
/home/orion/esp/esp-idf/components/xtensa/include/xtensa/hal.h:877:13: error: storage class specified for parameter 'xthal_dcache_all_unlock'
  877 | extern void xthal_dcache_all_unlock( void );
      |             ^~~~~~~~~~~~~~~~~~~~~~~
/home/orion/esp/esp-idf/components/xtensa/include/xtensa/hal.h:881:13: error: storage class specified for parameter 'xthal_icache_region_lock'
  881 | extern void xthal_icache_region_lock( void *addr, unsigned size );
      |             ^~~~~~~~~~~~~~~~~~~~~~~~
/home/orion/esp/esp-idf/components/xtensa/include/xtensa/hal.h:882:13: error: storage class specified for parameter 'xthal_dcache_region_lock'
  882 | extern void xthal_dcache_region_lock( void *addr, unsigned size );
      |             ^~~~~~~~~~~~~~~~~~~~~~~~
/home/orion/esp/esp-idf/components/xtensa/include/xtensa/hal.h:884:13: error: storage class specified for parameter 'xthal_icache_region_unlock'
  884 | extern void xthal_icache_region_unlock( void *addr, unsigned size );
      |             ^~~~~~~~~~~~~~~~~~~~~~~~~~
/home/orion/esp/esp-idf/components/xtensa/include/xtensa/hal.h:885:13: error: storage class specified for parameter 'xthal_dcache_region_unlock'
  885 | extern void xthal_dcache_region_unlock( void *addr, unsigned size );
      |             ^~~~~~~~~~~~~~~~~~~~~~~~~~
/home/orion/esp/esp-idf/components/xtensa/include/xtensa/hal.h:888:13: error: storage class specified for parameter 'xthal_icache_hugerange_invalidate'
  888 | extern void xthal_icache_hugerange_invalidate( void *addr, unsigned size );
      |             ^~~~~~~~~~~~~~~~~~~~~~~~~~~~~~~~~
/home/orion/esp/esp-idf/components/xtensa/include/xtensa/hal.h:889:13: error: storage class specified for parameter 'xthal_icache_hugerange_unlock'
  889 | extern void xthal_icache_hugerange_unlock( void *addr, unsigned size );
      |             ^~~~~~~~~~~~~~~~~~~~~~~~~~~~~
/home/orion/esp/esp-idf/components/xtensa/include/xtensa/hal.h:890:13: error: storage class specified for parameter 'xthal_dcache_hugerange_invalidate'
  890 | extern void xthal_dcache_hugerange_invalidate( void *addr, unsigned size );
      |             ^~~~~~~~~~~~~~~~~~~~~~~~~~~~~~~~~
/home/orion/esp/esp-idf/components/xtensa/include/xtensa/hal.h:891:13: error: storage class specified for parameter 'xthal_dcache_hugerange_unlock'
  891 | extern void xthal_dcache_hugerange_unlock( void *addr, unsigned size );
      |             ^~~~~~~~~~~~~~~~~~~~~~~~~~~~~
/home/orion/esp/esp-idf/components/xtensa/include/xtensa/hal.h:892:13: error: storage class specified for parameter 'xthal_dcache_hugerange_writeback'
  892 | extern void xthal_dcache_hugerange_writeback( void *addr, unsigned size );
      |             ^~~~~~~~~~~~~~~~~~~~~~~~~~~~~~~~
/home/orion/esp/esp-idf/components/xtensa/include/xtensa/hal.h:893:13: error: storage class specified for parameter 'xthal_dcache_hugerange_writeback_inv'
  893 | extern void xthal_dcache_hugerange_writeback_inv( void *addr, unsigned size );
      |             ^~~~~~~~~~~~~~~~~~~~~~~~~~~~~~~~~~~~
/home/orion/esp/esp-idf/components/xtensa/include/xtensa/hal.h:897:13: error: storage class specified for parameter 'xthal_icache_line_lock'
  897 | extern void xthal_icache_line_lock(void *addr);
      |             ^~~~~~~~~~~~~~~~~~~~~~
/home/orion/esp/esp-idf/components/xtensa/include/xtensa/hal.h:898:13: error: storage class specified for parameter 'xthal_dcache_line_lock'
  898 | extern void xthal_dcache_line_lock(void *addr);
      |             ^~~~~~~~~~~~~~~~~~~~~~
/home/orion/esp/esp-idf/components/xtensa/include/xtensa/hal.h:899:13: error: storage class specified for parameter 'xthal_icache_line_unlock'
  899 | extern void xthal_icache_line_unlock(void *addr);
      |             ^~~~~~~~~~~~~~~~~~~~~~~~
/home/orion/esp/esp-idf/components/xtensa/include/xtensa/hal.h:900:13: error: storage class specified for parameter 'xthal_dcache_line_unlock'
  900 | extern void xthal_dcache_line_unlock(void *addr);
      |             ^~~~~~~~~~~~~~~~~~~~~~~~
/home/orion/esp/esp-idf/components/xtensa/include/xtensa/hal.h:910:13: error: storage class specified for parameter 'xthal_memep_inject_error'
  910 | extern void xthal_memep_inject_error(void *addr, int size, int flags);
      |             ^~~~~~~~~~~~~~~~~~~~~~~~
/home/orion/esp/esp-idf/components/xtensa/include/xtensa/hal.h:918:28: error: storage class specified for parameter 'Xthal_have_spanning_way'
  918 | extern const unsigned char Xthal_have_spanning_way;
      |                            ^~~~~~~~~~~~~~~~~~~~~~~
/home/orion/esp/esp-idf/components/xtensa/include/xtensa/hal.h:919:28: error: storage class specified for parameter 'Xthal_have_identity_map'
  919 | extern const unsigned char Xthal_have_identity_map;
      |                            ^~~~~~~~~~~~~~~~~~~~~~~
/home/orion/esp/esp-idf/components/xtensa/include/xtensa/hal.h:920:28: error: storage class specified for parameter 'Xthal_have_mimic_cacheattr'
  920 | extern const unsigned char Xthal_have_mimic_cacheattr;
      |                            ^~~~~~~~~~~~~~~~~~~~~~~~~~
/home/orion/esp/esp-idf/components/xtensa/include/xtensa/hal.h:921:28: error: storage class specified for parameter 'Xthal_have_xlt_cacheattr'
  921 | extern const unsigned char Xthal_have_xlt_cacheattr;
      |                            ^~~~~~~~~~~~~~~~~~~~~~~~
/home/orion/esp/esp-idf/components/xtensa/include/xtensa/hal.h:922:28: error: storage class specified for parameter 'Xthal_have_cacheattr'
  922 | extern const unsigned char Xthal_have_cacheattr;
      |                            ^~~~~~~~~~~~~~~~~~~~
/home/orion/esp/esp-idf/components/xtensa/include/xtensa/hal.h:923:28: error: storage class specified for parameter 'Xthal_have_tlbs'
  923 | extern const unsigned char Xthal_have_tlbs;
      |                            ^~~~~~~~~~~~~~~
/home/orion/esp/esp-idf/components/xtensa/include/xtensa/hal.h:925:28: error: storage class specified for parameter 'Xthal_mmu_asid_bits'
  925 | extern const unsigned char Xthal_mmu_asid_bits;         /* 0 .. 8 */
      |                            ^~~~~~~~~~~~~~~~~~~
/home/orion/esp/esp-idf/components/xtensa/include/xtensa/hal.h:926:28: error: storage class specified for parameter 'Xthal_mmu_asid_kernel'
  926 | extern const unsigned char Xthal_mmu_asid_kernel;
      |                            ^~~~~~~~~~~~~~~~~~~~~
/home/orion/esp/esp-idf/components/xtensa/include/xtensa/hal.h:927:28: error: storage class specified for parameter 'Xthal_mmu_rings'
  927 | extern const unsigned char Xthal_mmu_rings;             /* 1 .. 4 (perhaps 0 if no MMU and/or no protection?) */
      |                            ^~~~~~~~~~~~~~~
/home/orion/esp/esp-idf/components/xtensa/include/xtensa/hal.h:928:28: error: storage class specified for parameter 'Xthal_mmu_ring_bits'
  928 | extern const unsigned char Xthal_mmu_ring_bits;
      |                            ^~~~~~~~~~~~~~~~~~~
/home/orion/esp/esp-idf/components/xtensa/include/xtensa/hal.h:929:28: error: storage class specified for parameter 'Xthal_mmu_sr_bits'
  929 | extern const unsigned char Xthal_mmu_sr_bits;
      |                            ^~~~~~~~~~~~~~~~~
/home/orion/esp/esp-idf/components/xtensa/include/xtensa/hal.h:930:28: error: storage class specified for parameter 'Xthal_mmu_ca_bits'
  930 | extern const unsigned char Xthal_mmu_ca_bits;
      |                            ^~~~~~~~~~~~~~~~~
/home/orion/esp/esp-idf/components/xtensa/include/xtensa/hal.h:931:28: error: storage class specified for parameter 'Xthal_mmu_max_pte_page_size'
  931 | extern const unsigned int  Xthal_mmu_max_pte_page_size;
      |                            ^~~~~~~~~~~~~~~~~~~~~~~~~~~
/home/orion/esp/esp-idf/components/xtensa/include/xtensa/hal.h:932:28: error: storage class specified for parameter 'Xthal_mmu_min_pte_page_size'
  932 | extern const unsigned int  Xthal_mmu_min_pte_page_size;
      |                            ^~~~~~~~~~~~~~~~~~~~~~~~~~~
/home/orion/esp/esp-idf/components/xtensa/include/xtensa/hal.h:934:28: error: storage class specified for parameter 'Xthal_itlb_way_bits'
  934 | extern const unsigned char Xthal_itlb_way_bits;
      |                            ^~~~~~~~~~~~~~~~~~~
/home/orion/esp/esp-idf/components/xtensa/include/xtensa/hal.h:935:28: error: storage class specified for parameter 'Xthal_itlb_ways'
  935 | extern const unsigned char Xthal_itlb_ways;
      |                            ^~~~~~~~~~~~~~~
/home/orion/esp/esp-idf/components/xtensa/include/xtensa/hal.h:936:28: error: storage class specified for parameter 'Xthal_itlb_arf_ways'
  936 | extern const unsigned char Xthal_itlb_arf_ways;
      |                            ^~~~~~~~~~~~~~~~~~~
/home/orion/esp/esp-idf/components/xtensa/include/xtensa/hal.h:937:28: error: storage class specified for parameter 'Xthal_dtlb_way_bits'
  937 | extern const unsigned char Xthal_dtlb_way_bits;
      |                            ^~~~~~~~~~~~~~~~~~~
/home/orion/esp/esp-idf/components/xtensa/include/xtensa/hal.h:938:28: error: storage class specified for parameter 'Xthal_dtlb_ways'
  938 | extern const unsigned char Xthal_dtlb_ways;
      |                            ^~~~~~~~~~~~~~~
/home/orion/esp/esp-idf/components/xtensa/include/xtensa/hal.h:939:28: error: storage class specified for parameter 'Xthal_dtlb_arf_ways'
  939 | extern const unsigned char Xthal_dtlb_arf_ways;
      |                            ^~~~~~~~~~~~~~~~~~~
/home/orion/esp/esp-idf/components/xtensa/include/xtensa/hal.h:991:13: error: storage class specified for parameter 'xthal_static_v2p'
  991 | extern int  xthal_static_v2p( unsigned vaddr, unsigned *paddrp );
      |             ^~~~~~~~~~~~~~~~
/home/orion/esp/esp-idf/components/xtensa/include/xtensa/hal.h:992:13: error: storage class specified for parameter 'xthal_static_p2v'
  992 | extern int  xthal_static_p2v( unsigned paddr, unsigned *vaddrp, unsigned cached );
      |             ^~~~~~~~~~~~~~~~
/home/orion/esp/esp-idf/components/xtensa/include/xtensa/hal.h:994:12: error: storage class specified for parameter 'xthal_set_region_translation'
  994 | extern int xthal_set_region_translation(void* vaddr, void* paddr,
      |            ^~~~~~~~~~~~~~~~~~~~~~~~~~~~
/home/orion/esp/esp-idf/components/xtensa/include/xtensa/hal.h:996:12: error: storage class specified for parameter 'xthal_v2p'
  996 | extern int xthal_v2p(void*, void**, unsigned*, unsigned*);
      |            ^~~~~~~~~
/home/orion/esp/esp-idf/components/xtensa/include/xtensa/hal.h:997:12: error: storage class specified for parameter 'xthal_invalidate_region'
  997 | extern int xthal_invalidate_region(void* addr);
      |            ^~~~~~~~~~~~~~~~~~~~~~~
/home/orion/esp/esp-idf/components/xtensa/include/xtensa/hal.h:998:12: error: storage class specified for parameter 'xthal_set_region_translation_raw'
  998 | extern int xthal_set_region_translation_raw(void *vaddr, void *paddr, unsigned cattr);
      |            ^~~~~~~~~~~~~~~~~~~~~~~~~~~~~~~~
/home/orion/esp/esp-idf/components/xtensa/include/xtensa/hal.h:1153:3: error: storage class specified for parameter 'xthal_MPU_entry'
 1153 | } xthal_MPU_entry;
      |   ^~~~~~~~~~~~~~~
/home/orion/esp/esp-idf/components/xtensa/include/xtensa/hal.h:1155:30: error: expected '=', ',', ';', 'asm' or '__attribute__' before 'Xthal_mpu_bgmap'
 1155 | extern const xthal_MPU_entry Xthal_mpu_bgmap[];
      |                              ^~~~~~~~~~~~~~~
/home/orion/esp/esp-idf/components/xtensa/include/xtensa/hal.h:1203:16: error: storage class specified for parameter 'xthal_is_kernel_readable'
 1203 | extern int32_t xthal_is_kernel_readable(uint32_t accessRights);
      |                ^~~~~~~~~~~~~~~~~~~~~~~~
/home/orion/esp/esp-idf/components/xtensa/include/xtensa/hal.h:1204:16: error: storage class specified for parameter 'xthal_is_kernel_writeable'
 1204 | extern int32_t xthal_is_kernel_writeable(uint32_t accessRights);
      |                ^~~~~~~~~~~~~~~~~~~~~~~~~
/home/orion/esp/esp-idf/components/xtensa/include/xtensa/hal.h:1205:16: error: storage class specified for parameter 'xthal_is_kernel_executable'
 1205 | extern int32_t xthal_is_kernel_executable(uint32_t accessRights);
      |                ^~~~~~~~~~~~~~~~~~~~~~~~~~
/home/orion/esp/esp-idf/components/xtensa/include/xtensa/hal.h:1206:16: error: storage class specified for parameter 'xthal_is_user_readable'
 1206 | extern int32_t xthal_is_user_readable(uint32_t accessRights);
      |                ^~~~~~~~~~~~~~~~~~~~~~
/home/orion/esp/esp-idf/components/xtensa/include/xtensa/hal.h:1207:16: error: storage class specified for parameter 'xthal_is_user_writeable'
 1207 | extern int32_t xthal_is_user_writeable (uint32_t accessRights);
      |                ^~~~~~~~~~~~~~~~~~~~~~~
/home/orion/esp/esp-idf/components/xtensa/include/xtensa/hal.h:1208:16: error: storage class specified for parameter 'xthal_is_user_executable'
 1208 | extern int32_t xthal_is_user_executable(uint32_t accessRights);
      |                ^~~~~~~~~~~~~~~~~~~~~~~~
/home/orion/esp/esp-idf/components/xtensa/include/xtensa/hal.h:1223:12: error: storage class specified for parameter 'xthal_encode_memory_type'
 1223 | extern int xthal_encode_memory_type(uint32_t x);
      |            ^~~~~~~~~~~~~~~~~~~~~~~~
/home/orion/esp/esp-idf/components/xtensa/include/xtensa/hal.h:1231:16: error: storage class specified for parameter 'xthal_is_cacheable'
 1231 | extern int32_t xthal_is_cacheable(uint32_t memoryType);
      |                ^~~~~~~~~~~~~~~~~~
/home/orion/esp/esp-idf/components/xtensa/include/xtensa/hal.h:1232:16: error: storage class specified for parameter 'xthal_is_writeback'
 1232 | extern int32_t xthal_is_writeback(uint32_t memoryType);
      |                ^~~~~~~~~~~~~~~~~~
/home/orion/esp/esp-idf/components/xtensa/include/xtensa/hal.h:1233:16: error: storage class specified for parameter 'xthal_is_device'
 1233 | extern int32_t xthal_is_device(uint32_t  memoryType);
      |                ^~~~~~~~~~~~~~~
/home/orion/esp/esp-idf/components/xtensa/include/xtensa/hal.h:1244:16: error: storage class specified for parameter 'xthal_read_map'
 1244 | extern int32_t xthal_read_map(struct xthal_MPU_entry* entries);
      |                ^~~~~~~~~~~~~~
/home/orion/esp/esp-idf/components/xtensa/include/xtensa/hal.h:1279:13: error: storage class specified for parameter 'xthal_write_map'
 1279 | extern void xthal_write_map(const struct xthal_MPU_entry* entries, uint32_t n);
      |             ^~~~~~~~~~~~~~~
/home/orion/esp/esp-idf/components/xtensa/include/xtensa/hal.h:1291:12: error: storage class specified for parameter 'xthal_check_map'
 1291 | extern int xthal_check_map(const struct xthal_MPU_entry* entries, uint32_t n);
      |            ^~~~~~~~~~~~~~~
/home/orion/esp/esp-idf/components/xtensa/include/xtensa/hal.h:1298:31: error: storage class specified for parameter 'xthal_get_entry_for_address'
 1298 | extern struct xthal_MPU_entry xthal_get_entry_for_address(void* vaddr,
      |                               ^~~~~~~~~~~~~~~~~~~~~~~~~~~
/home/orion/esp/esp-idf/components/xtensa/include/xtensa/hal.h:1310:1: error: storage class specified for parameter 'xthal_calc_cacheadrdis'
 1310 | xthal_calc_cacheadrdis(const struct xthal_MPU_entry* e, uint32_t n);
      | ^~~~~~~~~~~~~~~~~~~~~~
/home/orion/esp/esp-idf/components/xtensa/include/xtensa/hal.h:1360:12: error: storage class specified for parameter 'xthal_mpu_set_region_attribute'
 1360 | extern int xthal_mpu_set_region_attribute(void* vaddr, size_t size,
      |            ^~~~~~~~~~~~~~~~~~~~~~~~~~~~~~
/home/orion/esp/esp-idf/components/xtensa/include/xtensa/hal.h:1445:16: error: storage class specified for parameter 'xthal_read_background_map'
 1445 | extern int32_t xthal_read_background_map(struct xthal_MPU_entry* entries);
      |                ^~~~~~~~~~~~~~~~~~~~~~~~~
In file included from /home/orion/esp/esp-idf/components/freertos/FreeRTOS-Kernel/portable/xtensa/include/freertos/xtensa_config.h:48:
/home/orion/esp/esp-idf/components/xtensa/esp32/include/xtensa/config/core.h:1279:35: error: storage class specified for parameter 'Xthal_cp_id_FPU'
 1279 | extern const unsigned char XCJOIN(Xthal_cp_id_,XCHAL_CP0_IDENT);
      |                                   ^~~~~~~~~~~~
/home/orion/esp/esp-idf/components/xtensa/esp32/include/xtensa/config/core.h:1276:25: note: in definition of macro '_XCJOIN'
 1276 | # define _XCJOIN(a,b)   a ## b
      |                         ^
/home/orion/esp/esp-idf/components/xtensa/esp32/include/xtensa/config/core.h:1279:28: note: in expansion of macro 'XCJOIN'
 1279 | extern const unsigned char XCJOIN(Xthal_cp_id_,XCHAL_CP0_IDENT);
      |                            ^~~~~~
/home/orion/esp/esp-idf/components/xtensa/esp32/include/xtensa/config/core.h:1280:35: error: storage class specified for parameter 'Xthal_cp_mask_FPU'
 1280 | extern const unsigned int  XCJOIN(Xthal_cp_mask_,XCHAL_CP0_IDENT);
      |                                   ^~~~~~~~~~~~~~
/home/orion/esp/esp-idf/components/xtensa/esp32/include/xtensa/config/core.h:1276:25: note: in definition of macro '_XCJOIN'
 1276 | # define _XCJOIN(a,b)   a ## b
      |                         ^
/home/orion/esp/esp-idf/components/xtensa/esp32/include/xtensa/config/core.h:1280:28: note: in expansion of macro 'XCJOIN'
 1280 | extern const unsigned int  XCJOIN(Xthal_cp_mask_,XCHAL_CP0_IDENT);
      |                            ^~~~~~
/home/orion/esp/esp-idf/components/xtensa/esp32/include/xtensa/config/core.h:1283:35: error: storage class specified for parameter 'Xthal_cp_id_XCHAL_CP1_IDENT'
 1283 | extern const unsigned char XCJOIN(Xthal_cp_id_,XCHAL_CP1_IDENT);
      |                                   ^~~~~~~~~~~~
/home/orion/esp/esp-idf/components/xtensa/esp32/include/xtensa/config/core.h:1276:25: note: in definition of macro '_XCJOIN'
 1276 | # define _XCJOIN(a,b)   a ## b
      |                         ^
/home/orion/esp/esp-idf/components/xtensa/esp32/include/xtensa/config/core.h:1283:28: note: in expansion of macro 'XCJOIN'
 1283 | extern const unsigned char XCJOIN(Xthal_cp_id_,XCHAL_CP1_IDENT);
      |                            ^~~~~~
/home/orion/esp/esp-idf/components/xtensa/esp32/include/xtensa/config/core.h:1284:35: error: storage class specified for parameter 'Xthal_cp_mask_XCHAL_CP1_IDENT'
 1284 | extern const unsigned int  XCJOIN(Xthal_cp_mask_,XCHAL_CP1_IDENT);
      |                                   ^~~~~~~~~~~~~~
/home/orion/esp/esp-idf/components/xtensa/esp32/include/xtensa/config/core.h:1276:25: note: in definition of macro '_XCJOIN'
 1276 | # define _XCJOIN(a,b)   a ## b
      |                         ^
/home/orion/esp/esp-idf/components/xtensa/esp32/include/xtensa/config/core.h:1284:28: note: in expansion of macro 'XCJOIN'
 1284 | extern const unsigned int  XCJOIN(Xthal_cp_mask_,XCHAL_CP1_IDENT);
      |                            ^~~~~~
/home/orion/esp/esp-idf/components/xtensa/esp32/include/xtensa/config/core.h:1287:35: error: storage class specified for parameter 'Xthal_cp_id_XCHAL_CP2_IDENT'
 1287 | extern const unsigned char XCJOIN(Xthal_cp_id_,XCHAL_CP2_IDENT);
      |                                   ^~~~~~~~~~~~
/home/orion/esp/esp-idf/components/xtensa/esp32/include/xtensa/config/core.h:1276:25: note: in definition of macro '_XCJOIN'
 1276 | # define _XCJOIN(a,b)   a ## b
      |                         ^
/home/orion/esp/esp-idf/components/xtensa/esp32/include/xtensa/config/core.h:1287:28: note: in expansion of macro 'XCJOIN'
 1287 | extern const unsigned char XCJOIN(Xthal_cp_id_,XCHAL_CP2_IDENT);
      |                            ^~~~~~
/home/orion/esp/esp-idf/components/xtensa/esp32/include/xtensa/config/core.h:1288:35: error: storage class specified for parameter 'Xthal_cp_mask_XCHAL_CP2_IDENT'
 1288 | extern const unsigned int  XCJOIN(Xthal_cp_mask_,XCHAL_CP2_IDENT);
      |                                   ^~~~~~~~~~~~~~
/home/orion/esp/esp-idf/components/xtensa/esp32/include/xtensa/config/core.h:1276:25: note: in definition of macro '_XCJOIN'
 1276 | # define _XCJOIN(a,b)   a ## b
      |                         ^
/home/orion/esp/esp-idf/components/xtensa/esp32/include/xtensa/config/core.h:1288:28: note: in expansion of macro 'XCJOIN'
 1288 | extern const unsigned int  XCJOIN(Xthal_cp_mask_,XCHAL_CP2_IDENT);
      |                            ^~~~~~
/home/orion/esp/esp-idf/components/xtensa/esp32/include/xtensa/config/core.h:1291:35: error: storage class specified for parameter 'Xthal_cp_id_XCHAL_CP3_IDENT'
 1291 | extern const unsigned char XCJOIN(Xthal_cp_id_,XCHAL_CP3_IDENT);
      |                                   ^~~~~~~~~~~~
/home/orion/esp/esp-idf/components/xtensa/esp32/include/xtensa/config/core.h:1276:25: note: in definition of macro '_XCJOIN'
 1276 | # define _XCJOIN(a,b)   a ## b
      |                         ^
/home/orion/esp/esp-idf/components/xtensa/esp32/include/xtensa/config/core.h:1291:28: note: in expansion of macro 'XCJOIN'
 1291 | extern const unsigned char XCJOIN(Xthal_cp_id_,XCHAL_CP3_IDENT);
      |                            ^~~~~~
/home/orion/esp/esp-idf/components/xtensa/esp32/include/xtensa/config/core.h:1292:35: error: storage class specified for parameter 'Xthal_cp_mask_XCHAL_CP3_IDENT'
 1292 | extern const unsigned int  XCJOIN(Xthal_cp_mask_,XCHAL_CP3_IDENT);
      |                                   ^~~~~~~~~~~~~~
/home/orion/esp/esp-idf/components/xtensa/esp32/include/xtensa/config/core.h:1276:25: note: in definition of macro '_XCJOIN'
 1276 | # define _XCJOIN(a,b)   a ## b
      |                         ^
/home/orion/esp/esp-idf/components/xtensa/esp32/include/xtensa/config/core.h:1292:28: note: in expansion of macro 'XCJOIN'
 1292 | extern const unsigned int  XCJOIN(Xthal_cp_mask_,XCHAL_CP3_IDENT);
      |                            ^~~~~~
/home/orion/esp/esp-idf/components/xtensa/esp32/include/xtensa/config/core.h:1295:35: error: storage class specified for parameter 'Xthal_cp_id_XCHAL_CP4_IDENT'
 1295 | extern const unsigned char XCJOIN(Xthal_cp_id_,XCHAL_CP4_IDENT);
      |                                   ^~~~~~~~~~~~
/home/orion/esp/esp-idf/components/xtensa/esp32/include/xtensa/config/core.h:1276:25: note: in definition of macro '_XCJOIN'
 1276 | # define _XCJOIN(a,b)   a ## b
      |                         ^
/home/orion/esp/esp-idf/components/xtensa/esp32/include/xtensa/config/core.h:1295:28: note: in expansion of macro 'XCJOIN'
 1295 | extern const unsigned char XCJOIN(Xthal_cp_id_,XCHAL_CP4_IDENT);
      |                            ^~~~~~
/home/orion/esp/esp-idf/components/xtensa/esp32/include/xtensa/config/core.h:1296:35: error: storage class specified for parameter 'Xthal_cp_mask_XCHAL_CP4_IDENT'
 1296 | extern const unsigned int  XCJOIN(Xthal_cp_mask_,XCHAL_CP4_IDENT);
      |                                   ^~~~~~~~~~~~~~
/home/orion/esp/esp-idf/components/xtensa/esp32/include/xtensa/config/core.h:1276:25: note: in definition of macro '_XCJOIN'
 1276 | # define _XCJOIN(a,b)   a ## b
      |                         ^
/home/orion/esp/esp-idf/components/xtensa/esp32/include/xtensa/config/core.h:1296:28: note: in expansion of macro 'XCJOIN'
 1296 | extern const unsigned int  XCJOIN(Xthal_cp_mask_,XCHAL_CP4_IDENT);
      |                            ^~~~~~
/home/orion/esp/esp-idf/components/xtensa/esp32/include/xtensa/config/core.h:1299:35: error: storage class specified for parameter 'Xthal_cp_id_XCHAL_CP5_IDENT'
 1299 | extern const unsigned char XCJOIN(Xthal_cp_id_,XCHAL_CP5_IDENT);
      |                                   ^~~~~~~~~~~~
/home/orion/esp/esp-idf/components/xtensa/esp32/include/xtensa/config/core.h:1276:25: note: in definition of macro '_XCJOIN'
 1276 | # define _XCJOIN(a,b)   a ## b
      |                         ^
/home/orion/esp/esp-idf/components/xtensa/esp32/include/xtensa/config/core.h:1299:28: note: in expansion of macro 'XCJOIN'
 1299 | extern const unsigned char XCJOIN(Xthal_cp_id_,XCHAL_CP5_IDENT);
      |                            ^~~~~~
/home/orion/esp/esp-idf/components/xtensa/esp32/include/xtensa/config/core.h:1300:35: error: storage class specified for parameter 'Xthal_cp_mask_XCHAL_CP5_IDENT'
 1300 | extern const unsigned int  XCJOIN(Xthal_cp_mask_,XCHAL_CP5_IDENT);
      |                                   ^~~~~~~~~~~~~~
/home/orion/esp/esp-idf/components/xtensa/esp32/include/xtensa/config/core.h:1276:25: note: in definition of macro '_XCJOIN'
 1276 | # define _XCJOIN(a,b)   a ## b
      |                         ^
/home/orion/esp/esp-idf/components/xtensa/esp32/include/xtensa/config/core.h:1300:28: note: in expansion of macro 'XCJOIN'
 1300 | extern const unsigned int  XCJOIN(Xthal_cp_mask_,XCHAL_CP5_IDENT);
      |                            ^~~~~~
/home/orion/esp/esp-idf/components/xtensa/esp32/include/xtensa/config/core.h:1303:35: error: storage class specified for parameter 'Xthal_cp_id_XCHAL_CP6_IDENT'
 1303 | extern const unsigned char XCJOIN(Xthal_cp_id_,XCHAL_CP6_IDENT);
      |                                   ^~~~~~~~~~~~
/home/orion/esp/esp-idf/components/xtensa/esp32/include/xtensa/config/core.h:1276:25: note: in definition of macro '_XCJOIN'
 1276 | # define _XCJOIN(a,b)   a ## b
      |                         ^
/home/orion/esp/esp-idf/components/xtensa/esp32/include/xtensa/config/core.h:1303:28: note: in expansion of macro 'XCJOIN'
 1303 | extern const unsigned char XCJOIN(Xthal_cp_id_,XCHAL_CP6_IDENT);
      |                            ^~~~~~
/home/orion/esp/esp-idf/components/xtensa/esp32/include/xtensa/config/core.h:1304:35: error: storage class specified for parameter 'Xthal_cp_mask_XCHAL_CP6_IDENT'
 1304 | extern const unsigned int  XCJOIN(Xthal_cp_mask_,XCHAL_CP6_IDENT);
      |                                   ^~~~~~~~~~~~~~
/home/orion/esp/esp-idf/components/xtensa/esp32/include/xtensa/config/core.h:1276:25: note: in definition of macro '_XCJOIN'
 1276 | # define _XCJOIN(a,b)   a ## b
      |                         ^
/home/orion/esp/esp-idf/components/xtensa/esp32/include/xtensa/config/core.h:1304:28: note: in expansion of macro 'XCJOIN'
 1304 | extern const unsigned int  XCJOIN(Xthal_cp_mask_,XCHAL_CP6_IDENT);
      |                            ^~~~~~
/home/orion/esp/esp-idf/components/xtensa/esp32/include/xtensa/config/core.h:1307:35: error: storage class specified for parameter 'Xthal_cp_id_XCHAL_CP7_IDENT'
 1307 | extern const unsigned char XCJOIN(Xthal_cp_id_,XCHAL_CP7_IDENT);
      |                                   ^~~~~~~~~~~~
/home/orion/esp/esp-idf/components/xtensa/esp32/include/xtensa/config/core.h:1276:25: note: in definition of macro '_XCJOIN'
 1276 | # define _XCJOIN(a,b)   a ## b
      |                         ^
/home/orion/esp/esp-idf/components/xtensa/esp32/include/xtensa/config/core.h:1307:28: note: in expansion of macro 'XCJOIN'
 1307 | extern const unsigned char XCJOIN(Xthal_cp_id_,XCHAL_CP7_IDENT);
      |                            ^~~~~~
/home/orion/esp/esp-idf/components/xtensa/esp32/include/xtensa/config/core.h:1308:35: error: storage class specified for parameter 'Xthal_cp_mask_XCHAL_CP7_IDENT'
 1308 | extern const unsigned int  XCJOIN(Xthal_cp_mask_,XCHAL_CP7_IDENT);
      |                                   ^~~~~~~~~~~~~~
/home/orion/esp/esp-idf/components/xtensa/esp32/include/xtensa/config/core.h:1276:25: note: in definition of macro '_XCJOIN'
 1276 | # define _XCJOIN(a,b)   a ## b
      |                         ^
/home/orion/esp/esp-idf/components/xtensa/esp32/include/xtensa/config/core.h:1308:28: note: in expansion of macro 'XCJOIN'
 1308 | extern const unsigned int  XCJOIN(Xthal_cp_mask_,XCHAL_CP7_IDENT);
      |                            ^~~~~~
In file included from /home/orion/esp/esp-idf/components/xtensa/include/xtensa/xtensa_context.h:48,
                 from /home/orion/esp/esp-idf/components/freertos/FreeRTOS-Kernel/portable/xtensa/include/freertos/xtensa_context.h:2,
                 from /home/orion/esp/esp-idf/components/freertos/FreeRTOS-Kernel/portable/xtensa/include/freertos/xtensa_config.h:51:
/home/orion/esp/esp-idf/components/xtensa/include/xtensa/xtruntime-frames.h:84:12: error: storage class specified for parameter 'KernelFrame'
   84 | STRUCT_END(KernelFrame)
      |            ^~~~~~~~~~~
/home/orion/esp/esp-idf/components/xtensa/include/xtensa/xtruntime-frames.h:57:35: note: in definition of macro 'STRUCT_END'
   57 | #define STRUCT_END(sname)       } sname;
      |                                   ^~~~~
/home/orion/esp/esp-idf/components/xtensa/include/xtensa/xtruntime-frames.h:139:12: error: storage class specified for parameter 'UserFrame'
  139 | STRUCT_END(UserFrame)
      |            ^~~~~~~~~
/home/orion/esp/esp-idf/components/xtensa/include/xtensa/xtruntime-frames.h:57:35: note: in definition of macro 'STRUCT_END'
   57 | #define STRUCT_END(sname)       } sname;
      |                                   ^~~~~
/home/orion/esp/esp-idf/components/xtensa/include/xtensa/xtensa_context.h:158:12: error: storage class specified for parameter 'XtExcFrame'
  158 | STRUCT_END(XtExcFrame)
      |            ^~~~~~~~~~
/home/orion/esp/esp-idf/components/xtensa/include/xtensa/xtensa_context.h:92:35: note: in definition of macro 'STRUCT_END'
   92 | #define STRUCT_END(sname)       } sname;
      |                                   ^~~~~
/home/orion/esp/esp-idf/components/xtensa/include/xtensa/xtensa_context.h:251:12: error: storage class specified for parameter 'XtSolFrame'
  251 | STRUCT_END(XtSolFrame)
      |            ^~~~~~~~~~
/home/orion/esp/esp-idf/components/xtensa/include/xtensa/xtensa_context.h:92:35: note: in definition of macro 'STRUCT_END'
   92 | #define STRUCT_END(sname)       } sname;
      |                                   ^~~~~
In file included from /home/orion/esp/esp-idf/components/freertos/FreeRTOS-Kernel/include/freertos/FreeRTOS.h:68:
/home/orion/esp/esp-idf/components/freertos/FreeRTOS-Kernel/include/freertos/projdefs.h:42:17: error: storage class specified for parameter 'TaskFunction_t'
   42 | typedef void (* TaskFunction_t)( void * );
      |                 ^~~~~~~~~~~~~~
/home/orion/esp/esp-idf/components/xtensa/include/xtensa/xtruntime-core-state.h:211:12: error: storage class specified for parameter 'XtosCoreState'
  211 | STRUCT_END(XtosCoreState)
      |            ^~~~~~~~~~~~~
/home/orion/esp/esp-idf/components/xtensa/include/xtensa/xtensa_context.h:92:35: note: in definition of macro 'STRUCT_END'
   92 | #define STRUCT_END(sname)       } sname;
      |                                   ^~~~~
In file included from /home/orion/esp/esp-idf/components/freertos/FreeRTOS-Kernel/portable/xtensa/include/freertos/portmacro.h:72,
                 from /home/orion/esp/esp-idf/components/freertos/FreeRTOS-Kernel/include/freertos/portable.h:59,
                 from /home/orion/esp/esp-idf/components/freertos/FreeRTOS-Kernel/include/freertos/FreeRTOS.h:71:
/home/orion/esp/esp-idf/components/xtensa/include/xtensa/xtruntime.h:65:15: error: storage class specified for parameter '_xtos_handler_func'
   65 | typedef void (_xtos_handler_func)(void);
      |               ^~~~~~~~~~~~~~~~~~
/home/orion/esp/esp-idf/components/xtensa/include/xtensa/xtruntime.h:67:28: error: expected '=', ',', ';', 'asm' or '__attribute__' before '*' token
   67 | typedef _xtos_handler_func *_xtos_handler;
      |                            ^
/home/orion/esp/esp-idf/components/xtensa/include/xtensa/xtruntime.h:155:25: error: storage class specified for parameter '_xtos_ints_off'
  155 | extern unsigned int     _xtos_ints_off( unsigned int mask );
      |                         ^~~~~~~~~~~~~~
/home/orion/esp/esp-idf/components/xtensa/include/xtensa/xtruntime.h:156:25: error: storage class specified for parameter '_xtos_ints_on'
  156 | extern unsigned int     _xtos_ints_on( unsigned int mask );
      |                         ^~~~~~~~~~~~~
/home/orion/esp/esp-idf/components/xtensa/include/xtensa/xtruntime.h:160:1: error: expected '=', ',', ';', 'asm' or '__attribute__' before '{' token
  160 | {
      | ^
/home/orion/esp/esp-idf/components/xtensa/include/xtensa/xtruntime.h:165:1: error: expected '=', ',', ';', 'asm' or '__attribute__' before '{' token
  165 | {
      | ^
/home/orion/esp/esp-idf/components/xtensa/include/xtensa/xtruntime.h:169:25: error: storage class specified for parameter '_xtos_set_intlevel'
  169 | extern unsigned         _xtos_set_intlevel( int intlevel );
      |                         ^~~~~~~~~~~~~~~~~~
/home/orion/esp/esp-idf/components/xtensa/include/xtensa/xtruntime.h:170:25: error: storage class specified for parameter '_xtos_set_min_intlevel'
  170 | extern unsigned         _xtos_set_min_intlevel( int intlevel );
      |                         ^~~~~~~~~~~~~~~~~~~~~~
/home/orion/esp/esp-idf/components/xtensa/include/xtensa/xtruntime.h:171:25: error: storage class specified for parameter '_xtos_restore_intlevel'
  171 | extern unsigned         _xtos_restore_intlevel( unsigned restoreval );
      |                         ^~~~~~~~~~~~~~~~~~~~~~
/home/orion/esp/esp-idf/components/xtensa/include/xtensa/xtruntime.h:172:25: error: storage class specified for parameter '_xtos_restore_just_intlevel'
  172 | extern unsigned         _xtos_restore_just_intlevel( unsigned restoreval );
      |                         ^~~~~~~~~~~~~~~~~~~~~~~~~~~
/home/orion/esp/esp-idf/components/xtensa/include/xtensa/xtruntime.h:173:8: error: unknown type name '_xtos_handler'
  173 | extern _xtos_handler    _xtos_set_interrupt_handler( int n, _xtos_handler f );
      |        ^~~~~~~~~~~~~
/home/orion/esp/esp-idf/components/xtensa/include/xtensa/xtruntime.h:173:61: error: unknown type name '_xtos_handler'
  173 | extern _xtos_handler    _xtos_set_interrupt_handler( int n, _xtos_handler f );
      |                                                             ^~~~~~~~~~~~~
/home/orion/esp/esp-idf/components/xtensa/include/xtensa/xtruntime.h:174:8: error: unknown type name '_xtos_handler'
  174 | extern _xtos_handler    _xtos_set_interrupt_handler_arg( int n, _xtos_handler f, void *arg );
      |        ^~~~~~~~~~~~~
/home/orion/esp/esp-idf/components/xtensa/include/xtensa/xtruntime.h:174:65: error: unknown type name '_xtos_handler'
  174 | extern _xtos_handler    _xtos_set_interrupt_handler_arg( int n, _xtos_handler f, void *arg );
      |                                                                 ^~~~~~~~~~~~~
/home/orion/esp/esp-idf/components/xtensa/include/xtensa/xtruntime.h:175:8: error: unknown type name '_xtos_handler'
  175 | extern _xtos_handler    _xtos_set_exception_handler( int n, _xtos_handler f );
      |        ^~~~~~~~~~~~~
/home/orion/esp/esp-idf/components/xtensa/include/xtensa/xtruntime.h:175:61: error: unknown type name '_xtos_handler'
  175 | extern _xtos_handler    _xtos_set_exception_handler( int n, _xtos_handler f );
      |                                                             ^~~~~~~~~~~~~
/home/orion/esp/esp-idf/components/xtensa/include/xtensa/xtruntime.h:177:25: error: storage class specified for parameter '_xtos_memep_initrams'
  177 | extern void             _xtos_memep_initrams( void );
      |                         ^~~~~~~~~~~~~~~~~~~~
/home/orion/esp/esp-idf/components/xtensa/include/xtensa/xtruntime.h:178:25: error: storage class specified for parameter '_xtos_memep_enable'
  178 | extern void             _xtos_memep_enable( int flags );
      |                         ^~~~~~~~~~~~~~~~~~
/home/orion/esp/esp-idf/components/xtensa/include/xtensa/xtruntime.h:182:25: error: storage class specified for parameter '_xtos_dispatch_level1_interrupts'
  182 | extern void             _xtos_dispatch_level1_interrupts( void );
      |                         ^~~~~~~~~~~~~~~~~~~~~~~~~~~~~~~~
/home/orion/esp/esp-idf/components/xtensa/include/xtensa/xtruntime.h:185:25: error: storage class specified for parameter '_xtos_dispatch_level2_interrupts'
  185 | extern void             _xtos_dispatch_level2_interrupts( void );
      |                         ^~~~~~~~~~~~~~~~~~~~~~~~~~~~~~~~
/home/orion/esp/esp-idf/components/xtensa/include/xtensa/xtruntime.h:188:25: error: storage class specified for parameter '_xtos_dispatch_level3_interrupts'
  188 | extern void             _xtos_dispatch_level3_interrupts( void );
      |                         ^~~~~~~~~~~~~~~~~~~~~~~~~~~~~~~~
/home/orion/esp/esp-idf/components/xtensa/include/xtensa/xtruntime.h:191:25: error: storage class specified for parameter '_xtos_dispatch_level4_interrupts'
  191 | extern void             _xtos_dispatch_level4_interrupts( void );
      |                         ^~~~~~~~~~~~~~~~~~~~~~~~~~~~~~~~
/home/orion/esp/esp-idf/components/xtensa/include/xtensa/xtruntime.h:194:25: error: storage class specified for parameter '_xtos_dispatch_level5_interrupts'
  194 | extern void             _xtos_dispatch_level5_interrupts( void );
      |                         ^~~~~~~~~~~~~~~~~~~~~~~~~~~~~~~~
/home/orion/esp/esp-idf/components/xtensa/include/xtensa/xtruntime.h:197:25: error: storage class specified for parameter '_xtos_dispatch_level6_interrupts'
  197 | extern void             _xtos_dispatch_level6_interrupts( void );
      |                         ^~~~~~~~~~~~~~~~~~~~~~~~~~~~~~~~
/home/orion/esp/esp-idf/components/xtensa/include/xtensa/xtruntime.h:201:25: error: storage class specified for parameter '_xtos_read_ints'
  201 | extern unsigned int     _xtos_read_ints( void );
      |                         ^~~~~~~~~~~~~~~
/home/orion/esp/esp-idf/components/xtensa/include/xtensa/xtruntime.h:202:25: error: storage class specified for parameter '_xtos_clear_ints'
  202 | extern void             _xtos_clear_ints( unsigned int mask );
      |                         ^~~~~~~~~~~~~~~~
/home/orion/esp/esp-idf/components/xtensa/include/xtensa/xtruntime.h:206:25: error: storage class specified for parameter '_xtos_core_shutoff'
  206 | extern int              _xtos_core_shutoff(unsigned flags);
      |                         ^~~~~~~~~~~~~~~~~~
/home/orion/esp/esp-idf/components/xtensa/include/xtensa/xtruntime.h:207:57: error: expected declaration specifiers or '...' before 'XtosCoreState'
  207 | extern int              _xtos_core_save(unsigned flags, XtosCoreState *savearea, void *code);
      |                                                         ^~~~~~~~~~~~~
/home/orion/esp/esp-idf/components/xtensa/include/xtensa/xtruntime.h:208:63: error: expected declaration specifiers or '...' before 'XtosCoreState'
  208 | extern void             _xtos_core_restore(unsigned retvalue, XtosCoreState *savearea);
      |                                                               ^~~~~~~~~~~~~
/home/orion/esp/esp-idf/components/xtensa/include/xtensa/xtruntime.h:218:25: error: storage class specified for parameter '_xtos_timer_0_delta'
  218 | extern void             _xtos_timer_0_delta( int cycles );
      |                         ^~~~~~~~~~~~~~~~~~~
/home/orion/esp/esp-idf/components/xtensa/include/xtensa/xtruntime.h:221:25: error: storage class specified for parameter '_xtos_timer_1_delta'
  221 | extern void             _xtos_timer_1_delta( int cycles );
      |                         ^~~~~~~~~~~~~~~~~~~
/home/orion/esp/esp-idf/components/xtensa/include/xtensa/xtruntime.h:224:25: error: storage class specified for parameter '_xtos_timer_2_delta'
  224 | extern void             _xtos_timer_2_delta( int cycles );
      |                         ^~~~~~~~~~~~~~~~~~~
In file included from /home/orion/esp/esp-idf/components/esp_hw_support/include/esp_cpu.h:15,
                 from /home/orion/esp/esp-idf/components/esp_hw_support/include/spinlock.h:11,
                 from /home/orion/esp/esp-idf/components/freertos/FreeRTOS-Kernel/portable/xtensa/include/freertos/portmacro.h:74:
/home/orion/esp/esp-idf/components/xtensa/include/xtensa/xtensa_api.h:37:16: error: storage class specified for parameter 'xt_handler'
   37 | typedef void (*xt_handler)(void *);
      |                ^~~~~~~~~~
/home/orion/esp/esp-idf/components/xtensa/include/xtensa/xtensa_api.h:40:32: error: expected declaration specifiers or '...' before 'XtExcFrame'
   40 | typedef void (*xt_exc_handler)(XtExcFrame *);
      |                                ^~~~~~~~~~
/home/orion/esp/esp-idf/components/xtensa/include/xtensa/xtensa_api.h:60:8: error: unknown type name 'xt_exc_handler'
   60 | extern xt_exc_handler xt_set_exception_handler(int n, xt_exc_handler f);
      |        ^~~~~~~~~~~~~~
/home/orion/esp/esp-idf/components/xtensa/include/xtensa/xtensa_api.h:60:55: error: unknown type name 'xt_exc_handler'
   60 | extern xt_exc_handler xt_set_exception_handler(int n, xt_exc_handler f);
      |                                                       ^~~~~~~~~~~~~~
/home/orion/esp/esp-idf/components/xtensa/include/xtensa/xtensa_api.h:73:19: error: expected '=', ',', ';', 'asm' or '__attribute__' before 'xt_set_interrupt_handler'
   73 | extern xt_handler xt_set_interrupt_handler(int n, xt_handler f, void * arg);
      |                   ^~~~~~~~~~~~~~~~~~~~~~~~
/home/orion/esp/esp-idf/components/xtensa/include/xtensa/xtensa_api.h:84:13: error: storage class specified for parameter 'xt_ints_on'
   84 | extern void xt_ints_on(unsigned int mask);
      |             ^~~~~~~~~~
/home/orion/esp/esp-idf/components/xtensa/include/xtensa/xtensa_api.h:95:13: error: storage class specified for parameter 'xt_ints_off'
   95 | extern void xt_ints_off(unsigned int mask);
      |             ^~~~~~~~~~~
/home/orion/esp/esp-idf/components/xtensa/include/xtensa/xtensa_api.h:104:1: error: expected '=', ',', ';', 'asm' or '__attribute__' before '{' token
  104 | {
      | ^
/home/orion/esp/esp-idf/components/xtensa/include/xtensa/xtensa_api.h:116:1: error: expected '=', ',', ';', 'asm' or '__attribute__' before '{' token
  116 | {
      | ^
/home/orion/esp/esp-idf/components/xtensa/include/xtensa/xtensa_api.h:127:15: error: storage class specified for parameter 'xt_get_interrupt_handler_arg'
  127 | extern void * xt_get_interrupt_handler_arg(int n);
      |               ^~~~~~~~~~~~~~~~~~~~~~~~~~~~
In file included from /home/orion/esp/esp-idf/components/esp_hw_support/include/esp_cpu.h:16:
/home/orion/esp/esp-idf/components/xtensa/include/xt_utils.h:28:1: error: expected '=', ',', ';', 'asm' or '__attribute__' before '{' token
   28 | {
      | ^
/home/orion/esp/esp-idf/components/xtensa/include/xt_utils.h:47:1: error: expected '=', ',', ';', 'asm' or '__attribute__' before '{' token
   47 | {
      | ^
/home/orion/esp/esp-idf/components/xtensa/include/xt_utils.h:61:1: error: expected '=', ',', ';', 'asm' or '__attribute__' before '{' token
   61 | {
      | ^
/home/orion/esp/esp-idf/components/xtensa/include/xt_utils.h:68:1: error: expected '=', ',', ';', 'asm' or '__attribute__' before '{' token
   68 | {
      | ^
/home/orion/esp/esp-idf/components/xtensa/include/xt_utils.h:75:1: error: expected '=', ',', ';', 'asm' or '__attribute__' before '{' token
   75 | {
      | ^
/home/orion/esp/esp-idf/components/xtensa/include/xt_utils.h:80:1: error: expected '=', ',', ';', 'asm' or '__attribute__' before '{' token
   80 | {
      | ^
/home/orion/esp/esp-idf/components/xtensa/include/xt_utils.h:93:1: error: expected '=', ',', ';', 'asm' or '__attribute__' before '{' token
   93 | {
      | ^
/home/orion/esp/esp-idf/components/xtensa/include/xt_utils.h:100:1: error: expected '=', ',', ';', 'asm' or '__attribute__' before '{' token
  100 | {
      | ^
/home/orion/esp/esp-idf/components/xtensa/include/xt_utils.h:117:1: error: expected '=', ',', ';', 'asm' or '__attribute__' before '{' token
  117 | {
      | ^
/home/orion/esp/esp-idf/components/xtensa/include/xt_utils.h:132:1: error: expected '=', ',', ';', 'asm' or '__attribute__' before '{' token
  132 | {
      | ^
/home/orion/esp/esp-idf/components/xtensa/include/xt_utils.h:152:1: error: expected '=', ',', ';', 'asm' or '__attribute__' before '{' token
  152 | {
      | ^
/home/orion/esp/esp-idf/components/xtensa/include/xt_utils.h:174:1: error: expected '=', ',', ';', 'asm' or '__attribute__' before '{' token
  174 | {
      | ^
/home/orion/esp/esp-idf/components/xtensa/include/xt_utils.h:188:1: error: expected '=', ',', ';', 'asm' or '__attribute__' before '{' token
  188 | {
      | ^
/home/orion/esp/esp-idf/components/xtensa/include/xt_utils.h:196:1: error: expected '=', ',', ';', 'asm' or '__attribute__' before '{' token
  196 | {
      | ^
/home/orion/esp/esp-idf/components/xtensa/include/xt_utils.h:205:1: error: expected '=', ',', ';', 'asm' or '__attribute__' before '{' token
  205 | {
      | ^
In file included from /home/orion/esp/esp-idf/components/esp_hw_support/include/esp_intr_alloc.h:11,
                 from /home/orion/esp/esp-idf/components/esp_hw_support/include/esp_cpu.h:20:
/home/orion/esp/esp-idf/components/esp_common/include/esp_err.h:19:13: error: storage class specified for parameter 'esp_err_t'
   19 | typedef int esp_err_t;
      |             ^~~~~~~~~
/home/orion/esp/esp-idf/components/esp_common/include/esp_err.h:58:29: error: expected declaration specifiers or '...' before 'esp_err_t'
   58 | const char *esp_err_to_name(esp_err_t code);
      |                             ^~~~~~~~~
/home/orion/esp/esp-idf/components/esp_common/include/esp_err.h:76:31: error: expected declaration specifiers or '...' before 'esp_err_t'
   76 | const char *esp_err_to_name_r(esp_err_t code, char *buf, size_t buflen);
      |                               ^~~~~~~~~
/home/orion/esp/esp-idf/components/esp_common/include/esp_err.h:79:30: error: expected declaration specifiers or '...' before 'esp_err_t'
   79 | void _esp_error_check_failed(esp_err_t rc, const char *file, int line, const char *function, const char *expression) __attribute__((noreturn));
      |                              ^~~~~~~~~
/home/orion/esp/esp-idf/components/esp_common/include/esp_err.h:82:44: error: expected declaration specifiers or '...' before 'esp_err_t'
   82 | void _esp_error_check_failed_without_abort(esp_err_t rc, const char *file, int line, const char *function, const char *expression);
      |                                            ^~~~~~~~~
/home/orion/esp/esp-idf/components/esp_hw_support/include/esp_intr_alloc.h:82:16: error: storage class specified for parameter 'intr_handler_t'
   82 | typedef void (*intr_handler_t)(void *arg);
      |                ^~~~~~~~~~~~~~
/home/orion/esp/esp-idf/components/esp_hw_support/include/esp_intr_alloc.h:85:35: error: storage class specified for parameter 'intr_handle_data_t'
   85 | typedef struct intr_handle_data_t intr_handle_data_t;
      |                                   ^~~~~~~~~~~~~~~~~~
/home/orion/esp/esp-idf/components/esp_hw_support/include/esp_intr_alloc.h:88:28: error: expected '=', ',', ';', 'asm' or '__attribute__' before '*' token
   88 | typedef intr_handle_data_t *intr_handle_t ;
      |                            ^
/home/orion/esp/esp-idf/components/esp_hw_support/include/esp_intr_alloc.h:105:1: error: expected declaration specifiers before 'esp_err_t'
  105 | esp_err_t esp_intr_mark_shared(int intno, int cpu, bool is_in_iram);
      | ^~~~~~~~~
/home/orion/esp/esp-idf/components/esp_hw_support/include/esp_intr_alloc.h:119:1: error: expected declaration specifiers before 'esp_err_t'
  119 | esp_err_t esp_intr_reserve(int intno, int cpu);
      | ^~~~~~~~~
/home/orion/esp/esp-idf/components/esp_hw_support/include/esp_intr_alloc.h:154:1: error: expected declaration specifiers before 'esp_err_t'
  154 | esp_err_t esp_intr_alloc(int source, int flags, intr_handler_t handler, void *arg, intr_handle_t *ret_handle);
      | ^~~~~~~~~
/home/orion/esp/esp-idf/components/esp_hw_support/include/esp_intr_alloc.h:192:1: error: expected declaration specifiers before 'esp_err_t'
  192 | esp_err_t esp_intr_alloc_intrstatus(int source, int flags, uint32_t intrstatusreg, uint32_t intrstatusmask, intr_handler_t handler, void *arg, intr_handle_t *ret_handle);
      | ^~~~~~~~~
/home/orion/esp/esp-idf/components/esp_hw_support/include/esp_intr_alloc.h:213:1: error: expected declaration specifiers before 'esp_err_t'
  213 | esp_err_t esp_intr_free(intr_handle_t handle);
      | ^~~~~~~~~
/home/orion/esp/esp-idf/components/esp_hw_support/include/esp_intr_alloc.h:223:22: error: unknown type name 'intr_handle_t'
  223 | int esp_intr_get_cpu(intr_handle_t handle);
      |                      ^~~~~~~~~~~~~
/home/orion/esp/esp-idf/components/esp_hw_support/include/esp_intr_alloc.h:232:24: error: unknown type name 'intr_handle_t'
  232 | int esp_intr_get_intno(intr_handle_t handle);
      |                        ^~~~~~~~~~~~~
/home/orion/esp/esp-idf/components/esp_hw_support/include/esp_intr_alloc.h:250:1: error: expected declaration specifiers before 'esp_err_t'
  250 | esp_err_t esp_intr_disable(intr_handle_t handle);
      | ^~~~~~~~~
/home/orion/esp/esp-idf/components/esp_hw_support/include/esp_intr_alloc.h:263:1: error: expected declaration specifiers before 'esp_err_t'
  263 | esp_err_t esp_intr_enable(intr_handle_t handle);
      | ^~~~~~~~~
/home/orion/esp/esp-idf/components/esp_hw_support/include/esp_intr_alloc.h:277:1: error: expected declaration specifiers before 'esp_err_t'
  277 | esp_err_t esp_intr_set_in_iram(intr_handle_t handle, bool is_in_iram);
      | ^~~~~~~~~
/home/orion/esp/esp-idf/components/esp_hw_support/include/esp_intr_alloc.h:306:1: error: expected '=', ',', ';', 'asm' or '__attribute__' before '{' token
  306 | {
      | ^
/home/orion/esp/esp-idf/components/esp_hw_support/include/esp_cpu.h:32:18: error: storage class specified for parameter 'esp_cpu_cycle_count_t'
   32 | typedef uint32_t esp_cpu_cycle_count_t;
      |                  ^~~~~~~~~~~~~~~~~~~~~
/home/orion/esp/esp-idf/components/esp_hw_support/include/esp_cpu.h:41:3: error: storage class specified for parameter 'esp_cpu_intr_type_t'
   41 | } esp_cpu_intr_type_t;
      |   ^~~~~~~~~~~~~~~~~~~
/home/orion/esp/esp-idf/components/esp_hw_support/include/esp_cpu.h:52:5: error: expected specifier-qualifier-list before 'esp_cpu_intr_type_t'
   52 |     esp_cpu_intr_type_t type;   /**< Whether the interrupt is an edge or level type interrupt, ESP_CPU_INTR_TYPE_NA if the type is configurable. */
      |     ^~~~~~~~~~~~~~~~~~~
/home/orion/esp/esp-idf/components/esp_hw_support/include/esp_cpu.h:54:3: error: storage class specified for parameter 'esp_cpu_intr_desc_t'
   54 | } esp_cpu_intr_desc_t;
      |   ^~~~~~~~~~~~~~~~~~~
/home/orion/esp/esp-idf/components/esp_hw_support/include/esp_cpu.h:65:16: error: storage class specified for parameter 'esp_cpu_intr_handler_t'
   65 | typedef void (*esp_cpu_intr_handler_t)(void *arg);
      |                ^~~~~~~~~~~~~~~~~~~~~~
/home/orion/esp/esp-idf/components/esp_hw_support/include/esp_cpu.h:74:3: error: storage class specified for parameter 'esp_cpu_watchpoint_trigger_t'
   74 | } esp_cpu_watchpoint_trigger_t;
      |   ^~~~~~~~~~~~~~~~~~~~~~~~~~~~
/home/orion/esp/esp-idf/components/esp_hw_support/include/esp_cpu.h:123:1: error: expected '=', ',', ';', 'asm' or '__attribute__' before '{' token
  123 | {
      | ^
/home/orion/esp/esp-idf/components/esp_hw_support/include/esp_cpu.h:138:1: error: expected '=', ',', ';', 'asm' or '__attribute__' before '{' token
  138 | {
      | ^
/home/orion/esp/esp-idf/components/esp_hw_support/include/esp_cpu.h:154:41: error: expected '=', ',', ';', 'asm' or '__attribute__' before 'esp_cpu_get_cycle_count'
  154 | FORCE_INLINE_ATTR esp_cpu_cycle_count_t esp_cpu_get_cycle_count(void)
      |                                         ^~~~~~~~~~~~~~~~~~~~~~~
/home/orion/esp/esp-idf/components/esp_hw_support/include/esp_cpu.h:171:48: error: expected declaration specifiers or '...' before 'esp_cpu_cycle_count_t'
  171 | FORCE_INLINE_ATTR void esp_cpu_set_cycle_count(esp_cpu_cycle_count_t cycle_count)
      |                                                ^~~~~~~~~~~~~~~~~~~~~
/home/orion/esp/esp-idf/components/esp_hw_support/include/esp_cpu.h:191:1: error: expected '=', ',', ';', 'asm' or '__attribute__' before '{' token
  191 | {
      | ^
/home/orion/esp/esp-idf/components/esp_hw_support/include/esp_cpu.h:217:55: error: expected declaration specifiers or '...' before 'esp_cpu_intr_desc_t'
  217 | void esp_cpu_intr_get_desc(int core_id, int intr_num, esp_cpu_intr_desc_t *intr_desc_ret);
      |                                                       ^~~~~~~~~~~~~~~~~~~
/home/orion/esp/esp-idf/components/esp_hw_support/include/esp_cpu.h:227:1: error: expected '=', ',', ';', 'asm' or '__attribute__' before '{' token
  227 | {
      | ^
/home/orion/esp/esp-idf/components/esp_hw_support/include/esp_cpu.h:310:1: error: expected '=', ',', ';', 'asm' or '__attribute__' before '{' token
  310 | {
      | ^
/home/orion/esp/esp-idf/components/esp_hw_support/include/esp_cpu.h:333:63: error: expected declaration specifiers or '...' before 'esp_cpu_intr_handler_t'
  333 | FORCE_INLINE_ATTR void esp_cpu_intr_set_handler(int intr_num, esp_cpu_intr_handler_t handler, void *handler_arg)
      |                                                               ^~~~~~~~~~~~~~~~~~~~~~
/home/orion/esp/esp-idf/components/esp_hw_support/include/esp_cpu.h:352:1: error: expected '=', ',', ';', 'asm' or '__attribute__' before '{' token
  352 | {
      | ^
/home/orion/esp/esp-idf/components/esp_hw_support/include/esp_cpu.h:371:1: error: expected '=', ',', ';', 'asm' or '__attribute__' before '{' token
  371 | {
      | ^
/home/orion/esp/esp-idf/components/esp_hw_support/include/esp_cpu.h:385:1: error: expected '=', ',', ';', 'asm' or '__attribute__' before '{' token
  385 | {
      | ^
/home/orion/esp/esp-idf/components/esp_hw_support/include/esp_cpu.h:399:1: error: expected '=', ',', ';', 'asm' or '__attribute__' before '{' token
  399 | {
      | ^
/home/orion/esp/esp-idf/components/esp_hw_support/include/esp_cpu.h:413:1: error: expected '=', ',', ';', 'asm' or '__attribute__' before '{' token
  413 | {
      | ^
/home/orion/esp/esp-idf/components/esp_hw_support/include/esp_cpu.h:449:1: error: expected declaration specifiers before 'esp_err_t'
  449 | esp_err_t esp_cpu_set_breakpoint(int bp_num, const void *bp_addr);
      | ^~~~~~~~~
/home/orion/esp/esp-idf/components/esp_hw_support/include/esp_cpu.h:458:1: error: expected declaration specifiers before 'esp_err_t'
  458 | esp_err_t esp_cpu_clear_breakpoint(int bp_num);
      | ^~~~~~~~~
/home/orion/esp/esp-idf/components/esp_hw_support/include/esp_cpu.h:476:1: error: expected declaration specifiers before 'esp_err_t'
  476 | esp_err_t esp_cpu_set_watchpoint(int wp_num, const void *wp_addr, size_t size, esp_cpu_watchpoint_trigger_t trigger);
      | ^~~~~~~~~
/home/orion/esp/esp-idf/components/esp_hw_support/include/esp_cpu.h:485:1: error: expected declaration specifiers before 'esp_err_t'
  485 | esp_err_t esp_cpu_clear_watchpoint(int wp_num);
      | ^~~~~~~~~
/home/orion/esp/esp-idf/components/esp_hw_support/include/esp_cpu.h:495:1: error: expected '=', ',', ';', 'asm' or '__attribute__' before '{' token
  495 | {
      | ^
/home/orion/esp/esp-idf/components/esp_hw_support/include/esp_cpu.h:507:1: error: expected '=', ',', ';', 'asm' or '__attribute__' before '{' token
  507 | {
      | ^
/home/orion/esp/esp-idf/components/esp_hw_support/include/esp_cpu.h:525:1: error: expected '=', ',', ';', 'asm' or '__attribute__' before '{' token
  525 | {
      | ^
/home/orion/esp/esp-idf/components/esp_hw_support/include/spinlock.h:37:3: error: storage class specified for parameter 'spinlock_t'
   37 | } spinlock_t;
      |   ^~~~~~~~~~
/home/orion/esp/esp-idf/components/esp_hw_support/include/spinlock.h:43:71: error: expected declaration specifiers or '...' before 'spinlock_t'
   43 | static inline void __attribute__((always_inline)) spinlock_initialize(spinlock_t *lock)
      |                                                                       ^~~~~~~~~~
/home/orion/esp/esp-idf/components/esp_hw_support/include/spinlock.h:66:68: error: expected declaration specifiers or '...' before 'spinlock_t'
   66 | static inline bool __attribute__((always_inline)) spinlock_acquire(spinlock_t *lock, int32_t timeout)
      |                                                                    ^~~~~~~~~~
/home/orion/esp/esp-idf/components/esp_hw_support/include/spinlock.h:150:68: error: expected declaration specifiers or '...' before 'spinlock_t'
  150 | static inline void __attribute__((always_inline)) spinlock_release(spinlock_t *lock)
      |                                                                    ^~~~~~~~~~
In file included from /home/orion/esp/esp-idf/components/newlib/platform_include/assert.h:16,
                 from /home/orion/esp/esp-idf/tools/tools/xtensa-esp32-elf/esp-12.2.0_20230208/xtensa-esp32-elf/xtensa-esp32-elf/sys-include/sys/reent.h:503,
                 from /home/orion/esp/esp-idf/components/newlib/platform_include/sys/reent.h:9,
                 from /home/orion/esp/esp-idf/tools/tools/xtensa-esp32-elf/esp-12.2.0_20230208/xtensa-esp32-elf/xtensa-esp32-elf/sys-include/stdio.h:60,
                 from /home/orion/Documents/projects/espProjects/ESP_Dice/main/main.c:1:
/home/orion/esp/esp-idf/components/esp_common/include/esp_assert.h:12:27: error: expected declaration specifiers before '_Static_assert'
   12 | #define ESP_STATIC_ASSERT static_assert
      |                           ^~~~~~~~~~~~~
/home/orion/esp/esp-idf/components/esp_common/include/esp_macros.h:87:1: note: in expansion of macro 'ESP_STATIC_ASSERT'
   87 | ESP_STATIC_ASSERT(foo() == 2, "CHOOSE_MACRO_VA_ARG() result does not match for 0 arguments");
      | ^~~~~~~~~~~~~~~~~
/home/orion/esp/esp-idf/components/esp_common/include/esp_assert.h:12:27: error: expected declaration specifiers before '_Static_assert'
   12 | #define ESP_STATIC_ASSERT static_assert
      |                           ^~~~~~~~~~~~~
/home/orion/esp/esp-idf/components/esp_common/include/esp_macros.h:88:1: note: in expansion of macro 'ESP_STATIC_ASSERT'
   88 | ESP_STATIC_ASSERT(foo(42) == 1, "CHOOSE_MACRO_VA_ARG() result does not match for 1 argument");
      | ^~~~~~~~~~~~~~~~~
In file included from /home/orion/esp/esp-idf/components/freertos/FreeRTOS-Kernel/portable/xtensa/include/freertos/portmacro.h:79:
/home/orion/esp/esp-idf/components/esp_hw_support/include/esp_memory_utils.h:28:1: error: expected declaration specifiers before '__attribute__'
   28 | __attribute__((always_inline))
      | ^~~~~~~~~~~~~
/home/orion/esp/esp-idf/components/esp_hw_support/include/esp_memory_utils.h:40:1: error: expected declaration specifiers before '__attribute__'
   40 | __attribute__((always_inline))
      | ^~~~~~~~~~~~~
/home/orion/esp/esp-idf/components/esp_hw_support/include/esp_memory_utils.h:56:1: error: expected declaration specifiers before '__attribute__'
   56 | __attribute__((always_inline))
      | ^~~~~~~~~~~~~
/home/orion/esp/esp-idf/components/esp_hw_support/include/esp_memory_utils.h:68:1: error: expected declaration specifiers before '__attribute__'
   68 | __attribute__((always_inline))
      | ^~~~~~~~~~~~~
/home/orion/esp/esp-idf/components/esp_hw_support/include/esp_memory_utils.h:80:1: error: expected declaration specifiers before '__attribute__'
   80 | __attribute__((always_inline))
      | ^~~~~~~~~~~~~
/home/orion/esp/esp-idf/components/esp_hw_support/include/esp_memory_utils.h:97:1: error: expected declaration specifiers before '__attribute__'
   97 | __attribute__((always_inline))
      | ^~~~~~~~~~~~~
/home/orion/esp/esp-idf/components/esp_hw_support/include/esp_memory_utils.h:113:1: error: expected declaration specifiers before '__attribute__'
  113 | __attribute__((always_inline))
      | ^~~~~~~~~~~~~
/home/orion/esp/esp-idf/components/esp_hw_support/include/esp_memory_utils.h:129:1: error: expected declaration specifiers before '__attribute__'
  129 | __attribute__((always_inline))
      | ^~~~~~~~~~~~~
/home/orion/esp/esp-idf/components/esp_hw_support/include/esp_memory_utils.h:144:1: error: expected declaration specifiers before '__attribute__'
  144 | __attribute__((always_inline))
      | ^~~~~~~~~~~~~
/home/orion/esp/esp-idf/components/esp_hw_support/include/esp_memory_utils.h:158:1: error: expected declaration specifiers before '__attribute__'
  158 | __attribute__((always_inline))
      | ^~~~~~~~~~~~~
/home/orion/esp/esp-idf/components/esp_hw_support/include/esp_memory_utils.h:177:1: error: expected declaration specifiers before '__attribute__'
  177 | __attribute__((always_inline))
      | ^~~~~~~~~~~~~
/home/orion/esp/esp-idf/components/esp_hw_support/include/esp_memory_utils.h:199:1: error: expected declaration specifiers before '__attribute__'
  199 | __attribute__((always_inline))
      | ^~~~~~~~~~~~~
/home/orion/esp/esp-idf/components/esp_hw_support/include/esp_memory_utils.h:212:1: error: expected declaration specifiers before '__attribute__'
  212 | __attribute__((always_inline))
      | ^~~~~~~~~~~~~
/home/orion/esp/esp-idf/components/esp_hw_support/include/esp_memory_utils.h:244:1: error: expected declaration specifiers before '__attribute__'
  244 | __attribute__((always_inline))
      | ^~~~~~~~~~~~~
/home/orion/esp/esp-idf/components/esp_hw_support/include/esp_memory_utils.h:278:1: error: expected declaration specifiers before '__attribute__'
  278 | __attribute__((always_inline))
      | ^~~~~~~~~~~~~
/home/orion/esp/esp-idf/components/esp_hw_support/include/esp_memory_utils.h:290:1: error: expected declaration specifiers before '__attribute__'
  290 | __attribute__((always_inline))
      | ^~~~~~~~~~~~~
/home/orion/esp/esp-idf/components/esp_hw_support/include/esp_memory_utils.h:315:1: error: expected declaration specifiers before '__attribute__'
  315 | __attribute__((always_inline))
      | ^~~~~~~~~~~~~
In file included from /home/orion/esp/esp-idf/components/heap/include/esp_heap_caps.h:11,
                 from /home/orion/esp/esp-idf/components/freertos/FreeRTOS-Kernel/portable/xtensa/include/freertos/portmacro.h:81:
/home/orion/esp/esp-idf/components/heap/include/multi_heap.h:22:33: error: storage class specified for parameter 'multi_heap_handle_t'
   22 | typedef struct multi_heap_info *multi_heap_handle_t;
      |                                 ^~~~~~~~~~~~~~~~~~~
/home/orion/esp/esp-idf/components/heap/include/multi_heap.h:33:32: error: expected declaration specifiers or '...' before 'multi_heap_handle_t'
   33 | void *multi_heap_aligned_alloc(multi_heap_handle_t heap, size_t size, size_t alignment);
      |                                ^~~~~~~~~~~~~~~~~~~
/home/orion/esp/esp-idf/components/heap/include/multi_heap.h:44:25: error: expected declaration specifiers or '...' before 'multi_heap_handle_t'
   44 | void *multi_heap_malloc(multi_heap_handle_t heap, size_t size);
      |                         ^~~~~~~~~~~~~~~~~~~
/home/orion/esp/esp-idf/components/heap/include/multi_heap.h:52:58: error: expected declaration specifiers or '...' before 'multi_heap_handle_t'
   52 | void __attribute__((deprecated)) multi_heap_aligned_free(multi_heap_handle_t heap, void *p);
      |                                                          ^~~~~~~~~~~~~~~~~~~
/home/orion/esp/esp-idf/components/heap/include/multi_heap.h:61:22: error: expected declaration specifiers or '...' before 'multi_heap_handle_t'
   61 | void multi_heap_free(multi_heap_handle_t heap, void *p);
      |                      ^~~~~~~~~~~~~~~~~~~
/home/orion/esp/esp-idf/components/heap/include/multi_heap.h:73:26: error: expected declaration specifiers or '...' before 'multi_heap_handle_t'
   73 | void *multi_heap_realloc(multi_heap_handle_t heap, void *p, size_t size);
      |                          ^~~~~~~~~~~~~~~~~~~
/home/orion/esp/esp-idf/components/heap/include/multi_heap.h:84:38: error: expected declaration specifiers or '...' before 'multi_heap_handle_t'
   84 | size_t multi_heap_get_allocated_size(multi_heap_handle_t heap, void *p);
      |                                      ^~~~~~~~~~~~~~~~~~~
/home/orion/esp/esp-idf/components/heap/include/multi_heap.h:98:1: error: expected declaration specifiers before 'multi_heap_handle_t'
   98 | multi_heap_handle_t multi_heap_register(void *start, size_t size);
      | ^~~~~~~~~~~~~~~~~~~
/home/orion/esp/esp-idf/components/heap/include/multi_heap.h:112:26: error: expected declaration specifiers or '...' before 'multi_heap_handle_t'
  112 | void multi_heap_set_lock(multi_heap_handle_t heap, void* lock);
      |                          ^~~~~~~~~~~~~~~~~~~
/home/orion/esp/esp-idf/components/heap/include/multi_heap.h:120:22: error: expected declaration specifiers or '...' before 'multi_heap_handle_t'
  120 | void multi_heap_dump(multi_heap_handle_t heap);
      |                      ^~~~~~~~~~~~~~~~~~~
/home/orion/esp/esp-idf/components/heap/include/multi_heap.h:134:23: error: expected declaration specifiers or '...' before 'multi_heap_handle_t'
  134 | bool multi_heap_check(multi_heap_handle_t heap, bool print_errors);
      |                       ^~~~~~~~~~~~~~~~~~~
/home/orion/esp/esp-idf/components/heap/include/multi_heap.h:148:29: error: expected declaration specifiers or '...' before 'multi_heap_handle_t'
  148 | size_t multi_heap_free_size(multi_heap_handle_t heap);
      |                             ^~~~~~~~~~~~~~~~~~~
/home/orion/esp/esp-idf/components/heap/include/multi_heap.h:160:37: error: expected declaration specifiers or '...' before 'multi_heap_handle_t'
  160 | size_t multi_heap_minimum_free_size(multi_heap_handle_t heap);
      |                                     ^~~~~~~~~~~~~~~~~~~
/home/orion/esp/esp-idf/components/heap/include/multi_heap.h:171:3: error: storage class specified for parameter 'multi_heap_info_t'
  171 | } multi_heap_info_t;
      |   ^~~~~~~~~~~~~~~~~
/home/orion/esp/esp-idf/components/heap/include/multi_heap.h:180:26: error: expected declaration specifiers or '...' before 'multi_heap_handle_t'
  180 | void multi_heap_get_info(multi_heap_handle_t heap, multi_heap_info_t *info);
      |                          ^~~~~~~~~~~~~~~~~~~
/home/orion/esp/esp-idf/components/heap/include/multi_heap.h:180:52: error: expected declaration specifiers or '...' before 'multi_heap_info_t'
  180 | void multi_heap_get_info(multi_heap_handle_t heap, multi_heap_info_t *info);
      |                                                    ^~~~~~~~~~~~~~~~~
/home/orion/esp/esp-idf/components/heap/include/esp_heap_caps.h:48:16: error: storage class specified for parameter 'esp_alloc_failed_hook_t'
   48 | typedef void (*esp_alloc_failed_hook_t) (size_t size, uint32_t caps, const char * function_name);
      |                ^~~~~~~~~~~~~~~~~~~~~~~
/home/orion/esp/esp-idf/components/heap/include/esp_heap_caps.h:55:1: error: expected declaration specifiers before 'esp_err_t'
   55 | esp_err_t heap_caps_register_failed_alloc_callback(esp_alloc_failed_hook_t callback);
      | ^~~~~~~~~
/home/orion/esp/esp-idf/components/heap/include/esp_heap_caps.h:251:26: error: expected declaration specifiers or '...' before 'multi_heap_info_t'
  251 | void heap_caps_get_info( multi_heap_info_t *info, uint32_t caps );
      |                          ^~~~~~~~~~~~~~~~~
In file included from /home/orion/esp/esp-idf/components/freertos/FreeRTOS-Kernel/portable/xtensa/include/freertos/portmacro.h:83:
/home/orion/esp/esp-idf/components/esp_system/include/esp_system.h:36:3: error: storage class specified for parameter 'esp_reset_reason_t'
   36 | } esp_reset_reason_t;
      |   ^~~~~~~~~~~~~~~~~~
/home/orion/esp/esp-idf/components/esp_system/include/esp_system.h:41:16: error: storage class specified for parameter 'shutdown_handler_t'
   41 | typedef void (*shutdown_handler_t)(void);
      |                ^~~~~~~~~~~~~~~~~~
/home/orion/esp/esp-idf/components/esp_system/include/esp_system.h:54:1: error: expected declaration specifiers before 'esp_err_t'
   54 | esp_err_t esp_register_shutdown_handler(shutdown_handler_t handle);
      | ^~~~~~~~~
/home/orion/esp/esp-idf/components/esp_system/include/esp_system.h:64:1: error: expected declaration specifiers before 'esp_err_t'
   64 | esp_err_t esp_unregister_shutdown_handler(shutdown_handler_t handle);
      | ^~~~~~~~~
/home/orion/esp/esp-idf/components/esp_system/include/esp_system.h:81:1: error: expected declaration specifiers before 'esp_reset_reason_t'
   81 | esp_reset_reason_t esp_reset_reason(void);
      | ^~~~~~~~~~~~~~~~~~
/home/orion/esp/esp-idf/components/freertos/FreeRTOS-Kernel/portable/xtensa/include/freertos/portmacro.h:116:37: error: storage class specified for parameter 'StackType_t'
  116 | typedef portSTACK_TYPE              StackType_t;
      |                                     ^~~~~~~~~~~
/home/orion/esp/esp-idf/components/freertos/FreeRTOS-Kernel/portable/xtensa/include/freertos/portmacro.h:117:37: error: storage class specified for parameter 'BaseType_t'
  117 | typedef portBASE_TYPE               BaseType_t;
      |                                     ^~~~~~~~~~
/home/orion/esp/esp-idf/components/freertos/FreeRTOS-Kernel/portable/xtensa/include/freertos/portmacro.h:118:37: error: storage class specified for parameter 'UBaseType_t'
  118 | typedef unsigned portBASE_TYPE      UBaseType_t;
      |                                     ^~~~~~~~~~~
/home/orion/esp/esp-idf/components/freertos/FreeRTOS-Kernel/portable/xtensa/include/freertos/portmacro.h:124:18: error: storage class specified for parameter 'TickType_t'
  124 | typedef uint32_t TickType_t;
      |                  ^~~~~~~~~~
/home/orion/esp/esp-idf/components/freertos/FreeRTOS-Kernel/portable/xtensa/include/freertos/portmacro.h:166:1: error: expected declaration specifiers before 'BaseType_t'
  166 | BaseType_t xPortInIsrContext(void);
      | ^~~~~~~~~~
/home/orion/esp/esp-idf/components/freertos/FreeRTOS-Kernel/portable/xtensa/include/freertos/portmacro.h:189:1: error: expected declaration specifiers before 'BaseType_t'
  189 | BaseType_t xPortInterruptedFromISRContext(void);
      | ^~~~~~~~~~
/home/orion/esp/esp-idf/components/freertos/FreeRTOS-Kernel/portable/xtensa/include/freertos/portmacro.h:197:27: error: expected '=', ',', ';', 'asm' or '__attribute__' before 'xPortSetInterruptMaskFromISR'
  197 | static inline UBaseType_t xPortSetInterruptMaskFromISR(void);
      |                           ^~~~~~~~~~~~~~~~~~~~~~~~~~~~
/home/orion/esp/esp-idf/components/freertos/FreeRTOS-Kernel/portable/xtensa/include/freertos/portmacro.h:205:51: error: expected declaration specifiers or '...' before 'UBaseType_t'
  205 | static inline void vPortClearInterruptMaskFromISR(UBaseType_t prev_level);
      |                                                   ^~~~~~~~~~~
/home/orion/esp/esp-idf/components/freertos/FreeRTOS-Kernel/portable/xtensa/include/freertos/portmacro.h:216:45: error: expected '=', ',', ';', 'asm' or '__attribute__' before 'portMUX_TYPE'
  216 | typedef spinlock_t                          portMUX_TYPE;               /**< Spinlock type used by FreeRTOS critical sections */
      |                                             ^~~~~~~~~~~~
/home/orion/esp/esp-idf/components/freertos/FreeRTOS-Kernel/portable/xtensa/include/freertos/portmacro.h:241:1: error: expected declaration specifiers before 'BaseType_t'
  241 | BaseType_t xPortEnterCriticalTimeout(portMUX_TYPE *mux, BaseType_t timeout);
      | ^~~~~~~~~~
/home/orion/esp/esp-idf/components/freertos/FreeRTOS-Kernel/portable/xtensa/include/freertos/portmacro.h:253:70: error: unknown type name 'portMUX_TYPE'; did you mean 'portBASE_TYPE'?
  253 | static inline void __attribute__((always_inline)) vPortEnterCritical(portMUX_TYPE *mux);
      |                                                                      ^~~~~~~~~~~~
      |                                                                      portBASE_TYPE
/home/orion/esp/esp-idf/components/freertos/FreeRTOS-Kernel/portable/xtensa/include/freertos/portmacro.h:268:24: error: unknown type name 'portMUX_TYPE'; did you mean 'portBASE_TYPE'?
  268 | void vPortExitCritical(portMUX_TYPE *mux);
      |                        ^~~~~~~~~~~~
      |                        portBASE_TYPE
/home/orion/esp/esp-idf/components/freertos/FreeRTOS-Kernel/portable/xtensa/include/freertos/portmacro.h:282:1: error: expected declaration specifiers before 'BaseType_t'
  282 | BaseType_t xPortEnterCriticalTimeoutCompliance(portMUX_TYPE *mux, BaseType_t timeout);
      | ^~~~~~~~~~
/home/orion/esp/esp-idf/components/freertos/FreeRTOS-Kernel/portable/xtensa/include/freertos/portmacro.h:292:80: error: unknown type name 'portMUX_TYPE'; did you mean 'portBASE_TYPE'?
  292 | static inline void __attribute__((always_inline)) vPortEnterCriticalCompliance(portMUX_TYPE *mux);
      |                                                                                ^~~~~~~~~~~~
      |                                                                                portBASE_TYPE
/home/orion/esp/esp-idf/components/freertos/FreeRTOS-Kernel/portable/xtensa/include/freertos/portmacro.h:303:34: error: unknown type name 'portMUX_TYPE'; did you mean 'portBASE_TYPE'?
  303 | void vPortExitCriticalCompliance(portMUX_TYPE *mux);
      |                                  ^~~~~~~~~~~~
      |                                  portBASE_TYPE
/home/orion/esp/esp-idf/components/freertos/FreeRTOS-Kernel/portable/xtensa/include/freertos/portmacro.h:315:15: error: type defaults to 'int' in declaration of 'BaseType_t' [-Werror=implicit-int]
  315 | static inline BaseType_t __attribute__((always_inline)) xPortEnterCriticalTimeoutSafe(portMUX_TYPE *mux, BaseType_t timeout);
      |               ^~~~~~~~~~
/home/orion/esp/esp-idf/components/freertos/FreeRTOS-Kernel/portable/xtensa/include/freertos/portmacro.h:315:15: error: storage class specified for parameter 'BaseType_t'
/home/orion/esp/esp-idf/components/freertos/FreeRTOS-Kernel/portable/xtensa/include/freertos/portmacro.h:315:15: warning: parameter 'BaseType_t' declared 'inline'
/home/orion/esp/esp-idf/components/freertos/FreeRTOS-Kernel/portable/xtensa/include/freertos/portmacro.h:315:1: warning: 'always_inline' attribute ignored [-Wattributes]
  315 | static inline BaseType_t __attribute__((always_inline)) xPortEnterCriticalTimeoutSafe(portMUX_TYPE *mux, BaseType_t timeout);
      | ^~~~~~
/home/orion/esp/esp-idf/components/freertos/FreeRTOS-Kernel/portable/xtensa/include/freertos/portmacro.h:315:15: error: redefinition of parameter 'BaseType_t'
  315 | static inline BaseType_t __attribute__((always_inline)) xPortEnterCriticalTimeoutSafe(portMUX_TYPE *mux, BaseType_t timeout);
      |               ^~~~~~~~~~
/home/orion/esp/esp-idf/components/freertos/FreeRTOS-Kernel/portable/xtensa/include/freertos/portmacro.h:117:37: note: previous definition of 'BaseType_t' with type 'int'
  117 | typedef portBASE_TYPE               BaseType_t;
      |                                     ^~~~~~~~~~
/home/orion/esp/esp-idf/components/freertos/FreeRTOS-Kernel/portable/xtensa/include/freertos/portmacro.h:315:57: error: expected ',' or ';' before 'xPortEnterCriticalTimeoutSafe'
  315 | static inline BaseType_t __attribute__((always_inline)) xPortEnterCriticalTimeoutSafe(portMUX_TYPE *mux, BaseType_t timeout);
      |                                                         ^~~~~~~~~~~~~~~~~~~~~~~~~~~~~
/home/orion/esp/esp-idf/components/freertos/FreeRTOS-Kernel/portable/xtensa/include/freertos/portmacro.h:325:74: error: unknown type name 'portMUX_TYPE'; did you mean 'portBASE_TYPE'?
  325 | static inline void __attribute__((always_inline)) vPortEnterCriticalSafe(portMUX_TYPE *mux);
      |                                                                          ^~~~~~~~~~~~
      |                                                                          portBASE_TYPE
/home/orion/esp/esp-idf/components/freertos/FreeRTOS-Kernel/portable/xtensa/include/freertos/portmacro.h:335:73: error: unknown type name 'portMUX_TYPE'; did you mean 'portBASE_TYPE'?
  335 | static inline void __attribute__((always_inline)) vPortExitCriticalSafe(portMUX_TYPE *mux);
      |                                                                         ^~~~~~~~~~~~
      |                                                                         portBASE_TYPE
/home/orion/esp/esp-idf/components/freertos/FreeRTOS-Kernel/portable/xtensa/include/freertos/portmacro.h:357:26: error: expected declaration specifiers or '...' before 'BaseType_t'
  357 | void vPortYieldOtherCore(BaseType_t coreid);
      |                          ^~~~~~~~~~
/home/orion/esp/esp-idf/components/freertos/FreeRTOS-Kernel/portable/xtensa/include/freertos/portmacro.h:368:24: error: storage class specified for parameter 'xPortCanYield'
  368 | FORCE_INLINE_ATTR bool xPortCanYield(void);
      |                        ^~~~~~~~~~~~~
/home/orion/esp/esp-idf/components/freertos/FreeRTOS-Kernel/portable/xtensa/include/freertos/portmacro.h:368:24: warning: parameter 'xPortCanYield' declared 'inline'
/home/orion/esp/esp-idf/components/freertos/FreeRTOS-Kernel/portable/xtensa/include/freertos/portmacro.h:368:1: warning: 'always_inline' attribute ignored [-Wattributes]
  368 | FORCE_INLINE_ATTR bool xPortCanYield(void);
      | ^~~~~~~~~~~~~~~~~
/home/orion/esp/esp-idf/components/freertos/FreeRTOS-Kernel/portable/xtensa/include/freertos/portmacro.h:379:24: error: expected declaration specifiers or '...' before 'TickType_t'
  379 | void vApplicationSleep(TickType_t xExpectedIdleTime);
      |                        ^~~~~~~~~~
/home/orion/esp/esp-idf/components/freertos/FreeRTOS-Kernel/portable/xtensa/include/freertos/portmacro.h:407:30: error: expected '=', ',', ';', 'asm' or '__attribute__' before 'xPortGetCoreID'
  407 | FORCE_INLINE_ATTR BaseType_t xPortGetCoreID(void);
      |                              ^~~~~~~~~~~~~~
/home/orion/esp/esp-idf/components/freertos/FreeRTOS-Kernel/portable/xtensa/include/freertos/portmacro.h:475:13: error: storage class specified for parameter '_frxt_setup_switch'
  475 | extern void _frxt_setup_switch( void );     //Defined in portasm.S
      |             ^~~~~~~~~~~~~~~~~~
/home/orion/esp/esp-idf/components/freertos/FreeRTOS-Kernel/portable/xtensa/include/freertos/portmacro.h:558:15: error: type defaults to 'int' in declaration of 'UBaseType_t' [-Werror=implicit-int]
  558 | static inline UBaseType_t __attribute__((always_inline)) xPortSetInterruptMaskFromISR(void)
      |               ^~~~~~~~~~~
/home/orion/esp/esp-idf/components/freertos/FreeRTOS-Kernel/portable/xtensa/include/freertos/portmacro.h:558:15: error: storage class specified for parameter 'UBaseType_t'
/home/orion/esp/esp-idf/components/freertos/FreeRTOS-Kernel/portable/xtensa/include/freertos/portmacro.h:558:15: warning: parameter 'UBaseType_t' declared 'inline'
/home/orion/esp/esp-idf/components/freertos/FreeRTOS-Kernel/portable/xtensa/include/freertos/portmacro.h:558:1: warning: 'always_inline' attribute ignored [-Wattributes]
  558 | static inline UBaseType_t __attribute__((always_inline)) xPortSetInterruptMaskFromISR(void)
      | ^~~~~~
/home/orion/esp/esp-idf/components/freertos/FreeRTOS-Kernel/portable/xtensa/include/freertos/portmacro.h:558:15: error: conflicting types for 'UBaseType_t'; have 'int'
  558 | static inline UBaseType_t __attribute__((always_inline)) xPortSetInterruptMaskFromISR(void)
      |               ^~~~~~~~~~~
/home/orion/esp/esp-idf/components/freertos/FreeRTOS-Kernel/portable/xtensa/include/freertos/portmacro.h:118:37: note: previous definition of 'UBaseType_t' with type 'unsigned int'
  118 | typedef unsigned portBASE_TYPE      UBaseType_t;
      |                                     ^~~~~~~~~~~
/home/orion/esp/esp-idf/components/freertos/FreeRTOS-Kernel/portable/xtensa/include/freertos/portmacro.h:558:58: error: expected ',' or ';' before 'xPortSetInterruptMaskFromISR'
  558 | static inline UBaseType_t __attribute__((always_inline)) xPortSetInterruptMaskFromISR(void)
      |                                                          ^~~~~~~~~~~~~~~~~~~~~~~~~~~~
/home/orion/esp/esp-idf/components/freertos/FreeRTOS-Kernel/portable/xtensa/include/freertos/portmacro.h:565:82: error: expected declaration specifiers or '...' before 'UBaseType_t'
  565 | static inline void __attribute__((always_inline)) vPortClearInterruptMaskFromISR(UBaseType_t prev_level)
      |                                                                                  ^~~~~~~~~~~
/home/orion/esp/esp-idf/components/freertos/FreeRTOS-Kernel/portable/xtensa/include/freertos/portmacro.h:573:70: error: unknown type name 'portMUX_TYPE'; did you mean 'portBASE_TYPE'?
  573 | static inline void __attribute__((always_inline)) vPortEnterCritical(portMUX_TYPE *mux)
      |                                                                      ^~~~~~~~~~~~
      |                                                                      portBASE_TYPE
/home/orion/esp/esp-idf/components/freertos/FreeRTOS-Kernel/portable/xtensa/include/freertos/portmacro.h:578:80: error: unknown type name 'portMUX_TYPE'; did you mean 'portBASE_TYPE'?
  578 | static inline void __attribute__((always_inline)) vPortEnterCriticalCompliance(portMUX_TYPE *mux)
      |                                                                                ^~~~~~~~~~~~
      |                                                                                portBASE_TYPE
/home/orion/esp/esp-idf/components/freertos/FreeRTOS-Kernel/portable/xtensa/include/freertos/portmacro.h:583:15: error: type defaults to 'int' in declaration of 'BaseType_t' [-Werror=implicit-int]
  583 | static inline BaseType_t __attribute__((always_inline)) xPortEnterCriticalTimeoutSafe(portMUX_TYPE *mux, BaseType_t timeout)
      |               ^~~~~~~~~~
/home/orion/esp/esp-idf/components/freertos/FreeRTOS-Kernel/portable/xtensa/include/freertos/portmacro.h:583:15: error: storage class specified for parameter 'BaseType_t'
/home/orion/esp/esp-idf/components/freertos/FreeRTOS-Kernel/portable/xtensa/include/freertos/portmacro.h:583:15: warning: parameter 'BaseType_t' declared 'inline'
/home/orion/esp/esp-idf/components/freertos/FreeRTOS-Kernel/portable/xtensa/include/freertos/portmacro.h:583:1: warning: 'always_inline' attribute ignored [-Wattributes]
  583 | static inline BaseType_t __attribute__((always_inline)) xPortEnterCriticalTimeoutSafe(portMUX_TYPE *mux, BaseType_t timeout)
      | ^~~~~~
/home/orion/esp/esp-idf/components/freertos/FreeRTOS-Kernel/portable/xtensa/include/freertos/portmacro.h:583:15: error: redefinition of parameter 'BaseType_t'
  583 | static inline BaseType_t __attribute__((always_inline)) xPortEnterCriticalTimeoutSafe(portMUX_TYPE *mux, BaseType_t timeout)
      |               ^~~~~~~~~~
/home/orion/esp/esp-idf/components/freertos/FreeRTOS-Kernel/portable/xtensa/include/freertos/portmacro.h:315:15: note: previous definition of 'BaseType_t' with type 'int'
  315 | static inline BaseType_t __attribute__((always_inline)) xPortEnterCriticalTimeoutSafe(portMUX_TYPE *mux, BaseType_t timeout);
      |               ^~~~~~~~~~
/home/orion/esp/esp-idf/components/freertos/FreeRTOS-Kernel/portable/xtensa/include/freertos/portmacro.h:583:57: error: expected ',' or ';' before 'xPortEnterCriticalTimeoutSafe'
  583 | static inline BaseType_t __attribute__((always_inline)) xPortEnterCriticalTimeoutSafe(portMUX_TYPE *mux, BaseType_t timeout)
      |                                                         ^~~~~~~~~~~~~~~~~~~~~~~~~~~~~
/home/orion/esp/esp-idf/components/freertos/FreeRTOS-Kernel/portable/xtensa/include/freertos/portmacro.h:594:74: error: unknown type name 'portMUX_TYPE'; did you mean 'portBASE_TYPE'?
  594 | static inline void __attribute__((always_inline)) vPortEnterCriticalSafe(portMUX_TYPE *mux)
      |                                                                          ^~~~~~~~~~~~
      |                                                                          portBASE_TYPE
/home/orion/esp/esp-idf/components/freertos/FreeRTOS-Kernel/portable/xtensa/include/freertos/portmacro.h:599:73: error: unknown type name 'portMUX_TYPE'; did you mean 'portBASE_TYPE'?
  599 | static inline void __attribute__((always_inline)) vPortExitCriticalSafe(portMUX_TYPE *mux)
      |                                                                         ^~~~~~~~~~~~
      |                                                                         portBASE_TYPE
/home/orion/esp/esp-idf/components/freertos/FreeRTOS-Kernel/portable/xtensa/include/freertos/portmacro.h:611:1: error: expected '=', ',', ';', 'asm' or '__attribute__' before '{' token
  611 | {
      | ^
/home/orion/esp/esp-idf/components/freertos/FreeRTOS-Kernel/portable/xtensa/include/freertos/portmacro.h:629:30: error: expected '=', ',', ';', 'asm' or '__attribute__' before 'xPortGetCoreID'
  629 | FORCE_INLINE_ATTR BaseType_t xPortGetCoreID(void)
      |                              ^~~~~~~~~~~~~~
/home/orion/esp/esp-idf/components/freertos/FreeRTOS-Kernel/include/freertos/portable.h:136:9: error: expected declaration specifiers before 'StackType_t'
  136 |         StackType_t * pxPortInitialiseStack( StackType_t * pxTopOfStack,
      |         ^~~~~~~~~~~
/home/orion/esp/esp-idf/components/freertos/FreeRTOS-Kernel/include/freertos/portable.h:148:3: error: storage class specified for parameter 'HeapRegion_t'
  148 | } HeapRegion_t;
      |   ^~~~~~~~~~~~
/home/orion/esp/esp-idf/components/freertos/FreeRTOS-Kernel/include/freertos/portable.h:160:3: error: storage class specified for parameter 'HeapStats_t'
  160 | } HeapStats_t;
      |   ^~~~~~~~~~~
/home/orion/esp/esp-idf/components/freertos/FreeRTOS-Kernel/include/freertos/portable.h:173:36: error: type defaults to 'int' in declaration of 'HeapRegion_t' [-Werror=implicit-int]
  173 | void vPortDefineHeapRegions( const HeapRegion_t * const pxHeapRegions ) PRIVILEGED_FUNCTION;
      |                                    ^~~~~~~~~~~~
/home/orion/esp/esp-idf/components/freertos/FreeRTOS-Kernel/include/freertos/portable.h:173:49: error: expected ';', ',' or ')' before '*' token
  173 | void vPortDefineHeapRegions( const HeapRegion_t * const pxHeapRegions ) PRIVILEGED_FUNCTION;
      |                                                 ^
/home/orion/esp/esp-idf/components/freertos/FreeRTOS-Kernel/include/freertos/portable.h:179:25: error: expected declaration specifiers or '...' before 'HeapStats_t'
  179 | void vPortGetHeapStats( HeapStats_t * pxHeapStats );
      |                         ^~~~~~~~~~~
/home/orion/esp/esp-idf/components/freertos/FreeRTOS-Kernel/include/freertos/portable.h:194:1: error: expected declaration specifiers before 'BaseType_t'
  194 | BaseType_t xPortStartScheduler( void ) PRIVILEGED_FUNCTION;
      | ^~~~~~~~~~
In file included from /home/orion/esp/esp-idf/components/freertos/FreeRTOS-Kernel/include/freertos/FreeRTOS.h:80:
/home/orion/esp/esp-idf/tools/tools/xtensa-esp32-elf/esp-12.2.0_20230208/xtensa-esp32-elf/xtensa-esp32-elf/sys-include/reent.h:139:12: error: storage class specified for parameter '_close_r'
  139 | extern int _close_r (struct _reent *, int);
      |            ^~~~~~~~
/home/orion/esp/esp-idf/tools/tools/xtensa-esp32-elf/esp-12.2.0_20230208/xtensa-esp32-elf/xtensa-esp32-elf/sys-include/reent.h:140:12: error: storage class specified for parameter '_execve_r'
  140 | extern int _execve_r (struct _reent *, const char *, char *const *, char *const *);
      |            ^~~~~~~~~
/home/orion/esp/esp-idf/tools/tools/xtensa-esp32-elf/esp-12.2.0_20230208/xtensa-esp32-elf/xtensa-esp32-elf/sys-include/reent.h:141:12: error: storage class specified for parameter '_fcntl_r'
  141 | extern int _fcntl_r (struct _reent *, int, int, int);
      |            ^~~~~~~~
/home/orion/esp/esp-idf/tools/tools/xtensa-esp32-elf/esp-12.2.0_20230208/xtensa-esp32-elf/xtensa-esp32-elf/sys-include/reent.h:142:12: error: storage class specified for parameter '_fork_r'
  142 | extern int _fork_r (struct _reent *);
      |            ^~~~~~~
/home/orion/esp/esp-idf/tools/tools/xtensa-esp32-elf/esp-12.2.0_20230208/xtensa-esp32-elf/xtensa-esp32-elf/sys-include/reent.h:143:12: error: storage class specified for parameter '_fstat_r'
  143 | extern int _fstat_r (struct _reent *, int, struct stat *);
      |            ^~~~~~~~
/home/orion/esp/esp-idf/tools/tools/xtensa-esp32-elf/esp-12.2.0_20230208/xtensa-esp32-elf/xtensa-esp32-elf/sys-include/reent.h:144:12: error: storage class specified for parameter '_getpid_r'
  144 | extern int _getpid_r (struct _reent *);
      |            ^~~~~~~~~
/home/orion/esp/esp-idf/tools/tools/xtensa-esp32-elf/esp-12.2.0_20230208/xtensa-esp32-elf/xtensa-esp32-elf/sys-include/reent.h:145:12: error: storage class specified for parameter '_isatty_r'
  145 | extern int _isatty_r (struct _reent *, int);
      |            ^~~~~~~~~
/home/orion/esp/esp-idf/tools/tools/xtensa-esp32-elf/esp-12.2.0_20230208/xtensa-esp32-elf/xtensa-esp32-elf/sys-include/reent.h:146:12: error: storage class specified for parameter '_kill_r'
  146 | extern int _kill_r (struct _reent *, int, int);
      |            ^~~~~~~
/home/orion/esp/esp-idf/tools/tools/xtensa-esp32-elf/esp-12.2.0_20230208/xtensa-esp32-elf/xtensa-esp32-elf/sys-include/reent.h:147:12: error: storage class specified for parameter '_link_r'
  147 | extern int _link_r (struct _reent *, const char *, const char *);
      |            ^~~~~~~
/home/orion/esp/esp-idf/tools/tools/xtensa-esp32-elf/esp-12.2.0_20230208/xtensa-esp32-elf/xtensa-esp32-elf/sys-include/reent.h:148:15: error: storage class specified for parameter '_lseek_r'
  148 | extern _off_t _lseek_r (struct _reent *, int, _off_t, int);
      |               ^~~~~~~~
/home/orion/esp/esp-idf/tools/tools/xtensa-esp32-elf/esp-12.2.0_20230208/xtensa-esp32-elf/xtensa-esp32-elf/sys-include/reent.h:149:12: error: storage class specified for parameter '_mkdir_r'
  149 | extern int _mkdir_r (struct _reent *, const char *, int);
      |            ^~~~~~~~
/home/orion/esp/esp-idf/tools/tools/xtensa-esp32-elf/esp-12.2.0_20230208/xtensa-esp32-elf/xtensa-esp32-elf/sys-include/reent.h:150:12: error: storage class specified for parameter '_open_r'
  150 | extern int _open_r (struct _reent *, const char *, int, int);
      |            ^~~~~~~
/home/orion/esp/esp-idf/tools/tools/xtensa-esp32-elf/esp-12.2.0_20230208/xtensa-esp32-elf/xtensa-esp32-elf/sys-include/reent.h:151:17: error: storage class specified for parameter '_read_r'
  151 | extern _ssize_t _read_r (struct _reent *, int, void *, size_t);
      |                 ^~~~~~~
/home/orion/esp/esp-idf/tools/tools/xtensa-esp32-elf/esp-12.2.0_20230208/xtensa-esp32-elf/xtensa-esp32-elf/sys-include/reent.h:152:12: error: storage class specified for parameter '_rename_r'
  152 | extern int _rename_r (struct _reent *, const char *, const char *);
      |            ^~~~~~~~~
/home/orion/esp/esp-idf/tools/tools/xtensa-esp32-elf/esp-12.2.0_20230208/xtensa-esp32-elf/xtensa-esp32-elf/sys-include/reent.h:153:14: error: storage class specified for parameter '_sbrk_r'
  153 | extern void *_sbrk_r (struct _reent *, ptrdiff_t);
      |              ^~~~~~~
/home/orion/esp/esp-idf/tools/tools/xtensa-esp32-elf/esp-12.2.0_20230208/xtensa-esp32-elf/xtensa-esp32-elf/sys-include/reent.h:154:12: error: storage class specified for parameter '_stat_r'
  154 | extern int _stat_r (struct _reent *, const char *, struct stat *);
      |            ^~~~~~~
/home/orion/esp/esp-idf/tools/tools/xtensa-esp32-elf/esp-12.2.0_20230208/xtensa-esp32-elf/xtensa-esp32-elf/sys-include/reent.h:155:18: error: storage class specified for parameter '_times_r'
  155 | extern _CLOCK_T_ _times_r (struct _reent *, struct tms *);
      |                  ^~~~~~~~
/home/orion/esp/esp-idf/tools/tools/xtensa-esp32-elf/esp-12.2.0_20230208/xtensa-esp32-elf/xtensa-esp32-elf/sys-include/reent.h:156:12: error: storage class specified for parameter '_unlink_r'
  156 | extern int _unlink_r (struct _reent *, const char *);
      |            ^~~~~~~~~
/home/orion/esp/esp-idf/tools/tools/xtensa-esp32-elf/esp-12.2.0_20230208/xtensa-esp32-elf/xtensa-esp32-elf/sys-include/reent.h:157:12: error: storage class specified for parameter '_wait_r'
  157 | extern int _wait_r (struct _reent *, int *);
      |            ^~~~~~~
/home/orion/esp/esp-idf/tools/tools/xtensa-esp32-elf/esp-12.2.0_20230208/xtensa-esp32-elf/xtensa-esp32-elf/sys-include/reent.h:158:17: error: storage class specified for parameter '_write_r'
  158 | extern _ssize_t _write_r (struct _reent *, int, const void *, size_t);
      |                 ^~~~~~~~
/home/orion/esp/esp-idf/tools/tools/xtensa-esp32-elf/esp-12.2.0_20230208/xtensa-esp32-elf/xtensa-esp32-elf/sys-include/reent.h:161:12: error: storage class specified for parameter '_gettimeofday_r'
  161 | extern int _gettimeofday_r (struct _reent *, struct timeval *__tp, void *__tzp);
      |            ^~~~~~~~~~~~~~~
/home/orion/esp/esp-idf/components/freertos/FreeRTOS-Kernel/include/freertos/FreeRTOS.h:1176:5: error: expected specifier-qualifier-list before 'TickType_t'
 1176 |     TickType_t xDummy2;
      |     ^~~~~~~~~~
/home/orion/esp/esp-idf/components/freertos/FreeRTOS-Kernel/include/freertos/FreeRTOS.h:1171:1: warning: empty declaration
 1171 | struct xSTATIC_LIST_ITEM
      | ^~~~~~
/home/orion/esp/esp-idf/components/freertos/FreeRTOS-Kernel/include/freertos/FreeRTOS.h:1182:34: error: storage class specified for parameter 'StaticListItem_t'
 1182 | typedef struct xSTATIC_LIST_ITEM StaticListItem_t;
      |                                  ^~~~~~~~~~~~~~~~
/home/orion/esp/esp-idf/components/freertos/FreeRTOS-Kernel/include/freertos/FreeRTOS.h:1190:5: error: expected specifier-qualifier-list before 'TickType_t'
 1190 |     TickType_t xDummy2;
      |     ^~~~~~~~~~
/home/orion/esp/esp-idf/components/freertos/FreeRTOS-Kernel/include/freertos/FreeRTOS.h:1185:1: warning: empty declaration
 1185 | struct xSTATIC_MINI_LIST_ITEM
      | ^~~~~~
/home/orion/esp/esp-idf/components/freertos/FreeRTOS-Kernel/include/freertos/FreeRTOS.h:1193:39: error: storage class specified for parameter 'StaticMiniListItem_t'
 1193 | typedef struct xSTATIC_MINI_LIST_ITEM StaticMiniListItem_t;
      |                                       ^~~~~~~~~~~~~~~~~~~~
/home/orion/esp/esp-idf/components/freertos/FreeRTOS-Kernel/include/freertos/FreeRTOS.h:1201:5: error: expected specifier-qualifier-list before 'UBaseType_t'
 1201 |     UBaseType_t uxDummy2;
      |     ^~~~~~~~~~~
/home/orion/esp/esp-idf/components/freertos/FreeRTOS-Kernel/include/freertos/FreeRTOS.h:1207:3: error: storage class specified for parameter 'StaticList_t'
 1207 | } StaticList_t;
      |   ^~~~~~~~~~~~
/home/orion/esp/esp-idf/components/freertos/FreeRTOS-Kernel/include/freertos/FreeRTOS.h:1228:5: error: expected specifier-qualifier-list before 'StaticListItem_t'
 1228 |     StaticListItem_t xDummy3[ 2 ];
      |     ^~~~~~~~~~~~~~~~
/home/orion/esp/esp-idf/components/freertos/FreeRTOS-Kernel/include/freertos/FreeRTOS.h:1274:3: error: storage class specified for parameter 'StaticTask_t'
 1274 | } StaticTask_t;
      |   ^~~~~~~~~~~~
/home/orion/esp/esp-idf/components/freertos/FreeRTOS-Kernel/include/freertos/FreeRTOS.h:1297:9: error: expected specifier-qualifier-list before 'UBaseType_t'
 1297 |         UBaseType_t uxDummy2;
      |         ^~~~~~~~~~~
/home/orion/esp/esp-idf/components/freertos/FreeRTOS-Kernel/include/freertos/FreeRTOS.h:1300:5: error: expected specifier-qualifier-list before 'StaticList_t'
 1300 |     StaticList_t xDummy3[ 2 ];
      |     ^~~~~~~~~~~~
/home/orion/esp/esp-idf/components/freertos/FreeRTOS-Kernel/include/freertos/FreeRTOS.h:1317:3: error: storage class specified for parameter 'StaticQueue_t'
 1317 | } StaticQueue_t;
      |   ^~~~~~~~~~~~~
/home/orion/esp/esp-idf/components/freertos/FreeRTOS-Kernel/include/freertos/FreeRTOS.h:1318:23: error: expected '=', ',', ';', 'asm' or '__attribute__' before 'StaticSemaphore_t'
 1318 | typedef StaticQueue_t StaticSemaphore_t;
      |                       ^~~~~~~~~~~~~~~~~
/home/orion/esp/esp-idf/components/freertos/FreeRTOS-Kernel/include/freertos/FreeRTOS.h:1336:5: error: expected specifier-qualifier-list before 'TickType_t'
 1336 |     TickType_t xDummy1;
      |     ^~~~~~~~~~
/home/orion/esp/esp-idf/components/freertos/FreeRTOS-Kernel/include/freertos/FreeRTOS.h:1347:3: error: storage class specified for parameter 'StaticEventGroup_t'
 1347 | } StaticEventGroup_t;
      |   ^~~~~~~~~~~~~~~~~~
/home/orion/esp/esp-idf/components/freertos/FreeRTOS-Kernel/include/freertos/FreeRTOS.h:1366:5: error: expected specifier-qualifier-list before 'StaticListItem_t'
 1366 |     StaticListItem_t xDummy2;
      |     ^~~~~~~~~~~~~~~~
/home/orion/esp/esp-idf/components/freertos/FreeRTOS-Kernel/include/freertos/FreeRTOS.h:1374:3: error: storage class specified for parameter 'StaticTimer_t'
 1374 | } StaticTimer_t;
      |   ^~~~~~~~~~~~~
/home/orion/esp/esp-idf/components/freertos/FreeRTOS-Kernel/include/freertos/FreeRTOS.h:1398:5: error: unknown type name 'portMUX_TYPE'
 1398 |     portMUX_TYPE xStreamBufferLock;
      |     ^~~~~~~~~~~~
/home/orion/esp/esp-idf/components/freertos/FreeRTOS-Kernel/include/freertos/FreeRTOS.h:1399:3: error: storage class specified for parameter 'StaticStreamBuffer_t'
 1399 | } StaticStreamBuffer_t;
      |   ^~~~~~~~~~~~~~~~~~~~
/home/orion/esp/esp-idf/components/freertos/FreeRTOS-Kernel/include/freertos/FreeRTOS.h:1402:30: error: expected '=', ',', ';', 'asm' or '__attribute__' before 'StaticMessageBuffer_t'
 1402 | typedef StaticStreamBuffer_t StaticMessageBuffer_t;
      |                              ^~~~~~~~~~~~~~~~~~~~~
/home/orion/Documents/projects/espProjects/ESP_Dice/main/main.c:10:1: error: expected '=', ',', ';', 'asm' or '__attribute__' before '{' token
   10 | {
      | ^
/home/orion/esp/esp-idf/components/freertos/FreeRTOS-Kernel/include/freertos/list.h:354:6: error: old-style parameter declarations in prototyped function definition
  354 | void vListInitialise( List_t * const pxList ) PRIVILEGED_FUNCTION;
      |      ^~~~~~~~~~~~~~~
/home/orion/Documents/projects/espProjects/ESP_Dice/main/main.c:17: error: expected '{' at end of input
cc1: some warnings being treated as errors
ninja: build stopped: subcommand failed.
